{"C:\\Users\\matig\\Desktop\\project-webowki\\forttask\\src\\middleware.ts": {"path":"C:\\Users\\matig\\Desktop\\project-webowki\\forttask\\src\\middleware.ts","all":false,"statementMap":{"0":{"start":{"line":1,"column":0},"end":{"line":1,"column":43}},"2":{"start":{"line":3,"column":0},"end":{"line":3,"column":41}},"4":{"start":{"line":5,"column":0},"end":{"line":5,"column":52}},"5":{"start":{"line":6,"column":0},"end":{"line":6,"column":66}},"7":{"start":{"line":8,"column":0},"end":{"line":8,"column":34}},"8":{"start":{"line":9,"column":0},"end":{"line":9,"column":12}},"9":{"start":{"line":10,"column":0},"end":{"line":10,"column":44}},"10":{"start":{"line":11,"column":0},"end":{"line":11,"column":7}},"12":{"start":{"line":13,"column":0},"end":{"line":13,"column":38}},"14":{"start":{"line":15,"column":0},"end":{"line":15,"column":41}},"15":{"start":{"line":16,"column":0},"end":{"line":16,"column":61}},"16":{"start":{"line":17,"column":0},"end":{"line":17,"column":88}},"17":{"start":{"line":18,"column":0},"end":{"line":18,"column":88}},"19":{"start":{"line":20,"column":0},"end":{"line":20,"column":8}},"20":{"start":{"line":21,"column":0},"end":{"line":21,"column":35}},"21":{"start":{"line":22,"column":0},"end":{"line":22,"column":32}},"22":{"start":{"line":23,"column":0},"end":{"line":23,"column":28}},"23":{"start":{"line":24,"column":0},"end":{"line":24,"column":29}},"24":{"start":{"line":25,"column":0},"end":{"line":25,"column":26}},"25":{"start":{"line":26,"column":0},"end":{"line":26,"column":7}},"26":{"start":{"line":27,"column":0},"end":{"line":27,"column":24}},"27":{"start":{"line":28,"column":0},"end":{"line":28,"column":5}},"29":{"start":{"line":30,"column":0},"end":{"line":30,"column":17}},"30":{"start":{"line":31,"column":0},"end":{"line":31,"column":52}},"31":{"start":{"line":32,"column":0},"end":{"line":32,"column":47}},"32":{"start":{"line":33,"column":0},"end":{"line":33,"column":5}},"34":{"start":{"line":35,"column":0},"end":{"line":35,"column":29}},"35":{"start":{"line":36,"column":0},"end":{"line":36,"column":81}},"36":{"start":{"line":37,"column":0},"end":{"line":37,"column":60}},"37":{"start":{"line":38,"column":0},"end":{"line":38,"column":51}},"38":{"start":{"line":39,"column":0},"end":{"line":39,"column":5}},"40":{"start":{"line":41,"column":0},"end":{"line":41,"column":20}},"41":{"start":{"line":42,"column":0},"end":{"line":42,"column":1}},"43":{"start":{"line":44,"column":0},"end":{"line":44,"column":23}},"44":{"start":{"line":45,"column":0},"end":{"line":45,"column":80}},"45":{"start":{"line":46,"column":0},"end":{"line":46,"column":2}}},"s":{"0":1,"2":1,"4":7,"5":7,"7":7,"8":7,"9":7,"10":7,"12":7,"14":7,"15":7,"16":7,"17":7,"19":7,"20":7,"21":6,"22":5,"23":4,"24":4,"25":7,"26":4,"27":4,"29":7,"30":1,"31":1,"32":1,"34":7,"35":1,"36":1,"37":1,"38":1,"40":1,"41":1,"43":1,"44":1,"45":1},"branchMap":{"0":{"type":"branch","line":5,"loc":{"start":{"line":5,"column":0},"end":{"line":42,"column":1}},"locations":[{"start":{"line":5,"column":0},"end":{"line":42,"column":1}}]},"1":{"type":"branch","line":21,"loc":{"start":{"line":21,"column":31},"end":{"line":22,"column":32}},"locations":[{"start":{"line":21,"column":31},"end":{"line":22,"column":32}}]},"2":{"type":"branch","line":22,"loc":{"start":{"line":22,"column":17},"end":{"line":23,"column":28}},"locations":[{"start":{"line":22,"column":17},"end":{"line":23,"column":28}}]},"3":{"type":"branch","line":23,"loc":{"start":{"line":23,"column":17},"end":{"line":24,"column":29}},"locations":[{"start":{"line":23,"column":17},"end":{"line":24,"column":29}}]},"4":{"type":"branch","line":24,"loc":{"start":{"line":24,"column":17},"end":{"line":25,"column":26}},"locations":[{"start":{"line":24,"column":17},"end":{"line":25,"column":26}}]},"5":{"type":"branch","line":26,"loc":{"start":{"line":26,"column":6},"end":{"line":28,"column":5}},"locations":[{"start":{"line":26,"column":6},"end":{"line":28,"column":5}}]},"6":{"type":"branch","line":28,"loc":{"start":{"line":28,"column":4},"end":{"line":30,"column":16}},"locations":[{"start":{"line":28,"column":4},"end":{"line":30,"column":16}}]},"7":{"type":"branch","line":30,"loc":{"start":{"line":30,"column":16},"end":{"line":33,"column":5}},"locations":[{"start":{"line":30,"column":16},"end":{"line":33,"column":5}}]},"8":{"type":"branch","line":33,"loc":{"start":{"line":33,"column":4},"end":{"line":35,"column":28}},"locations":[{"start":{"line":33,"column":4},"end":{"line":35,"column":28}}]},"9":{"type":"branch","line":35,"loc":{"start":{"line":35,"column":28},"end":{"line":42,"column":1}},"locations":[{"start":{"line":35,"column":28},"end":{"line":42,"column":1}}]}},"b":{"0":[7],"1":[6],"2":[5],"3":[4],"4":[4],"5":[4],"6":[3],"7":[1],"8":[2],"9":[1]},"fnMap":{"0":{"name":"middleware","decl":{"start":{"line":5,"column":0},"end":{"line":42,"column":1}},"loc":{"start":{"line":5,"column":0},"end":{"line":42,"column":1}},"line":5}},"f":{"0":7}}
,"C:\\Users\\matig\\Desktop\\project-webowki\\forttask\\src\\app\\auth.ts": {"path":"C:\\Users\\matig\\Desktop\\project-webowki\\forttask\\src\\app\\auth.ts","all":false,"statementMap":{"1":{"start":{"line":2,"column":0},"end":{"line":2,"column":66}},"2":{"start":{"line":3,"column":0},"end":{"line":3,"column":39}},"3":{"start":{"line":4,"column":0},"end":{"line":4,"column":28}},"5":{"start":{"line":6,"column":0},"end":{"line":6,"column":45}},"6":{"start":{"line":7,"column":0},"end":{"line":7,"column":16}},"7":{"start":{"line":8,"column":0},"end":{"line":8,"column":29}},"8":{"start":{"line":9,"column":0},"end":{"line":9,"column":32}},"9":{"start":{"line":10,"column":0},"end":{"line":10,"column":26}},"10":{"start":{"line":11,"column":0},"end":{"line":11,"column":68}},"11":{"start":{"line":12,"column":0},"end":{"line":12,"column":66}},"12":{"start":{"line":13,"column":0},"end":{"line":13,"column":14}},"13":{"start":{"line":14,"column":0},"end":{"line":14,"column":42}},"14":{"start":{"line":15,"column":0},"end":{"line":15,"column":71}},"15":{"start":{"line":16,"column":0},"end":{"line":16,"column":55}},"16":{"start":{"line":17,"column":0},"end":{"line":17,"column":32}},"17":{"start":{"line":18,"column":0},"end":{"line":18,"column":17}},"19":{"start":{"line":20,"column":0},"end":{"line":20,"column":21}},"20":{"start":{"line":21,"column":0},"end":{"line":21,"column":62}},"21":{"start":{"line":22,"column":0},"end":{"line":22,"column":32}},"22":{"start":{"line":23,"column":0},"end":{"line":23,"column":102}},"23":{"start":{"line":24,"column":0},"end":{"line":24,"column":26}},"24":{"start":{"line":25,"column":0},"end":{"line":25,"column":23}},"26":{"start":{"line":27,"column":0},"end":{"line":27,"column":32}},"27":{"start":{"line":28,"column":0},"end":{"line":28,"column":77}},"28":{"start":{"line":29,"column":0},"end":{"line":29,"column":36}},"29":{"start":{"line":30,"column":0},"end":{"line":30,"column":21}},"31":{"start":{"line":32,"column":0},"end":{"line":32,"column":106}},"33":{"start":{"line":34,"column":0},"end":{"line":34,"column":43}},"34":{"start":{"line":35,"column":0},"end":{"line":35,"column":83}},"35":{"start":{"line":36,"column":0},"end":{"line":36,"column":36}},"36":{"start":{"line":37,"column":0},"end":{"line":37,"column":21}},"38":{"start":{"line":39,"column":0},"end":{"line":39,"column":28}},"39":{"start":{"line":40,"column":0},"end":{"line":40,"column":47}},"40":{"start":{"line":41,"column":0},"end":{"line":41,"column":44}},"41":{"start":{"line":42,"column":0},"end":{"line":42,"column":42}},"42":{"start":{"line":43,"column":0},"end":{"line":43,"column":48}},"43":{"start":{"line":44,"column":0},"end":{"line":44,"column":74}},"44":{"start":{"line":45,"column":0},"end":{"line":45,"column":22}},"45":{"start":{"line":46,"column":0},"end":{"line":46,"column":33}},"46":{"start":{"line":47,"column":0},"end":{"line":47,"column":56}},"47":{"start":{"line":48,"column":0},"end":{"line":48,"column":32}},"48":{"start":{"line":49,"column":0},"end":{"line":49,"column":17}},"49":{"start":{"line":50,"column":0},"end":{"line":50,"column":14}},"50":{"start":{"line":51,"column":0},"end":{"line":51,"column":11}},"51":{"start":{"line":52,"column":0},"end":{"line":52,"column":6}},"52":{"start":{"line":53,"column":0},"end":{"line":53,"column":16}},"53":{"start":{"line":54,"column":0},"end":{"line":54,"column":54}},"54":{"start":{"line":55,"column":0},"end":{"line":55,"column":34}},"55":{"start":{"line":56,"column":0},"end":{"line":56,"column":29}},"56":{"start":{"line":57,"column":0},"end":{"line":57,"column":47}},"57":{"start":{"line":58,"column":0},"end":{"line":58,"column":40}},"58":{"start":{"line":59,"column":0},"end":{"line":59,"column":14}},"60":{"start":{"line":61,"column":0},"end":{"line":61,"column":23}},"61":{"start":{"line":62,"column":0},"end":{"line":62,"column":42}},"62":{"start":{"line":63,"column":0},"end":{"line":63,"column":80}},"63":{"start":{"line":64,"column":0},"end":{"line":64,"column":54}},"64":{"start":{"line":65,"column":0},"end":{"line":65,"column":13}},"66":{"start":{"line":67,"column":0},"end":{"line":67,"column":63}},"67":{"start":{"line":68,"column":0},"end":{"line":68,"column":63}},"68":{"start":{"line":69,"column":0},"end":{"line":69,"column":13}},"70":{"start":{"line":71,"column":0},"end":{"line":71,"column":96}},"71":{"start":{"line":72,"column":0},"end":{"line":72,"column":21}},"72":{"start":{"line":73,"column":0},"end":{"line":73,"column":67}},"73":{"start":{"line":74,"column":0},"end":{"line":74,"column":65}},"74":{"start":{"line":75,"column":0},"end":{"line":75,"column":54}},"75":{"start":{"line":76,"column":0},"end":{"line":76,"column":23}},"77":{"start":{"line":78,"column":0},"end":{"line":78,"column":48}},"78":{"start":{"line":79,"column":0},"end":{"line":79,"column":83}},"79":{"start":{"line":80,"column":0},"end":{"line":80,"column":21}},"80":{"start":{"line":81,"column":0},"end":{"line":81,"column":33}},"81":{"start":{"line":82,"column":0},"end":{"line":82,"column":75}},"82":{"start":{"line":83,"column":0},"end":{"line":83,"column":17}},"83":{"start":{"line":84,"column":0},"end":{"line":84,"column":13}},"85":{"start":{"line":86,"column":0},"end":{"line":86,"column":36}},"86":{"start":{"line":87,"column":0},"end":{"line":87,"column":59}},"87":{"start":{"line":88,"column":0},"end":{"line":88,"column":13}},"88":{"start":{"line":89,"column":0},"end":{"line":89,"column":32}},"89":{"start":{"line":90,"column":0},"end":{"line":90,"column":10}},"91":{"start":{"line":92,"column":0},"end":{"line":92,"column":43}},"92":{"start":{"line":93,"column":0},"end":{"line":93,"column":36}},"93":{"start":{"line":94,"column":0},"end":{"line":94,"column":23}},"94":{"start":{"line":95,"column":0},"end":{"line":95,"column":43}},"95":{"start":{"line":96,"column":0},"end":{"line":96,"column":33}},"96":{"start":{"line":97,"column":0},"end":{"line":97,"column":67}},"97":{"start":{"line":98,"column":0},"end":{"line":98,"column":18}},"98":{"start":{"line":99,"column":0},"end":{"line":99,"column":41}},"99":{"start":{"line":100,"column":0},"end":{"line":100,"column":14}},"101":{"start":{"line":102,"column":0},"end":{"line":102,"column":34}},"102":{"start":{"line":103,"column":0},"end":{"line":103,"column":21}},"103":{"start":{"line":104,"column":0},"end":{"line":104,"column":63}},"104":{"start":{"line":105,"column":0},"end":{"line":105,"column":68}},"105":{"start":{"line":106,"column":0},"end":{"line":106,"column":50}},"106":{"start":{"line":107,"column":0},"end":{"line":107,"column":23}},"107":{"start":{"line":108,"column":0},"end":{"line":108,"column":72}},"108":{"start":{"line":109,"column":0},"end":{"line":109,"column":33}},"109":{"start":{"line":110,"column":0},"end":{"line":110,"column":69}},"110":{"start":{"line":111,"column":0},"end":{"line":111,"column":17}},"111":{"start":{"line":112,"column":0},"end":{"line":112,"column":20}},"112":{"start":{"line":113,"column":0},"end":{"line":113,"column":72}},"113":{"start":{"line":114,"column":0},"end":{"line":114,"column":13}},"115":{"start":{"line":116,"column":0},"end":{"line":116,"column":57}},"116":{"start":{"line":117,"column":0},"end":{"line":117,"column":65}},"117":{"start":{"line":118,"column":0},"end":{"line":118,"column":13}},"118":{"start":{"line":119,"column":0},"end":{"line":119,"column":34}},"119":{"start":{"line":120,"column":0},"end":{"line":120,"column":10}},"120":{"start":{"line":121,"column":0},"end":{"line":121,"column":6}},"121":{"start":{"line":122,"column":0},"end":{"line":122,"column":50}},"122":{"start":{"line":123,"column":0},"end":{"line":123,"column":40}},"123":{"start":{"line":124,"column":0},"end":{"line":124,"column":14}},"124":{"start":{"line":125,"column":0},"end":{"line":125,"column":24}},"125":{"start":{"line":126,"column":0},"end":{"line":126,"column":45}},"126":{"start":{"line":127,"column":0},"end":{"line":127,"column":6}},"127":{"start":{"line":128,"column":0},"end":{"line":128,"column":12}},"128":{"start":{"line":129,"column":0},"end":{"line":129,"column":25}},"129":{"start":{"line":130,"column":0},"end":{"line":130,"column":6}},"130":{"start":{"line":131,"column":0},"end":{"line":131,"column":2}}},"s":{"1":1,"2":1,"3":1,"5":1,"6":1,"7":1,"8":1,"9":1,"10":1,"11":1,"12":1,"13":1,"14":0,"15":0,"16":0,"17":0,"19":0,"20":0,"21":0,"22":0,"23":0,"24":0,"26":0,"27":0,"28":0,"29":0,"31":0,"33":0,"34":0,"35":0,"36":0,"38":0,"39":0,"40":0,"41":0,"42":0,"43":0,"44":0,"45":0,"46":0,"47":0,"48":0,"49":0,"50":1,"51":1,"52":1,"53":1,"54":0,"55":0,"56":0,"57":0,"58":0,"60":0,"61":0,"62":0,"63":0,"64":0,"66":0,"67":0,"68":0,"70":0,"71":0,"72":0,"73":0,"74":0,"75":0,"77":0,"78":0,"79":0,"80":0,"81":0,"82":0,"83":0,"85":0,"86":0,"87":0,"88":0,"89":0,"91":1,"92":0,"93":0,"94":0,"95":0,"96":0,"97":0,"98":0,"99":0,"101":0,"102":0,"103":0,"104":0,"105":0,"106":0,"107":0,"108":0,"109":0,"110":0,"111":0,"112":0,"113":0,"115":0,"116":0,"117":0,"118":0,"119":0,"120":1,"121":1,"122":1,"123":1,"124":1,"125":1,"126":1,"127":1,"128":1,"129":1,"130":1},"branchMap":{},"b":{},"fnMap":{"0":{"name":"authorize","decl":{"start":{"line":14,"column":12},"end":{"line":50,"column":14}},"loc":{"start":{"line":14,"column":12},"end":{"line":50,"column":14}},"line":14},"1":{"name":"jwt","decl":{"start":{"line":54,"column":8},"end":{"line":90,"column":10}},"loc":{"start":{"line":54,"column":8},"end":{"line":90,"column":10}},"line":54},"2":{"name":"session","decl":{"start":{"line":92,"column":8},"end":{"line":120,"column":10}},"loc":{"start":{"line":92,"column":8},"end":{"line":120,"column":10}},"line":92}},"f":{"0":0,"1":0,"2":0}}
,"C:\\Users\\matig\\Desktop\\project-webowki\\forttask\\src\\app\\layout.tsx": {"path":"C:\\Users\\matig\\Desktop\\project-webowki\\forttask\\src\\app\\layout.tsx","all":true,"statementMap":{"1":{"start":{"line":2,"column":0},"end":{"line":2,"column":23}},"2":{"start":{"line":3,"column":0},"end":{"line":3,"column":41}},"3":{"start":{"line":4,"column":0},"end":{"line":4,"column":86}},"5":{"start":{"line":6,"column":0},"end":{"line":6,"column":21}},"6":{"start":{"line":7,"column":0},"end":{"line":7,"column":23}},"7":{"start":{"line":8,"column":0},"end":{"line":8,"column":3}},"9":{"start":{"line":10,"column":0},"end":{"line":10,"column":35}},"10":{"start":{"line":11,"column":0},"end":{"line":11,"column":22}},"11":{"start":{"line":12,"column":0},"end":{"line":12,"column":34}},"12":{"start":{"line":13,"column":0},"end":{"line":13,"column":2}},"14":{"start":{"line":15,"column":0},"end":{"line":15,"column":36}},"15":{"start":{"line":16,"column":0},"end":{"line":16,"column":13}},"16":{"start":{"line":17,"column":0},"end":{"line":17,"column":13}},"18":{"start":{"line":19,"column":0},"end":{"line":19,"column":5}},"19":{"start":{"line":20,"column":0},"end":{"line":20,"column":12}},"20":{"start":{"line":21,"column":0},"end":{"line":21,"column":52}},"21":{"start":{"line":22,"column":0},"end":{"line":22,"column":109}},"22":{"start":{"line":23,"column":0},"end":{"line":23,"column":75}},"23":{"start":{"line":24,"column":0},"end":{"line":24,"column":19}},"24":{"start":{"line":25,"column":0},"end":{"line":25,"column":15}},"26":{"start":{"line":27,"column":0},"end":{"line":27,"column":1}}},"s":{"1":0,"2":0,"3":0,"5":0,"6":0,"7":0,"9":0,"10":0,"11":0,"12":0,"14":0,"15":0,"16":0,"18":0,"19":0,"20":0,"21":0,"22":0,"23":0,"24":0,"26":0},"branchMap":{"0":{"type":"branch","line":1,"loc":{"start":{"line":1,"column":765},"end":{"line":27,"column":1}},"locations":[{"start":{"line":1,"column":765},"end":{"line":27,"column":1}}]}},"b":{"0":[1]},"fnMap":{"0":{"name":"(empty-report)","decl":{"start":{"line":1,"column":765},"end":{"line":27,"column":1}},"loc":{"start":{"line":1,"column":765},"end":{"line":27,"column":1}},"line":1}},"f":{"0":1}}
,"C:\\Users\\matig\\Desktop\\project-webowki\\forttask\\src\\app\\(app)\\layout.tsx": {"path":"C:\\Users\\matig\\Desktop\\project-webowki\\forttask\\src\\app\\(app)\\layout.tsx","all":true,"statementMap":{"0":{"start":{"line":1,"column":0},"end":{"line":1,"column":51}},"1":{"start":{"line":2,"column":0},"end":{"line":2,"column":51}},"3":{"start":{"line":4,"column":0},"end":{"line":4,"column":36}},"4":{"start":{"line":5,"column":0},"end":{"line":5,"column":13}},"5":{"start":{"line":6,"column":0},"end":{"line":6,"column":13}},"7":{"start":{"line":8,"column":0},"end":{"line":8,"column":5}},"8":{"start":{"line":9,"column":0},"end":{"line":9,"column":12}},"9":{"start":{"line":10,"column":0},"end":{"line":10,"column":10}},"10":{"start":{"line":11,"column":0},"end":{"line":11,"column":22}},"11":{"start":{"line":12,"column":0},"end":{"line":12,"column":22}},"12":{"start":{"line":13,"column":0},"end":{"line":13,"column":22}},"13":{"start":{"line":14,"column":0},"end":{"line":14,"column":11}},"15":{"start":{"line":16,"column":0},"end":{"line":16,"column":1}}},"s":{"0":0,"1":0,"3":0,"4":0,"5":0,"7":0,"8":0,"9":0,"10":0,"11":0,"12":0,"13":0,"15":0},"branchMap":{"0":{"type":"branch","line":1,"loc":{"start":{"line":1,"column":335},"end":{"line":16,"column":1}},"locations":[{"start":{"line":1,"column":335},"end":{"line":16,"column":1}}]}},"b":{"0":[0]},"fnMap":{"0":{"name":"(empty-report)","decl":{"start":{"line":1,"column":335},"end":{"line":16,"column":1}},"loc":{"start":{"line":1,"column":335},"end":{"line":16,"column":1}},"line":1}},"f":{"0":0}}
,"C:\\Users\\matig\\Desktop\\project-webowki\\forttask\\src\\app\\(app)\\page.tsx": {"path":"C:\\Users\\matig\\Desktop\\project-webowki\\forttask\\src\\app\\(app)\\page.tsx","all":false,"statementMap":{"1":{"start":{"line":2,"column":0},"end":{"line":2,"column":61}},"2":{"start":{"line":3,"column":0},"end":{"line":3,"column":55}},"3":{"start":{"line":4,"column":0},"end":{"line":4,"column":44}},"4":{"start":{"line":5,"column":0},"end":{"line":5,"column":41}},"6":{"start":{"line":7,"column":0},"end":{"line":7,"column":37}},"7":{"start":{"line":8,"column":0},"end":{"line":8,"column":65}},"8":{"start":{"line":9,"column":0},"end":{"line":9,"column":72}},"10":{"start":{"line":11,"column":0},"end":{"line":11,"column":119}},"11":{"start":{"line":12,"column":0},"end":{"line":12,"column":20}},"13":{"start":{"line":14,"column":0},"end":{"line":14,"column":21}},"14":{"start":{"line":15,"column":0},"end":{"line":15,"column":46}},"15":{"start":{"line":16,"column":0},"end":{"line":16,"column":17}},"16":{"start":{"line":17,"column":0},"end":{"line":17,"column":62}},"17":{"start":{"line":18,"column":0},"end":{"line":18,"column":34}},"18":{"start":{"line":19,"column":0},"end":{"line":19,"column":55}},"19":{"start":{"line":20,"column":0},"end":{"line":20,"column":53}},"20":{"start":{"line":21,"column":0},"end":{"line":21,"column":24}},"21":{"start":{"line":22,"column":0},"end":{"line":22,"column":94}},"22":{"start":{"line":23,"column":0},"end":{"line":23,"column":17}},"23":{"start":{"line":24,"column":0},"end":{"line":24,"column":29}},"24":{"start":{"line":25,"column":0},"end":{"line":25,"column":69}},"25":{"start":{"line":26,"column":0},"end":{"line":26,"column":13}},"26":{"start":{"line":27,"column":0},"end":{"line":27,"column":10}},"28":{"start":{"line":29,"column":0},"end":{"line":29,"column":27}},"29":{"start":{"line":30,"column":0},"end":{"line":30,"column":11}},"31":{"start":{"line":32,"column":0},"end":{"line":32,"column":21}},"32":{"start":{"line":33,"column":0},"end":{"line":33,"column":33}},"34":{"start":{"line":35,"column":0},"end":{"line":35,"column":26}},"35":{"start":{"line":36,"column":0},"end":{"line":36,"column":50}},"36":{"start":{"line":37,"column":0},"end":{"line":37,"column":9}},"38":{"start":{"line":39,"column":0},"end":{"line":39,"column":22}},"39":{"start":{"line":40,"column":0},"end":{"line":40,"column":30}},"40":{"start":{"line":41,"column":0},"end":{"line":41,"column":55}},"41":{"start":{"line":42,"column":0},"end":{"line":42,"column":13}},"42":{"start":{"line":43,"column":0},"end":{"line":43,"column":10}},"43":{"start":{"line":44,"column":0},"end":{"line":44,"column":35}},"45":{"start":{"line":46,"column":0},"end":{"line":46,"column":42}},"46":{"start":{"line":47,"column":0},"end":{"line":47,"column":36}},"47":{"start":{"line":48,"column":0},"end":{"line":48,"column":34}},"48":{"start":{"line":49,"column":0},"end":{"line":49,"column":9}},"49":{"start":{"line":50,"column":0},"end":{"line":50,"column":6}},"51":{"start":{"line":52,"column":0},"end":{"line":52,"column":12}},"52":{"start":{"line":53,"column":0},"end":{"line":53,"column":97}},"53":{"start":{"line":54,"column":0},"end":{"line":54,"column":36}},"54":{"start":{"line":55,"column":0},"end":{"line":55,"column":99}},"55":{"start":{"line":56,"column":0},"end":{"line":56,"column":18}},"56":{"start":{"line":57,"column":0},"end":{"line":57,"column":61}},"57":{"start":{"line":58,"column":0},"end":{"line":58,"column":82}},"58":{"start":{"line":59,"column":0},"end":{"line":59,"column":127}},"59":{"start":{"line":60,"column":0},"end":{"line":60,"column":29}},"60":{"start":{"line":61,"column":0},"end":{"line":61,"column":51}},"61":{"start":{"line":62,"column":0},"end":{"line":62,"column":77}},"62":{"start":{"line":63,"column":0},"end":{"line":63,"column":54}},"63":{"start":{"line":64,"column":0},"end":{"line":64,"column":55}},"64":{"start":{"line":65,"column":0},"end":{"line":65,"column":51}},"65":{"start":{"line":66,"column":0},"end":{"line":66,"column":26}},"66":{"start":{"line":67,"column":0},"end":{"line":67,"column":29}},"67":{"start":{"line":68,"column":0},"end":{"line":68,"column":42}},"68":{"start":{"line":69,"column":0},"end":{"line":69,"column":65}},"69":{"start":{"line":70,"column":0},"end":{"line":70,"column":54}},"70":{"start":{"line":71,"column":0},"end":{"line":71,"column":55}},"71":{"start":{"line":72,"column":0},"end":{"line":72,"column":51}},"72":{"start":{"line":73,"column":0},"end":{"line":73,"column":26}},"73":{"start":{"line":74,"column":0},"end":{"line":74,"column":29}},"74":{"start":{"line":75,"column":0},"end":{"line":75,"column":50}},"75":{"start":{"line":76,"column":0},"end":{"line":76,"column":76}},"76":{"start":{"line":77,"column":0},"end":{"line":77,"column":53}},"77":{"start":{"line":78,"column":0},"end":{"line":78,"column":55}},"78":{"start":{"line":79,"column":0},"end":{"line":79,"column":50}},"79":{"start":{"line":80,"column":0},"end":{"line":80,"column":26}},"80":{"start":{"line":81,"column":0},"end":{"line":81,"column":26}},"81":{"start":{"line":82,"column":0},"end":{"line":82,"column":119}},"82":{"start":{"line":83,"column":0},"end":{"line":83,"column":29}},"83":{"start":{"line":84,"column":0},"end":{"line":84,"column":49}},"84":{"start":{"line":85,"column":0},"end":{"line":85,"column":70}},"85":{"start":{"line":86,"column":0},"end":{"line":86,"column":56}},"86":{"start":{"line":87,"column":0},"end":{"line":87,"column":55}},"87":{"start":{"line":88,"column":0},"end":{"line":88,"column":53}},"88":{"start":{"line":89,"column":0},"end":{"line":89,"column":26}},"89":{"start":{"line":90,"column":0},"end":{"line":90,"column":78}},"90":{"start":{"line":91,"column":0},"end":{"line":91,"column":91}},"91":{"start":{"line":92,"column":0},"end":{"line":92,"column":30}},"92":{"start":{"line":93,"column":0},"end":{"line":93,"column":26}},"93":{"start":{"line":94,"column":0},"end":{"line":94,"column":22}},"94":{"start":{"line":95,"column":0},"end":{"line":95,"column":19}},"95":{"start":{"line":96,"column":0},"end":{"line":96,"column":14}},"97":{"start":{"line":98,"column":0},"end":{"line":98,"column":1}}},"s":{"1":1,"2":1,"3":1,"4":1,"6":13,"7":13,"8":13,"10":13,"11":13,"13":13,"14":7,"15":7,"16":7,"17":7,"18":5,"19":5,"20":7,"21":1,"22":1,"23":7,"24":1,"25":1,"26":7,"28":7,"29":13,"31":13,"32":12,"34":12,"35":5,"36":5,"38":12,"39":12,"40":5,"41":5,"42":12,"43":13,"45":13,"46":1,"47":1,"48":1,"49":1,"51":13,"52":13,"53":13,"54":13,"55":13,"56":13,"57":13,"58":13,"59":13,"60":13,"61":13,"62":13,"63":13,"64":13,"65":13,"66":13,"67":13,"68":13,"69":13,"70":13,"71":13,"72":13,"73":13,"74":13,"75":13,"76":13,"77":13,"78":13,"79":13,"80":13,"81":13,"82":13,"83":13,"84":13,"85":13,"86":13,"87":13,"88":13,"89":13,"90":13,"91":13,"92":13,"93":13,"94":13,"95":13,"97":13},"branchMap":{"0":{"type":"branch","line":7,"loc":{"start":{"line":7,"column":0},"end":{"line":98,"column":1}},"locations":[{"start":{"line":7,"column":0},"end":{"line":98,"column":1}}]},"1":{"type":"branch","line":14,"loc":{"start":{"line":14,"column":14},"end":{"line":30,"column":7}},"locations":[{"start":{"line":14,"column":14},"end":{"line":30,"column":7}}]},"2":{"type":"branch","line":15,"loc":{"start":{"line":15,"column":33},"end":{"line":27,"column":10}},"locations":[{"start":{"line":15,"column":33},"end":{"line":27,"column":10}}]},"3":{"type":"branch","line":17,"loc":{"start":{"line":17,"column":60},"end":{"line":18,"column":33}},"locations":[{"start":{"line":17,"column":60},"end":{"line":18,"column":33}}]},"4":{"type":"branch","line":18,"loc":{"start":{"line":18,"column":33},"end":{"line":21,"column":23}},"locations":[{"start":{"line":18,"column":33},"end":{"line":21,"column":23}}]},"5":{"type":"branch","line":21,"loc":{"start":{"line":21,"column":16},"end":{"line":23,"column":17}},"locations":[{"start":{"line":21,"column":16},"end":{"line":23,"column":17}}]},"6":{"type":"branch","line":24,"loc":{"start":{"line":24,"column":12},"end":{"line":26,"column":13}},"locations":[{"start":{"line":24,"column":12},"end":{"line":26,"column":13}}]},"7":{"type":"branch","line":32,"loc":{"start":{"line":32,"column":14},"end":{"line":44,"column":7}},"locations":[{"start":{"line":32,"column":14},"end":{"line":44,"column":7}}]},"8":{"type":"branch","line":33,"loc":{"start":{"line":33,"column":26},"end":{"line":33,"column":33}},"locations":[{"start":{"line":33,"column":26},"end":{"line":33,"column":33}}]},"9":{"type":"branch","line":35,"loc":{"start":{"line":35,"column":25},"end":{"line":37,"column":9}},"locations":[{"start":{"line":35,"column":25},"end":{"line":37,"column":9}}]},"10":{"type":"branch","line":39,"loc":{"start":{"line":39,"column":15},"end":{"line":43,"column":10}},"locations":[{"start":{"line":39,"column":15},"end":{"line":43,"column":10}}]},"11":{"type":"branch","line":40,"loc":{"start":{"line":40,"column":29},"end":{"line":42,"column":13}},"locations":[{"start":{"line":40,"column":29},"end":{"line":42,"column":13}}]},"12":{"type":"branch","line":46,"loc":{"start":{"line":46,"column":25},"end":{"line":50,"column":6}},"locations":[{"start":{"line":46,"column":25},"end":{"line":50,"column":6}}]}},"b":{"0":[13],"1":[7],"2":[7],"3":[6],"4":[5],"5":[1],"6":[1],"7":[12],"8":[0],"9":[5],"10":[12],"11":[5],"12":[1]},"fnMap":{"0":{"name":"Dashboard","decl":{"start":{"line":7,"column":0},"end":{"line":98,"column":1}},"loc":{"start":{"line":7,"column":0},"end":{"line":98,"column":1}},"line":7},"1":{"name":"fetchHouseholdId","decl":{"start":{"line":15,"column":33},"end":{"line":27,"column":10}},"loc":{"start":{"line":15,"column":33},"end":{"line":27,"column":10}},"line":15},"2":{"name":"handleChange","decl":{"start":{"line":46,"column":25},"end":{"line":50,"column":6}},"loc":{"start":{"line":46,"column":25},"end":{"line":50,"column":6}},"line":46}},"f":{"0":13,"1":7,"2":1}}
,"C:\\Users\\matig\\Desktop\\project-webowki\\forttask\\src\\app\\(app)\\bills\\page.tsx": {"path":"C:\\Users\\matig\\Desktop\\project-webowki\\forttask\\src\\app\\(app)\\bills\\page.tsx","all":false,"statementMap":{"2":{"start":{"line":3,"column":0},"end":{"line":3,"column":41}},"3":{"start":{"line":4,"column":0},"end":{"line":4,"column":59}},"4":{"start":{"line":5,"column":0},"end":{"line":5,"column":59}},"5":{"start":{"line":6,"column":0},"end":{"line":6,"column":31}},"6":{"start":{"line":7,"column":0},"end":{"line":7,"column":41}},"7":{"start":{"line":8,"column":0},"end":{"line":8,"column":44}},"9":{"start":{"line":10,"column":0},"end":{"line":10,"column":33}},"10":{"start":{"line":11,"column":0},"end":{"line":11,"column":66}},"11":{"start":{"line":12,"column":0},"end":{"line":12,"column":78}},"12":{"start":{"line":13,"column":0},"end":{"line":13,"column":55}},"13":{"start":{"line":14,"column":0},"end":{"line":14,"column":64}},"14":{"start":{"line":15,"column":0},"end":{"line":15,"column":69}},"15":{"start":{"line":16,"column":0},"end":{"line":16,"column":75}},"16":{"start":{"line":17,"column":0},"end":{"line":17,"column":84}},"17":{"start":{"line":18,"column":0},"end":{"line":18,"column":69}},"18":{"start":{"line":19,"column":0},"end":{"line":19,"column":66}},"19":{"start":{"line":20,"column":0},"end":{"line":20,"column":65}},"21":{"start":{"line":22,"column":0},"end":{"line":22,"column":54}},"22":{"start":{"line":23,"column":0},"end":{"line":23,"column":31}},"24":{"start":{"line":25,"column":0},"end":{"line":25,"column":51}},"25":{"start":{"line":26,"column":0},"end":{"line":26,"column":25}},"26":{"start":{"line":27,"column":0},"end":{"line":27,"column":6}},"28":{"start":{"line":29,"column":0},"end":{"line":29,"column":78}},"29":{"start":{"line":30,"column":0},"end":{"line":30,"column":97}},"31":{"start":{"line":32,"column":0},"end":{"line":32,"column":21}},"32":{"start":{"line":33,"column":0},"end":{"line":33,"column":46}},"33":{"start":{"line":34,"column":0},"end":{"line":34,"column":17}},"34":{"start":{"line":35,"column":0},"end":{"line":35,"column":62}},"35":{"start":{"line":36,"column":0},"end":{"line":36,"column":34}},"36":{"start":{"line":37,"column":0},"end":{"line":37,"column":55}},"37":{"start":{"line":38,"column":0},"end":{"line":38,"column":53}},"38":{"start":{"line":39,"column":0},"end":{"line":39,"column":24}},"39":{"start":{"line":40,"column":0},"end":{"line":40,"column":94}},"40":{"start":{"line":41,"column":0},"end":{"line":41,"column":17}},"41":{"start":{"line":42,"column":0},"end":{"line":42,"column":29}},"42":{"start":{"line":43,"column":0},"end":{"line":43,"column":69}},"43":{"start":{"line":44,"column":0},"end":{"line":44,"column":13}},"44":{"start":{"line":45,"column":0},"end":{"line":45,"column":10}},"46":{"start":{"line":47,"column":0},"end":{"line":47,"column":27}},"47":{"start":{"line":48,"column":0},"end":{"line":48,"column":11}},"49":{"start":{"line":50,"column":0},"end":{"line":50,"column":21}},"50":{"start":{"line":51,"column":0},"end":{"line":51,"column":33}},"52":{"start":{"line":53,"column":0},"end":{"line":53,"column":26}},"53":{"start":{"line":54,"column":0},"end":{"line":54,"column":50}},"54":{"start":{"line":55,"column":0},"end":{"line":55,"column":9}},"56":{"start":{"line":57,"column":0},"end":{"line":57,"column":22}},"57":{"start":{"line":58,"column":0},"end":{"line":58,"column":30}},"58":{"start":{"line":59,"column":0},"end":{"line":59,"column":55}},"59":{"start":{"line":60,"column":0},"end":{"line":60,"column":13}},"60":{"start":{"line":61,"column":0},"end":{"line":61,"column":10}},"61":{"start":{"line":62,"column":0},"end":{"line":62,"column":35}},"63":{"start":{"line":64,"column":0},"end":{"line":64,"column":21}},"64":{"start":{"line":65,"column":0},"end":{"line":65,"column":19}},"65":{"start":{"line":66,"column":0},"end":{"line":66,"column":31}},"66":{"start":{"line":67,"column":0},"end":{"line":67,"column":29}},"67":{"start":{"line":68,"column":0},"end":{"line":68,"column":23}},"69":{"start":{"line":70,"column":0},"end":{"line":70,"column":27}},"70":{"start":{"line":71,"column":0},"end":{"line":71,"column":22}},"71":{"start":{"line":72,"column":0},"end":{"line":72,"column":24}},"72":{"start":{"line":73,"column":0},"end":{"line":73,"column":26}},"73":{"start":{"line":74,"column":0},"end":{"line":74,"column":32}},"74":{"start":{"line":75,"column":0},"end":{"line":75,"column":36}},"75":{"start":{"line":76,"column":0},"end":{"line":76,"column":31}},"76":{"start":{"line":77,"column":0},"end":{"line":77,"column":34}},"77":{"start":{"line":78,"column":0},"end":{"line":78,"column":30}},"78":{"start":{"line":79,"column":0},"end":{"line":79,"column":9}},"79":{"start":{"line":80,"column":0},"end":{"line":80,"column":18}},"81":{"start":{"line":82,"column":0},"end":{"line":82,"column":67}},"82":{"start":{"line":83,"column":0},"end":{"line":83,"column":69}},"83":{"start":{"line":84,"column":0},"end":{"line":84,"column":44}},"84":{"start":{"line":85,"column":0},"end":{"line":85,"column":29}},"85":{"start":{"line":86,"column":0},"end":{"line":86,"column":28}},"86":{"start":{"line":87,"column":0},"end":{"line":87,"column":29}},"87":{"start":{"line":88,"column":0},"end":{"line":88,"column":29}},"88":{"start":{"line":89,"column":0},"end":{"line":89,"column":50}},"89":{"start":{"line":90,"column":0},"end":{"line":90,"column":66}},"90":{"start":{"line":91,"column":0},"end":{"line":91,"column":28}},"91":{"start":{"line":92,"column":0},"end":{"line":92,"column":96}},"92":{"start":{"line":93,"column":0},"end":{"line":93,"column":24}},"93":{"start":{"line":94,"column":0},"end":{"line":94,"column":60}},"94":{"start":{"line":95,"column":0},"end":{"line":95,"column":13}},"95":{"start":{"line":96,"column":0},"end":{"line":96,"column":9}},"97":{"start":{"line":98,"column":0},"end":{"line":98,"column":27}},"98":{"start":{"line":99,"column":0},"end":{"line":99,"column":23}},"99":{"start":{"line":100,"column":0},"end":{"line":100,"column":46}},"100":{"start":{"line":101,"column":0},"end":{"line":101,"column":50}},"101":{"start":{"line":102,"column":0},"end":{"line":102,"column":19}},"102":{"start":{"line":103,"column":0},"end":{"line":103,"column":9}},"103":{"start":{"line":104,"column":0},"end":{"line":104,"column":24}},"104":{"start":{"line":105,"column":0},"end":{"line":105,"column":52}},"105":{"start":{"line":106,"column":0},"end":{"line":106,"column":19}},"106":{"start":{"line":107,"column":0},"end":{"line":107,"column":9}},"107":{"start":{"line":108,"column":0},"end":{"line":108,"column":30}},"108":{"start":{"line":109,"column":0},"end":{"line":109,"column":64}},"109":{"start":{"line":110,"column":0},"end":{"line":110,"column":19}},"110":{"start":{"line":111,"column":0},"end":{"line":111,"column":9}},"111":{"start":{"line":112,"column":0},"end":{"line":112,"column":39}},"112":{"start":{"line":113,"column":0},"end":{"line":113,"column":69}},"113":{"start":{"line":114,"column":0},"end":{"line":114,"column":19}},"114":{"start":{"line":115,"column":0},"end":{"line":115,"column":9}},"116":{"start":{"line":117,"column":0},"end":{"line":117,"column":88}},"118":{"start":{"line":119,"column":0},"end":{"line":119,"column":26}},"119":{"start":{"line":120,"column":0},"end":{"line":120,"column":17}},"120":{"start":{"line":121,"column":0},"end":{"line":121,"column":25}},"121":{"start":{"line":122,"column":0},"end":{"line":122,"column":18}},"122":{"start":{"line":123,"column":0},"end":{"line":123,"column":48}},"123":{"start":{"line":124,"column":0},"end":{"line":124,"column":24}},"124":{"start":{"line":125,"column":0},"end":{"line":125,"column":10}},"126":{"start":{"line":127,"column":0},"end":{"line":127,"column":28}},"127":{"start":{"line":128,"column":0},"end":{"line":128,"column":27}},"128":{"start":{"line":129,"column":0},"end":{"line":129,"column":22}},"129":{"start":{"line":130,"column":0},"end":{"line":130,"column":51}},"130":{"start":{"line":131,"column":0},"end":{"line":131,"column":14}},"131":{"start":{"line":132,"column":0},"end":{"line":132,"column":43}},"132":{"start":{"line":133,"column":0},"end":{"line":133,"column":10}},"133":{"start":{"line":134,"column":0},"end":{"line":134,"column":28}},"134":{"start":{"line":135,"column":0},"end":{"line":135,"column":30}},"135":{"start":{"line":136,"column":0},"end":{"line":136,"column":61}},"136":{"start":{"line":137,"column":0},"end":{"line":137,"column":17}},"137":{"start":{"line":138,"column":0},"end":{"line":138,"column":34}},"138":{"start":{"line":139,"column":0},"end":{"line":139,"column":14}},"139":{"start":{"line":140,"column":0},"end":{"line":140,"column":25}},"140":{"start":{"line":141,"column":0},"end":{"line":141,"column":34}},"141":{"start":{"line":142,"column":0},"end":{"line":142,"column":53}},"142":{"start":{"line":143,"column":0},"end":{"line":143,"column":17}},"143":{"start":{"line":144,"column":0},"end":{"line":144,"column":14}},"144":{"start":{"line":145,"column":0},"end":{"line":145,"column":31}},"145":{"start":{"line":146,"column":0},"end":{"line":146,"column":37}},"146":{"start":{"line":147,"column":0},"end":{"line":147,"column":50}},"147":{"start":{"line":148,"column":0},"end":{"line":148,"column":15}},"148":{"start":{"line":149,"column":0},"end":{"line":149,"column":6}},"150":{"start":{"line":151,"column":0},"end":{"line":151,"column":38}},"151":{"start":{"line":152,"column":0},"end":{"line":152,"column":39}},"152":{"start":{"line":153,"column":0},"end":{"line":153,"column":6}},"154":{"start":{"line":155,"column":0},"end":{"line":155,"column":46}},"155":{"start":{"line":156,"column":0},"end":{"line":156,"column":30}},"156":{"start":{"line":157,"column":0},"end":{"line":157,"column":6}},"158":{"start":{"line":159,"column":0},"end":{"line":159,"column":31}},"159":{"start":{"line":160,"column":0},"end":{"line":160,"column":20}},"160":{"start":{"line":161,"column":0},"end":{"line":161,"column":22}},"161":{"start":{"line":162,"column":0},"end":{"line":162,"column":28}},"162":{"start":{"line":163,"column":0},"end":{"line":163,"column":32}},"163":{"start":{"line":164,"column":0},"end":{"line":164,"column":27}},"164":{"start":{"line":165,"column":0},"end":{"line":165,"column":30}},"165":{"start":{"line":166,"column":0},"end":{"line":166,"column":23}},"166":{"start":{"line":167,"column":0},"end":{"line":167,"column":31}},"167":{"start":{"line":168,"column":0},"end":{"line":168,"column":6}},"169":{"start":{"line":170,"column":0},"end":{"line":170,"column":12}},"170":{"start":{"line":171,"column":0},"end":{"line":171,"column":10}},"171":{"start":{"line":172,"column":0},"end":{"line":172,"column":86}},"172":{"start":{"line":173,"column":0},"end":{"line":173,"column":21}},"173":{"start":{"line":174,"column":0},"end":{"line":174,"column":43}},"174":{"start":{"line":175,"column":0},"end":{"line":175,"column":41}},"175":{"start":{"line":176,"column":0},"end":{"line":176,"column":38}},"176":{"start":{"line":177,"column":0},"end":{"line":177,"column":37}},"177":{"start":{"line":178,"column":0},"end":{"line":178,"column":35}},"178":{"start":{"line":179,"column":0},"end":{"line":179,"column":146}},"180":{"start":{"line":181,"column":0},"end":{"line":181,"column":88}},"181":{"start":{"line":182,"column":0},"end":{"line":182,"column":98}},"182":{"start":{"line":183,"column":0},"end":{"line":183,"column":101}},"183":{"start":{"line":184,"column":0},"end":{"line":184,"column":26}},"184":{"start":{"line":185,"column":0},"end":{"line":185,"column":90}},"185":{"start":{"line":186,"column":0},"end":{"line":186,"column":103}},"186":{"start":{"line":187,"column":0},"end":{"line":187,"column":88}},"188":{"start":{"line":189,"column":0},"end":{"line":189,"column":36}},"189":{"start":{"line":190,"column":0},"end":{"line":190,"column":34}},"190":{"start":{"line":191,"column":0},"end":{"line":191,"column":44}},"191":{"start":{"line":192,"column":0},"end":{"line":192,"column":73}},"192":{"start":{"line":193,"column":0},"end":{"line":193,"column":43}},"193":{"start":{"line":194,"column":0},"end":{"line":194,"column":41}},"194":{"start":{"line":195,"column":0},"end":{"line":195,"column":43}},"195":{"start":{"line":196,"column":0},"end":{"line":196,"column":62}},"196":{"start":{"line":197,"column":0},"end":{"line":197,"column":180}},"197":{"start":{"line":198,"column":0},"end":{"line":198,"column":30}},"198":{"start":{"line":199,"column":0},"end":{"line":199,"column":30}},"199":{"start":{"line":200,"column":0},"end":{"line":200,"column":104}},"200":{"start":{"line":201,"column":0},"end":{"line":201,"column":88}},"202":{"start":{"line":203,"column":0},"end":{"line":203,"column":36}},"203":{"start":{"line":204,"column":0},"end":{"line":204,"column":32}},"204":{"start":{"line":205,"column":0},"end":{"line":205,"column":44}},"205":{"start":{"line":206,"column":0},"end":{"line":206,"column":150}},"207":{"start":{"line":208,"column":0},"end":{"line":208,"column":38}},"208":{"start":{"line":209,"column":0},"end":{"line":209,"column":54}},"209":{"start":{"line":210,"column":0},"end":{"line":210,"column":89}},"210":{"start":{"line":211,"column":0},"end":{"line":211,"column":49}},"211":{"start":{"line":212,"column":0},"end":{"line":212,"column":45}},"212":{"start":{"line":213,"column":0},"end":{"line":213,"column":47}},"213":{"start":{"line":214,"column":0},"end":{"line":214,"column":66}},"214":{"start":{"line":215,"column":0},"end":{"line":215,"column":43}},"215":{"start":{"line":216,"column":0},"end":{"line":216,"column":44}},"216":{"start":{"line":217,"column":0},"end":{"line":217,"column":116}},"217":{"start":{"line":218,"column":0},"end":{"line":218,"column":34}},"218":{"start":{"line":219,"column":0},"end":{"line":219,"column":77}},"219":{"start":{"line":220,"column":0},"end":{"line":220,"column":34}},"220":{"start":{"line":221,"column":0},"end":{"line":221,"column":30}},"221":{"start":{"line":222,"column":0},"end":{"line":222,"column":104}},"222":{"start":{"line":223,"column":0},"end":{"line":223,"column":88}},"224":{"start":{"line":225,"column":0},"end":{"line":225,"column":36}},"225":{"start":{"line":226,"column":0},"end":{"line":226,"column":32}},"226":{"start":{"line":227,"column":0},"end":{"line":227,"column":60}},"227":{"start":{"line":228,"column":0},"end":{"line":228,"column":250}},"229":{"start":{"line":230,"column":0},"end":{"line":230,"column":100}},"230":{"start":{"line":231,"column":0},"end":{"line":231,"column":34}},"231":{"start":{"line":232,"column":0},"end":{"line":232,"column":30}},"232":{"start":{"line":233,"column":0},"end":{"line":233,"column":104}},"233":{"start":{"line":234,"column":0},"end":{"line":234,"column":88}},"235":{"start":{"line":236,"column":0},"end":{"line":236,"column":36}},"236":{"start":{"line":237,"column":0},"end":{"line":237,"column":37}},"237":{"start":{"line":238,"column":0},"end":{"line":238,"column":51}},"238":{"start":{"line":239,"column":0},"end":{"line":239,"column":80}},"239":{"start":{"line":240,"column":0},"end":{"line":240,"column":48}},"240":{"start":{"line":241,"column":0},"end":{"line":241,"column":50}},"241":{"start":{"line":242,"column":0},"end":{"line":242,"column":69}},"242":{"start":{"line":243,"column":0},"end":{"line":243,"column":198}},"243":{"start":{"line":244,"column":0},"end":{"line":244,"column":30}},"244":{"start":{"line":245,"column":0},"end":{"line":245,"column":30}},"245":{"start":{"line":246,"column":0},"end":{"line":246,"column":95}},"246":{"start":{"line":247,"column":0},"end":{"line":247,"column":74}},"247":{"start":{"line":248,"column":0},"end":{"line":248,"column":36}},"248":{"start":{"line":249,"column":0},"end":{"line":249,"column":52}},"249":{"start":{"line":250,"column":0},"end":{"line":250,"column":56}},"250":{"start":{"line":251,"column":0},"end":{"line":251,"column":68}},"251":{"start":{"line":252,"column":0},"end":{"line":252,"column":41}},"252":{"start":{"line":253,"column":0},"end":{"line":253,"column":65}},"253":{"start":{"line":254,"column":0},"end":{"line":254,"column":38}},"254":{"start":{"line":255,"column":0},"end":{"line":255,"column":121}},"255":{"start":{"line":256,"column":0},"end":{"line":256,"column":112}},"256":{"start":{"line":257,"column":0},"end":{"line":257,"column":39}},"258":{"start":{"line":259,"column":0},"end":{"line":259,"column":109}},"259":{"start":{"line":260,"column":0},"end":{"line":260,"column":38}},"260":{"start":{"line":261,"column":0},"end":{"line":261,"column":120}},"262":{"start":{"line":263,"column":0},"end":{"line":263,"column":40}},"263":{"start":{"line":264,"column":0},"end":{"line":264,"column":34}},"264":{"start":{"line":265,"column":0},"end":{"line":265,"column":30}},"265":{"start":{"line":266,"column":0},"end":{"line":266,"column":39}},"266":{"start":{"line":267,"column":0},"end":{"line":267,"column":108}},"267":{"start":{"line":268,"column":0},"end":{"line":268,"column":94}},"269":{"start":{"line":270,"column":0},"end":{"line":270,"column":40}},"270":{"start":{"line":271,"column":0},"end":{"line":271,"column":65}},"271":{"start":{"line":272,"column":0},"end":{"line":272,"column":43}},"272":{"start":{"line":273,"column":0},"end":{"line":273,"column":53}},"273":{"start":{"line":274,"column":0},"end":{"line":274,"column":222}},"274":{"start":{"line":275,"column":0},"end":{"line":275,"column":86}},"276":{"start":{"line":277,"column":0},"end":{"line":277,"column":78}},"277":{"start":{"line":278,"column":0},"end":{"line":278,"column":72}},"278":{"start":{"line":279,"column":0},"end":{"line":279,"column":116}},"279":{"start":{"line":280,"column":0},"end":{"line":280,"column":47}},"280":{"start":{"line":281,"column":0},"end":{"line":281,"column":45}},"281":{"start":{"line":282,"column":0},"end":{"line":282,"column":54}},"282":{"start":{"line":283,"column":0},"end":{"line":283,"column":138}},"283":{"start":{"line":284,"column":0},"end":{"line":284,"column":88}},"284":{"start":{"line":285,"column":0},"end":{"line":285,"column":51}},"285":{"start":{"line":286,"column":0},"end":{"line":286,"column":64}},"286":{"start":{"line":287,"column":0},"end":{"line":287,"column":119}},"287":{"start":{"line":288,"column":0},"end":{"line":288,"column":68}},"288":{"start":{"line":289,"column":0},"end":{"line":289,"column":82}},"289":{"start":{"line":290,"column":0},"end":{"line":290,"column":79}},"290":{"start":{"line":291,"column":0},"end":{"line":291,"column":54}},"292":{"start":{"line":293,"column":0},"end":{"line":293,"column":60}},"293":{"start":{"line":294,"column":0},"end":{"line":294,"column":53}},"294":{"start":{"line":295,"column":0},"end":{"line":295,"column":47}},"295":{"start":{"line":296,"column":0},"end":{"line":296,"column":45}},"297":{"start":{"line":298,"column":0},"end":{"line":298,"column":38}},"298":{"start":{"line":299,"column":0},"end":{"line":299,"column":34}},"300":{"start":{"line":301,"column":0},"end":{"line":301,"column":93}},"301":{"start":{"line":302,"column":0},"end":{"line":302,"column":34}},"302":{"start":{"line":303,"column":0},"end":{"line":303,"column":44}},"303":{"start":{"line":304,"column":0},"end":{"line":304,"column":46}},"304":{"start":{"line":305,"column":0},"end":{"line":305,"column":249}},"305":{"start":{"line":306,"column":0},"end":{"line":306,"column":30}},"306":{"start":{"line":307,"column":0},"end":{"line":307,"column":34}},"307":{"start":{"line":308,"column":0},"end":{"line":308,"column":45}},"308":{"start":{"line":309,"column":0},"end":{"line":309,"column":43}},"309":{"start":{"line":310,"column":0},"end":{"line":310,"column":211}},"310":{"start":{"line":311,"column":0},"end":{"line":311,"column":30}},"311":{"start":{"line":312,"column":0},"end":{"line":312,"column":30}},"312":{"start":{"line":313,"column":0},"end":{"line":313,"column":26}},"313":{"start":{"line":314,"column":0},"end":{"line":314,"column":83}},"314":{"start":{"line":315,"column":0},"end":{"line":315,"column":23}},"315":{"start":{"line":316,"column":0},"end":{"line":316,"column":58}},"316":{"start":{"line":317,"column":0},"end":{"line":317,"column":34}},"317":{"start":{"line":318,"column":0},"end":{"line":318,"column":37}},"318":{"start":{"line":319,"column":0},"end":{"line":319,"column":94}},"319":{"start":{"line":320,"column":0},"end":{"line":320,"column":45}},"320":{"start":{"line":321,"column":0},"end":{"line":321,"column":54}},"321":{"start":{"line":322,"column":0},"end":{"line":322,"column":39}},"322":{"start":{"line":323,"column":0},"end":{"line":323,"column":26}},"324":{"start":{"line":325,"column":0},"end":{"line":325,"column":22}},"325":{"start":{"line":326,"column":0},"end":{"line":326,"column":18}},"327":{"start":{"line":328,"column":0},"end":{"line":328,"column":30}},"328":{"start":{"line":329,"column":0},"end":{"line":329,"column":27}},"329":{"start":{"line":330,"column":0},"end":{"line":330,"column":47}},"330":{"start":{"line":331,"column":0},"end":{"line":331,"column":54}},"331":{"start":{"line":332,"column":0},"end":{"line":332,"column":59}},"332":{"start":{"line":333,"column":0},"end":{"line":333,"column":18}},"334":{"start":{"line":335,"column":0},"end":{"line":335,"column":11}},"336":{"start":{"line":337,"column":0},"end":{"line":337,"column":1}}},"s":{"2":1,"3":1,"4":1,"5":1,"6":1,"7":1,"9":54,"10":54,"11":54,"12":54,"13":54,"14":54,"15":54,"16":54,"17":54,"18":54,"19":54,"21":54,"22":54,"24":54,"25":29,"26":29,"28":54,"29":54,"31":54,"32":5,"33":5,"34":5,"35":5,"36":5,"37":5,"38":5,"39":0,"40":0,"41":5,"42":0,"43":0,"44":5,"46":5,"47":54,"49":54,"50":9,"52":9,"53":4,"54":4,"56":9,"57":9,"58":4,"59":4,"60":9,"61":54,"63":54,"64":5,"65":5,"66":5,"67":54,"69":54,"70":15,"71":5,"72":5,"73":5,"74":5,"75":5,"76":5,"77":5,"78":5,"79":54,"81":54,"82":3,"83":0,"84":0,"85":0,"86":0,"87":0,"88":0,"89":0,"90":0,"91":0,"92":0,"93":0,"94":0,"95":0,"97":3,"98":3,"99":3,"100":1,"101":1,"102":1,"103":3,"104":0,"105":0,"106":0,"107":3,"108":1,"109":1,"110":1,"111":3,"112":0,"113":0,"114":0,"116":3,"118":3,"119":3,"120":3,"121":3,"122":3,"123":3,"124":3,"126":3,"127":3,"128":3,"129":3,"130":3,"131":3,"132":3,"133":3,"134":1,"135":0,"136":0,"137":1,"138":3,"139":3,"140":1,"141":1,"142":1,"143":3,"144":3,"145":0,"146":0,"147":3,"148":3,"150":54,"151":2,"152":2,"154":54,"155":2,"156":2,"158":54,"159":1,"160":1,"161":1,"162":1,"163":1,"164":1,"165":1,"166":1,"167":1,"169":54,"170":54,"171":54,"172":54,"173":54,"174":54,"175":54,"176":54,"177":54,"178":54,"180":54,"181":54,"182":54,"183":54,"184":54,"185":54,"186":54,"188":54,"189":54,"190":54,"191":54,"192":54,"193":54,"194":54,"195":54,"196":54,"197":54,"198":54,"199":54,"200":54,"202":54,"203":54,"204":54,"205":54,"207":54,"208":54,"209":54,"210":54,"211":54,"212":54,"213":54,"214":54,"215":54,"216":54,"217":54,"218":54,"219":54,"220":54,"221":54,"222":54,"224":54,"225":54,"226":54,"227":54,"229":54,"230":54,"231":54,"232":54,"233":54,"235":54,"236":54,"237":54,"238":54,"239":54,"240":54,"241":54,"242":54,"243":54,"244":54,"245":54,"246":54,"247":54,"248":54,"249":0,"250":0,"251":0,"252":0,"253":0,"254":54,"255":54,"256":54,"258":54,"259":54,"260":54,"262":54,"263":54,"264":54,"265":54,"266":0,"267":0,"269":0,"270":0,"271":0,"272":0,"273":0,"274":0,"276":0,"277":0,"278":0,"279":0,"280":0,"281":0,"282":0,"283":0,"284":0,"285":0,"286":0,"287":0,"288":0,"289":0,"290":0,"292":0,"293":0,"294":0,"295":0,"297":0,"298":0,"300":54,"301":54,"302":54,"303":54,"304":54,"305":54,"306":54,"307":54,"308":54,"309":54,"310":54,"311":54,"312":54,"313":54,"314":54,"315":54,"316":54,"317":49,"318":49,"319":49,"320":49,"321":49,"322":49,"324":54,"325":54,"327":54,"328":21,"329":21,"330":21,"331":21,"332":21,"334":54,"336":54},"branchMap":{"0":{"type":"branch","line":10,"loc":{"start":{"line":10,"column":0},"end":{"line":337,"column":1}},"locations":[{"start":{"line":10,"column":0},"end":{"line":337,"column":1}}]},"1":{"type":"branch","line":209,"loc":{"start":{"line":209,"column":43},"end":{"line":209,"column":54}},"locations":[{"start":{"line":209,"column":43},"end":{"line":209,"column":54}}]},"2":{"type":"branch","line":230,"loc":{"start":{"line":230,"column":33},"end":{"line":230,"column":84}},"locations":[{"start":{"line":230,"column":33},"end":{"line":230,"column":84}}]},"3":{"type":"branch","line":230,"loc":{"start":{"line":230,"column":80},"end":{"line":230,"column":100}},"locations":[{"start":{"line":230,"column":80},"end":{"line":230,"column":100}}]},"4":{"type":"branch","line":256,"loc":{"start":{"line":256,"column":40},"end":{"line":256,"column":83}},"locations":[{"start":{"line":256,"column":40},"end":{"line":256,"column":83}}]},"5":{"type":"branch","line":259,"loc":{"start":{"line":259,"column":37},"end":{"line":259,"column":109}},"locations":[{"start":{"line":259,"column":37},"end":{"line":259,"column":109}}]},"6":{"type":"branch","line":266,"loc":{"start":{"line":266,"column":25},"end":{"line":299,"column":34}},"locations":[{"start":{"line":266,"column":25},"end":{"line":299,"column":34}}]},"7":{"type":"branch","line":314,"loc":{"start":{"line":314,"column":21},"end":{"line":314,"column":83}},"locations":[{"start":{"line":314,"column":21},"end":{"line":314,"column":83}}]},"8":{"type":"branch","line":317,"loc":{"start":{"line":317,"column":22},"end":{"line":323,"column":26}},"locations":[{"start":{"line":317,"column":22},"end":{"line":323,"column":26}}]},"9":{"type":"branch","line":328,"loc":{"start":{"line":328,"column":13},"end":{"line":333,"column":18}},"locations":[{"start":{"line":328,"column":13},"end":{"line":333,"column":18}}]},"10":{"type":"branch","line":25,"loc":{"start":{"line":25,"column":29},"end":{"line":27,"column":6}},"locations":[{"start":{"line":25,"column":29},"end":{"line":27,"column":6}}]},"11":{"type":"branch","line":32,"loc":{"start":{"line":32,"column":14},"end":{"line":48,"column":7}},"locations":[{"start":{"line":32,"column":14},"end":{"line":48,"column":7}}]},"12":{"type":"branch","line":33,"loc":{"start":{"line":33,"column":33},"end":{"line":45,"column":10}},"locations":[{"start":{"line":33,"column":33},"end":{"line":45,"column":10}}]},"13":{"type":"branch","line":39,"loc":{"start":{"line":39,"column":16},"end":{"line":41,"column":17}},"locations":[{"start":{"line":39,"column":16},"end":{"line":41,"column":17}}]},"14":{"type":"branch","line":42,"loc":{"start":{"line":42,"column":12},"end":{"line":44,"column":13}},"locations":[{"start":{"line":42,"column":12},"end":{"line":44,"column":13}}]},"15":{"type":"branch","line":50,"loc":{"start":{"line":50,"column":14},"end":{"line":62,"column":7}},"locations":[{"start":{"line":50,"column":14},"end":{"line":62,"column":7}}]},"16":{"type":"branch","line":51,"loc":{"start":{"line":51,"column":26},"end":{"line":51,"column":33}},"locations":[{"start":{"line":51,"column":26},"end":{"line":51,"column":33}}]},"17":{"type":"branch","line":53,"loc":{"start":{"line":53,"column":25},"end":{"line":55,"column":9}},"locations":[{"start":{"line":53,"column":25},"end":{"line":55,"column":9}}]},"18":{"type":"branch","line":57,"loc":{"start":{"line":57,"column":15},"end":{"line":61,"column":10}},"locations":[{"start":{"line":57,"column":15},"end":{"line":61,"column":10}}]},"19":{"type":"branch","line":58,"loc":{"start":{"line":58,"column":29},"end":{"line":60,"column":13}},"locations":[{"start":{"line":58,"column":29},"end":{"line":60,"column":13}}]},"20":{"type":"branch","line":64,"loc":{"start":{"line":64,"column":14},"end":{"line":68,"column":7}},"locations":[{"start":{"line":64,"column":14},"end":{"line":68,"column":7}}]},"21":{"type":"branch","line":70,"loc":{"start":{"line":70,"column":20},"end":{"line":80,"column":7}},"locations":[{"start":{"line":70,"column":20},"end":{"line":80,"column":7}}]},"22":{"type":"branch","line":71,"loc":{"start":{"line":71,"column":21},"end":{"line":79,"column":9}},"locations":[{"start":{"line":71,"column":21},"end":{"line":79,"column":9}}]},"23":{"type":"branch","line":82,"loc":{"start":{"line":82,"column":25},"end":{"line":149,"column":6}},"locations":[{"start":{"line":82,"column":25},"end":{"line":149,"column":6}}]},"24":{"type":"branch","line":100,"loc":{"start":{"line":100,"column":13},"end":{"line":100,"column":30}},"locations":[{"start":{"line":100,"column":13},"end":{"line":100,"column":30}}]},"25":{"type":"branch","line":100,"loc":{"start":{"line":100,"column":22},"end":{"line":100,"column":45}},"locations":[{"start":{"line":100,"column":22},"end":{"line":100,"column":45}}]},"26":{"type":"branch","line":100,"loc":{"start":{"line":100,"column":45},"end":{"line":103,"column":9}},"locations":[{"start":{"line":100,"column":45},"end":{"line":103,"column":9}}]},"27":{"type":"branch","line":103,"loc":{"start":{"line":103,"column":8},"end":{"line":104,"column":23}},"locations":[{"start":{"line":103,"column":8},"end":{"line":104,"column":23}}]},"28":{"type":"branch","line":104,"loc":{"start":{"line":104,"column":23},"end":{"line":107,"column":9}},"locations":[{"start":{"line":104,"column":23},"end":{"line":107,"column":9}}]},"29":{"type":"branch","line":107,"loc":{"start":{"line":107,"column":8},"end":{"line":108,"column":29}},"locations":[{"start":{"line":107,"column":8},"end":{"line":108,"column":29}}]},"30":{"type":"branch","line":108,"loc":{"start":{"line":108,"column":29},"end":{"line":112,"column":38}},"locations":[{"start":{"line":108,"column":29},"end":{"line":112,"column":38}}]},"31":{"type":"branch","line":112,"loc":{"start":{"line":112,"column":38},"end":{"line":115,"column":9}},"locations":[{"start":{"line":112,"column":38},"end":{"line":115,"column":9}}]},"32":{"type":"branch","line":115,"loc":{"start":{"line":115,"column":8},"end":{"line":117,"column":39}},"locations":[{"start":{"line":115,"column":8},"end":{"line":117,"column":39}}]},"33":{"type":"branch","line":117,"loc":{"start":{"line":117,"column":22},"end":{"line":117,"column":86}},"locations":[{"start":{"line":117,"column":22},"end":{"line":117,"column":86}}]},"34":{"type":"branch","line":117,"loc":{"start":{"line":117,"column":82},"end":{"line":117,"column":88}},"locations":[{"start":{"line":117,"column":82},"end":{"line":117,"column":88}}]},"35":{"type":"branch","line":134,"loc":{"start":{"line":134,"column":18},"end":{"line":139,"column":13}},"locations":[{"start":{"line":134,"column":18},"end":{"line":139,"column":13}}]},"36":{"type":"branch","line":135,"loc":{"start":{"line":135,"column":29},"end":{"line":137,"column":17}},"locations":[{"start":{"line":135,"column":29},"end":{"line":137,"column":17}}]},"37":{"type":"branch","line":140,"loc":{"start":{"line":140,"column":18},"end":{"line":144,"column":13}},"locations":[{"start":{"line":140,"column":18},"end":{"line":144,"column":13}}]},"38":{"type":"branch","line":151,"loc":{"start":{"line":151,"column":31},"end":{"line":153,"column":6}},"locations":[{"start":{"line":151,"column":31},"end":{"line":153,"column":6}}]},"39":{"type":"branch","line":155,"loc":{"start":{"line":155,"column":29},"end":{"line":157,"column":6}},"locations":[{"start":{"line":155,"column":29},"end":{"line":157,"column":6}}]},"40":{"type":"branch","line":159,"loc":{"start":{"line":159,"column":24},"end":{"line":168,"column":6}},"locations":[{"start":{"line":159,"column":24},"end":{"line":168,"column":6}}]},"41":{"type":"branch","line":192,"loc":{"start":{"line":192,"column":42},"end":{"line":192,"column":73}},"locations":[{"start":{"line":192,"column":42},"end":{"line":192,"column":73}}]},"42":{"type":"branch","line":210,"loc":{"start":{"line":210,"column":46},"end":{"line":210,"column":89}},"locations":[{"start":{"line":210,"column":46},"end":{"line":210,"column":89}}]}},"b":{"0":[54],"1":[40],"2":[16],"3":[38],"4":[0],"5":[0],"6":[0],"7":[8],"8":[49],"9":[21],"10":[29],"11":[5],"12":[5],"13":[0],"14":[0],"15":[9],"16":[0],"17":[4],"18":[9],"19":[4],"20":[5],"21":[15],"22":[5],"23":[3],"24":[2],"25":[2],"26":[1],"27":[2],"28":[0],"29":[2],"30":[1],"31":[0],"32":[1],"33":[0],"34":[1],"35":[1],"36":[0],"37":[1],"38":[2],"39":[2],"40":[1],"41":[4],"42":[4]},"fnMap":{"0":{"name":"Bills","decl":{"start":{"line":10,"column":0},"end":{"line":337,"column":1}},"loc":{"start":{"line":10,"column":0},"end":{"line":337,"column":1}},"line":10},"1":{"name":"handlePageChange","decl":{"start":{"line":25,"column":29},"end":{"line":27,"column":6}},"loc":{"start":{"line":25,"column":29},"end":{"line":27,"column":6}},"line":25},"2":{"name":"fetchHouseholdId","decl":{"start":{"line":33,"column":33},"end":{"line":45,"column":10}},"loc":{"start":{"line":33,"column":33},"end":{"line":45,"column":10}},"line":33},"3":{"name":"handleSubmit","decl":{"start":{"line":82,"column":25},"end":{"line":149,"column":6}},"loc":{"start":{"line":82,"column":25},"end":{"line":149,"column":6}},"line":82},"4":{"name":"calculateCycle","decl":{"start":{"line":83,"column":8},"end":{"line":96,"column":9}},"loc":{"start":{"line":83,"column":8},"end":{"line":96,"column":9}},"line":83},"5":{"name":"handleShowCalendar","decl":{"start":{"line":151,"column":31},"end":{"line":153,"column":6}},"loc":{"start":{"line":151,"column":31},"end":{"line":153,"column":6}},"line":151},"6":{"name":"handleSelectDate","decl":{"start":{"line":155,"column":29},"end":{"line":157,"column":6}},"loc":{"start":{"line":155,"column":29},"end":{"line":157,"column":6}},"line":155},"7":{"name":"handleReset","decl":{"start":{"line":159,"column":24},"end":{"line":168,"column":6}},"loc":{"start":{"line":159,"column":24},"end":{"line":168,"column":6}},"line":159},"8":{"name":"onChange","decl":{"start":{"line":192,"column":42},"end":{"line":192,"column":73}},"loc":{"start":{"line":192,"column":42},"end":{"line":192,"column":73}},"line":192},"9":{"name":"onChange","decl":{"start":{"line":210,"column":46},"end":{"line":210,"column":89}},"loc":{"start":{"line":210,"column":46},"end":{"line":210,"column":89}},"line":210},"10":{"name":"onChange","decl":{"start":{"line":239,"column":42},"end":{"line":239,"column":80}},"loc":{"start":{"line":239,"column":42},"end":{"line":239,"column":80}},"line":239},"11":{"name":"onClick","decl":{"start":{"line":249,"column":45},"end":{"line":254,"column":38}},"loc":{"start":{"line":249,"column":45},"end":{"line":254,"column":38}},"line":249},"12":{"name":"onClick","decl":{"start":{"line":261,"column":48},"end":{"line":261,"column":80}},"loc":{"start":{"line":261,"column":48},"end":{"line":261,"column":80}},"line":261},"13":{"name":"onClick","decl":{"start":{"line":275,"column":49},"end":{"line":275,"column":86}},"loc":{"start":{"line":275,"column":49},"end":{"line":275,"column":86}},"line":275},"14":{"name":"emitUpdate","decl":{"start":{"line":319,"column":40},"end":{"line":319,"column":94}},"loc":{"start":{"line":319,"column":40},"end":{"line":319,"column":94}},"line":319}},"f":{"0":54,"1":29,"2":5,"3":3,"4":0,"5":2,"6":2,"7":1,"8":4,"9":4,"10":0,"11":0,"12":0,"13":0,"14":0}}
,"C:\\Users\\matig\\Desktop\\project-webowki\\forttask\\src\\app\\(app)\\chores\\page.tsx": {"path":"C:\\Users\\matig\\Desktop\\project-webowki\\forttask\\src\\app\\(app)\\chores\\page.tsx","all":false,"statementMap":{"1":{"start":{"line":2,"column":0},"end":{"line":2,"column":51}},"2":{"start":{"line":3,"column":0},"end":{"line":3,"column":60}},"3":{"start":{"line":4,"column":0},"end":{"line":4,"column":62}},"4":{"start":{"line":5,"column":0},"end":{"line":5,"column":62}},"5":{"start":{"line":6,"column":0},"end":{"line":6,"column":68}},"6":{"start":{"line":7,"column":0},"end":{"line":7,"column":41}},"7":{"start":{"line":8,"column":0},"end":{"line":8,"column":44}},"27":{"start":{"line":28,"column":0},"end":{"line":28,"column":34}},"28":{"start":{"line":29,"column":0},"end":{"line":29,"column":98}},"29":{"start":{"line":30,"column":0},"end":{"line":30,"column":72}},"31":{"start":{"line":32,"column":0},"end":{"line":32,"column":55}},"32":{"start":{"line":33,"column":0},"end":{"line":33,"column":52}},"34":{"start":{"line":35,"column":0},"end":{"line":35,"column":66}},"35":{"start":{"line":36,"column":0},"end":{"line":36,"column":50}},"36":{"start":{"line":37,"column":0},"end":{"line":37,"column":50}},"37":{"start":{"line":38,"column":0},"end":{"line":38,"column":59}},"38":{"start":{"line":39,"column":0},"end":{"line":39,"column":40}},"39":{"start":{"line":40,"column":0},"end":{"line":40,"column":31}},"41":{"start":{"line":42,"column":0},"end":{"line":42,"column":21}},"42":{"start":{"line":43,"column":0},"end":{"line":43,"column":46}},"43":{"start":{"line":44,"column":0},"end":{"line":44,"column":17}},"44":{"start":{"line":45,"column":0},"end":{"line":45,"column":62}},"45":{"start":{"line":46,"column":0},"end":{"line":46,"column":34}},"46":{"start":{"line":47,"column":0},"end":{"line":47,"column":55}},"47":{"start":{"line":48,"column":0},"end":{"line":48,"column":53}},"48":{"start":{"line":49,"column":0},"end":{"line":49,"column":24}},"49":{"start":{"line":50,"column":0},"end":{"line":50,"column":94}},"50":{"start":{"line":51,"column":0},"end":{"line":51,"column":17}},"51":{"start":{"line":52,"column":0},"end":{"line":52,"column":29}},"52":{"start":{"line":53,"column":0},"end":{"line":53,"column":69}},"53":{"start":{"line":54,"column":0},"end":{"line":54,"column":13}},"54":{"start":{"line":55,"column":0},"end":{"line":55,"column":10}},"56":{"start":{"line":57,"column":0},"end":{"line":57,"column":27}},"57":{"start":{"line":58,"column":0},"end":{"line":58,"column":11}},"59":{"start":{"line":60,"column":0},"end":{"line":60,"column":21}},"60":{"start":{"line":61,"column":0},"end":{"line":61,"column":45}},"61":{"start":{"line":62,"column":0},"end":{"line":62,"column":17}},"62":{"start":{"line":63,"column":0},"end":{"line":63,"column":64}},"63":{"start":{"line":64,"column":0},"end":{"line":64,"column":73}},"64":{"start":{"line":65,"column":0},"end":{"line":65,"column":34}},"65":{"start":{"line":66,"column":0},"end":{"line":66,"column":60}},"66":{"start":{"line":67,"column":0},"end":{"line":67,"column":41}},"67":{"start":{"line":68,"column":0},"end":{"line":68,"column":24}},"68":{"start":{"line":69,"column":0},"end":{"line":69,"column":93}},"69":{"start":{"line":70,"column":0},"end":{"line":70,"column":17}},"70":{"start":{"line":71,"column":0},"end":{"line":71,"column":29}},"71":{"start":{"line":72,"column":0},"end":{"line":72,"column":68}},"72":{"start":{"line":73,"column":0},"end":{"line":73,"column":13}},"73":{"start":{"line":74,"column":0},"end":{"line":74,"column":10}},"75":{"start":{"line":76,"column":0},"end":{"line":76,"column":26}},"76":{"start":{"line":77,"column":0},"end":{"line":77,"column":35}},"78":{"start":{"line":79,"column":0},"end":{"line":79,"column":21}},"79":{"start":{"line":80,"column":0},"end":{"line":80,"column":41}},"80":{"start":{"line":81,"column":0},"end":{"line":81,"column":29}},"81":{"start":{"line":82,"column":0},"end":{"line":82,"column":27}},"83":{"start":{"line":84,"column":0},"end":{"line":84,"column":17}},"84":{"start":{"line":85,"column":0},"end":{"line":85,"column":64}},"85":{"start":{"line":86,"column":0},"end":{"line":86,"column":104}},"86":{"start":{"line":87,"column":0},"end":{"line":87,"column":34}},"87":{"start":{"line":88,"column":0},"end":{"line":88,"column":55}},"88":{"start":{"line":89,"column":0},"end":{"line":89,"column":43}},"89":{"start":{"line":90,"column":0},"end":{"line":90,"column":24}},"90":{"start":{"line":91,"column":0},"end":{"line":91,"column":88}},"91":{"start":{"line":92,"column":0},"end":{"line":92,"column":17}},"92":{"start":{"line":93,"column":0},"end":{"line":93,"column":29}},"93":{"start":{"line":94,"column":0},"end":{"line":94,"column":63}},"94":{"start":{"line":95,"column":0},"end":{"line":95,"column":98}},"95":{"start":{"line":96,"column":0},"end":{"line":96,"column":23}},"96":{"start":{"line":97,"column":0},"end":{"line":97,"column":34}},"97":{"start":{"line":98,"column":0},"end":{"line":98,"column":13}},"98":{"start":{"line":99,"column":0},"end":{"line":99,"column":10}},"100":{"start":{"line":101,"column":0},"end":{"line":101,"column":22}},"101":{"start":{"line":102,"column":0},"end":{"line":102,"column":41}},"103":{"start":{"line":104,"column":0},"end":{"line":104,"column":21}},"104":{"start":{"line":105,"column":0},"end":{"line":105,"column":46}},"105":{"start":{"line":106,"column":0},"end":{"line":106,"column":17}},"106":{"start":{"line":107,"column":0},"end":{"line":107,"column":62}},"107":{"start":{"line":108,"column":0},"end":{"line":108,"column":34}},"108":{"start":{"line":109,"column":0},"end":{"line":109,"column":55}},"109":{"start":{"line":110,"column":0},"end":{"line":110,"column":53}},"110":{"start":{"line":111,"column":0},"end":{"line":111,"column":24}},"111":{"start":{"line":112,"column":0},"end":{"line":112,"column":94}},"112":{"start":{"line":113,"column":0},"end":{"line":113,"column":17}},"113":{"start":{"line":114,"column":0},"end":{"line":114,"column":29}},"114":{"start":{"line":115,"column":0},"end":{"line":115,"column":69}},"115":{"start":{"line":116,"column":0},"end":{"line":116,"column":13}},"116":{"start":{"line":117,"column":0},"end":{"line":117,"column":10}},"118":{"start":{"line":119,"column":0},"end":{"line":119,"column":27}},"119":{"start":{"line":120,"column":0},"end":{"line":120,"column":11}},"121":{"start":{"line":122,"column":0},"end":{"line":122,"column":21}},"122":{"start":{"line":123,"column":0},"end":{"line":123,"column":33}},"124":{"start":{"line":125,"column":0},"end":{"line":125,"column":26}},"125":{"start":{"line":126,"column":0},"end":{"line":126,"column":50}},"126":{"start":{"line":127,"column":0},"end":{"line":127,"column":9}},"128":{"start":{"line":129,"column":0},"end":{"line":129,"column":22}},"129":{"start":{"line":130,"column":0},"end":{"line":130,"column":30}},"130":{"start":{"line":131,"column":0},"end":{"line":131,"column":55}},"131":{"start":{"line":132,"column":0},"end":{"line":132,"column":13}},"132":{"start":{"line":133,"column":0},"end":{"line":133,"column":10}},"133":{"start":{"line":134,"column":0},"end":{"line":134,"column":35}},"135":{"start":{"line":136,"column":0},"end":{"line":136,"column":21}},"136":{"start":{"line":137,"column":0},"end":{"line":137,"column":24}},"137":{"start":{"line":138,"column":0},"end":{"line":138,"column":24}},"139":{"start":{"line":140,"column":0},"end":{"line":140,"column":33}},"140":{"start":{"line":141,"column":0},"end":{"line":141,"column":19}},"141":{"start":{"line":142,"column":0},"end":{"line":142,"column":31}},"142":{"start":{"line":143,"column":0},"end":{"line":143,"column":29}},"143":{"start":{"line":144,"column":0},"end":{"line":144,"column":6}},"145":{"start":{"line":146,"column":0},"end":{"line":146,"column":51}},"146":{"start":{"line":147,"column":0},"end":{"line":147,"column":25}},"147":{"start":{"line":148,"column":0},"end":{"line":148,"column":6}},"149":{"start":{"line":150,"column":0},"end":{"line":150,"column":41}},"150":{"start":{"line":151,"column":0},"end":{"line":151,"column":45}},"151":{"start":{"line":152,"column":0},"end":{"line":152,"column":6}},"153":{"start":{"line":154,"column":0},"end":{"line":154,"column":12}},"154":{"start":{"line":155,"column":0},"end":{"line":155,"column":10}},"155":{"start":{"line":156,"column":0},"end":{"line":156,"column":86}},"156":{"start":{"line":157,"column":0},"end":{"line":157,"column":54}},"157":{"start":{"line":158,"column":0},"end":{"line":158,"column":54}},"158":{"start":{"line":159,"column":0},"end":{"line":159,"column":40}},"159":{"start":{"line":160,"column":0},"end":{"line":160,"column":38}},"160":{"start":{"line":161,"column":0},"end":{"line":161,"column":58}},"161":{"start":{"line":162,"column":0},"end":{"line":162,"column":43}},"162":{"start":{"line":163,"column":0},"end":{"line":163,"column":45}},"163":{"start":{"line":164,"column":0},"end":{"line":164,"column":41}},"164":{"start":{"line":165,"column":0},"end":{"line":165,"column":54}},"165":{"start":{"line":166,"column":0},"end":{"line":166,"column":51}},"166":{"start":{"line":167,"column":0},"end":{"line":167,"column":95}},"167":{"start":{"line":168,"column":0},"end":{"line":168,"column":26}},"169":{"start":{"line":170,"column":0},"end":{"line":170,"column":38}},"170":{"start":{"line":171,"column":0},"end":{"line":171,"column":58}},"171":{"start":{"line":172,"column":0},"end":{"line":172,"column":43}},"172":{"start":{"line":173,"column":0},"end":{"line":173,"column":45}},"173":{"start":{"line":174,"column":0},"end":{"line":174,"column":41}},"174":{"start":{"line":175,"column":0},"end":{"line":175,"column":54}},"175":{"start":{"line":176,"column":0},"end":{"line":176,"column":51}},"176":{"start":{"line":177,"column":0},"end":{"line":177,"column":95}},"177":{"start":{"line":178,"column":0},"end":{"line":178,"column":26}},"179":{"start":{"line":180,"column":0},"end":{"line":180,"column":22}},"180":{"start":{"line":181,"column":0},"end":{"line":181,"column":50}},"181":{"start":{"line":182,"column":0},"end":{"line":182,"column":33}},"182":{"start":{"line":183,"column":0},"end":{"line":183,"column":49}},"183":{"start":{"line":184,"column":0},"end":{"line":184,"column":91}},"184":{"start":{"line":185,"column":0},"end":{"line":185,"column":22}},"185":{"start":{"line":186,"column":0},"end":{"line":186,"column":22}},"186":{"start":{"line":187,"column":0},"end":{"line":187,"column":18}},"187":{"start":{"line":188,"column":0},"end":{"line":188,"column":11}},"189":{"start":{"line":190,"column":0},"end":{"line":190,"column":1}}},"s":{"1":1,"2":1,"3":1,"4":1,"5":1,"6":1,"7":1,"27":24,"28":24,"29":24,"31":24,"32":24,"34":24,"35":24,"36":24,"37":24,"38":24,"39":24,"41":24,"42":5,"43":5,"44":5,"45":5,"46":5,"47":5,"48":5,"49":0,"50":0,"51":5,"52":0,"53":0,"54":5,"56":5,"57":24,"59":24,"60":11,"61":11,"62":11,"63":11,"64":9,"65":9,"66":9,"67":11,"68":0,"69":0,"70":11,"71":2,"72":2,"73":11,"75":11,"76":24,"78":24,"79":11,"80":11,"81":11,"83":11,"84":11,"85":11,"86":9,"87":9,"88":9,"89":11,"90":0,"91":0,"92":11,"93":2,"94":2,"95":11,"96":11,"97":11,"98":11,"100":11,"101":24,"103":24,"104":5,"105":5,"106":5,"107":5,"108":5,"109":5,"110":5,"111":0,"112":0,"113":5,"114":0,"115":0,"116":5,"118":5,"119":24,"121":24,"122":9,"124":9,"125":4,"126":4,"128":9,"129":9,"130":4,"131":4,"132":9,"133":24,"135":24,"136":5,"137":24,"139":24,"140":5,"141":5,"142":5,"143":5,"145":24,"146":17,"147":17,"149":24,"150":1,"151":1,"153":24,"154":24,"155":24,"156":24,"157":24,"158":24,"159":4,"160":4,"161":4,"162":4,"163":4,"164":4,"165":4,"166":4,"167":4,"169":20,"170":20,"171":20,"172":20,"173":20,"174":20,"175":20,"176":20,"177":20,"179":24,"180":24,"181":24,"182":24,"183":24,"184":24,"185":24,"186":24,"187":24,"189":24},"branchMap":{"0":{"type":"branch","line":28,"loc":{"start":{"line":28,"column":0},"end":{"line":190,"column":1}},"locations":[{"start":{"line":28,"column":0},"end":{"line":190,"column":1}}]},"1":{"type":"branch","line":159,"loc":{"start":{"line":159,"column":21},"end":{"line":168,"column":26}},"locations":[{"start":{"line":159,"column":21},"end":{"line":168,"column":26}}]},"2":{"type":"branch","line":168,"loc":{"start":{"line":168,"column":24},"end":{"line":178,"column":26}},"locations":[{"start":{"line":168,"column":24},"end":{"line":178,"column":26}}]},"3":{"type":"branch","line":42,"loc":{"start":{"line":42,"column":14},"end":{"line":58,"column":7}},"locations":[{"start":{"line":42,"column":14},"end":{"line":58,"column":7}}]},"4":{"type":"branch","line":43,"loc":{"start":{"line":43,"column":33},"end":{"line":55,"column":10}},"locations":[{"start":{"line":43,"column":33},"end":{"line":55,"column":10}}]},"5":{"type":"branch","line":49,"loc":{"start":{"line":49,"column":16},"end":{"line":51,"column":17}},"locations":[{"start":{"line":49,"column":16},"end":{"line":51,"column":17}}]},"6":{"type":"branch","line":52,"loc":{"start":{"line":52,"column":12},"end":{"line":54,"column":13}},"locations":[{"start":{"line":52,"column":12},"end":{"line":54,"column":13}}]},"7":{"type":"branch","line":60,"loc":{"start":{"line":60,"column":14},"end":{"line":77,"column":7}},"locations":[{"start":{"line":60,"column":14},"end":{"line":77,"column":7}}]},"8":{"type":"branch","line":61,"loc":{"start":{"line":61,"column":32},"end":{"line":74,"column":10}},"locations":[{"start":{"line":61,"column":32},"end":{"line":74,"column":10}}]},"9":{"type":"branch","line":63,"loc":{"start":{"line":63,"column":30},"end":{"line":63,"column":57}},"locations":[{"start":{"line":63,"column":30},"end":{"line":63,"column":57}}]},"10":{"type":"branch","line":63,"loc":{"start":{"line":63,"column":48},"end":{"line":63,"column":64}},"locations":[{"start":{"line":63,"column":48},"end":{"line":63,"column":64}}]},"11":{"type":"branch","line":64,"loc":{"start":{"line":64,"column":71},"end":{"line":68,"column":23}},"locations":[{"start":{"line":64,"column":71},"end":{"line":68,"column":23}}]},"12":{"type":"branch","line":68,"loc":{"start":{"line":68,"column":16},"end":{"line":70,"column":17}},"locations":[{"start":{"line":68,"column":16},"end":{"line":70,"column":17}}]},"13":{"type":"branch","line":71,"loc":{"start":{"line":71,"column":12},"end":{"line":73,"column":13}},"locations":[{"start":{"line":71,"column":12},"end":{"line":73,"column":13}}]},"14":{"type":"branch","line":79,"loc":{"start":{"line":79,"column":14},"end":{"line":102,"column":7}},"locations":[{"start":{"line":79,"column":14},"end":{"line":102,"column":7}}]},"15":{"type":"branch","line":80,"loc":{"start":{"line":80,"column":28},"end":{"line":99,"column":10}},"locations":[{"start":{"line":80,"column":28},"end":{"line":99,"column":10}}]},"16":{"type":"branch","line":85,"loc":{"start":{"line":85,"column":30},"end":{"line":85,"column":57}},"locations":[{"start":{"line":85,"column":30},"end":{"line":85,"column":57}}]},"17":{"type":"branch","line":85,"loc":{"start":{"line":85,"column":48},"end":{"line":85,"column":64}},"locations":[{"start":{"line":85,"column":48},"end":{"line":85,"column":64}}]},"18":{"type":"branch","line":86,"loc":{"start":{"line":86,"column":102},"end":{"line":90,"column":23}},"locations":[{"start":{"line":86,"column":102},"end":{"line":90,"column":23}}]},"19":{"type":"branch","line":90,"loc":{"start":{"line":90,"column":16},"end":{"line":92,"column":17}},"locations":[{"start":{"line":90,"column":16},"end":{"line":92,"column":17}}]},"20":{"type":"branch","line":93,"loc":{"start":{"line":93,"column":12},"end":{"line":96,"column":14}},"locations":[{"start":{"line":93,"column":12},"end":{"line":96,"column":14}}]},"21":{"type":"branch","line":95,"loc":{"start":{"line":95,"column":50},"end":{"line":95,"column":96}},"locations":[{"start":{"line":95,"column":50},"end":{"line":95,"column":96}}]},"22":{"type":"branch","line":104,"loc":{"start":{"line":104,"column":14},"end":{"line":120,"column":7}},"locations":[{"start":{"line":104,"column":14},"end":{"line":120,"column":7}}]},"23":{"type":"branch","line":105,"loc":{"start":{"line":105,"column":33},"end":{"line":117,"column":10}},"locations":[{"start":{"line":105,"column":33},"end":{"line":117,"column":10}}]},"24":{"type":"branch","line":111,"loc":{"start":{"line":111,"column":16},"end":{"line":113,"column":17}},"locations":[{"start":{"line":111,"column":16},"end":{"line":113,"column":17}}]},"25":{"type":"branch","line":114,"loc":{"start":{"line":114,"column":12},"end":{"line":116,"column":13}},"locations":[{"start":{"line":114,"column":12},"end":{"line":116,"column":13}}]},"26":{"type":"branch","line":122,"loc":{"start":{"line":122,"column":14},"end":{"line":134,"column":7}},"locations":[{"start":{"line":122,"column":14},"end":{"line":134,"column":7}}]},"27":{"type":"branch","line":123,"loc":{"start":{"line":123,"column":26},"end":{"line":123,"column":33}},"locations":[{"start":{"line":123,"column":26},"end":{"line":123,"column":33}}]},"28":{"type":"branch","line":125,"loc":{"start":{"line":125,"column":25},"end":{"line":127,"column":9}},"locations":[{"start":{"line":125,"column":25},"end":{"line":127,"column":9}}]},"29":{"type":"branch","line":129,"loc":{"start":{"line":129,"column":15},"end":{"line":133,"column":10}},"locations":[{"start":{"line":129,"column":15},"end":{"line":133,"column":10}}]},"30":{"type":"branch","line":130,"loc":{"start":{"line":130,"column":29},"end":{"line":132,"column":13}},"locations":[{"start":{"line":130,"column":29},"end":{"line":132,"column":13}}]},"31":{"type":"branch","line":136,"loc":{"start":{"line":136,"column":14},"end":{"line":1
[...]
end":{"line":164,"column":34}},"165":{"start":{"line":166,"column":0},"end":{"line":166,"column":36}},"166":{"start":{"line":167,"column":0},"end":{"line":167,"column":72}},"167":{"start":{"line":168,"column":0},"end":{"line":168,"column":212}},"168":{"start":{"line":169,"column":0},"end":{"line":169,"column":33}},"170":{"start":{"line":171,"column":0},"end":{"line":171,"column":38}},"172":{"start":{"line":173,"column":0},"end":{"line":173,"column":34}},"173":{"start":{"line":174,"column":0},"end":{"line":174,"column":68}},"174":{"start":{"line":175,"column":0},"end":{"line":175,"column":63}},"175":{"start":{"line":176,"column":0},"end":{"line":176,"column":44}},"176":{"start":{"line":177,"column":0},"end":{"line":177,"column":42}},"177":{"start":{"line":178,"column":0},"end":{"line":178,"column":43}},"178":{"start":{"line":179,"column":0},"end":{"line":179,"column":120}},"179":{"start":{"line":180,"column":0},"end":{"line":180,"column":40}},"180":{"start":{"line":181,"column":0},"end":{"line":181,"column":133}},"181":{"start":{"line":182,"column":0},"end":{"line":182,"column":34}},"182":{"start":{"line":183,"column":0},"end":{"line":183,"column":30}},"183":{"start":{"line":184,"column":0},"end":{"line":184,"column":31}},"184":{"start":{"line":185,"column":0},"end":{"line":185,"column":26}},"185":{"start":{"line":186,"column":0},"end":{"line":186,"column":22}},"186":{"start":{"line":187,"column":0},"end":{"line":187,"column":18}},"188":{"start":{"line":189,"column":0},"end":{"line":189,"column":29}},"189":{"start":{"line":190,"column":0},"end":{"line":190,"column":32}},"190":{"start":{"line":191,"column":0},"end":{"line":191,"column":36}},"191":{"start":{"line":192,"column":0},"end":{"line":192,"column":58}},"192":{"start":{"line":193,"column":0},"end":{"line":193,"column":38}},"193":{"start":{"line":194,"column":0},"end":{"line":194,"column":39}},"194":{"start":{"line":195,"column":0},"end":{"line":195,"column":46}},"195":{"start":{"line":196,"column":0},"end":{"line":196,"column":22}},"196":{"start":{"line":197,"column":0},"end":{"line":197,"column":18}},"199":{"start":{"line":200,"column":0},"end":{"line":200,"column":29}},"200":{"start":{"line":201,"column":0},"end":{"line":201,"column":27}},"201":{"start":{"line":202,"column":0},"end":{"line":202,"column":36}},"202":{"start":{"line":203,"column":0},"end":{"line":203,"column":36}},"203":{"start":{"line":204,"column":0},"end":{"line":204,"column":54}},"204":{"start":{"line":205,"column":0},"end":{"line":205,"column":46}},"205":{"start":{"line":206,"column":0},"end":{"line":206,"column":62}},"206":{"start":{"line":207,"column":0},"end":{"line":207,"column":57}},"207":{"start":{"line":208,"column":0},"end":{"line":208,"column":96}},"208":{"start":{"line":209,"column":0},"end":{"line":209,"column":18}},"210":{"start":{"line":211,"column":0},"end":{"line":211,"column":11}},"212":{"start":{"line":213,"column":0},"end":{"line":213,"column":1}}},"s":{"2":1,"3":1,"4":1,"22":2,"23":2,"24":2,"25":2,"26":2,"27":2,"28":2,"29":2,"30":2,"31":2,"32":2,"33":2,"34":2,"35":2,"37":2,"38":2,"40":2,"41":2,"42":2,"43":2,"45":2,"47":73,"48":73,"49":73,"50":73,"57":73,"58":73,"60":73,"61":35,"62":35,"63":35,"64":35,"65":35,"66":35,"67":34,"74":34,"75":34,"76":35,"77":1,"78":1,"79":35,"80":0,"81":35,"82":35,"83":35,"84":35,"86":73,"87":33,"88":73,"90":73,"91":2,"92":2,"93":2,"94":2,"95":2,"96":2,"97":2,"98":2,"99":2,"100":2,"101":2,"102":2,"103":2,"104":0,"105":0,"106":2,"108":73,"109":73,"111":24,"113":24,"114":24,"115":24,"116":24,"117":24,"118":24,"119":73,"120":73,"121":73,"122":73,"123":73,"124":73,"125":14,"126":14,"127":14,"128":14,"130":10,"131":10,"132":10,"133":10,"135":10,"137":73,"138":73,"139":73,"140":73,"141":73,"142":73,"143":73,"144":73,"145":73,"146":73,"147":73,"148":73,"149":73,"150":73,"151":73,"152":73,"153":73,"154":73,"155":73,"156":73,"157":73,"158":73,"159":73,"160":14,"161":14,"162":14,"163":14,"165":10,"166":10,"167":10,"168":10,"170":10,"172":73,"173":73,"174":73,"175":73,"176":73,"177":73,"178":73,"179":73,"180":73,"181":73,"182":73,"183":73,"184":73,"185":73,"186":73,"188":73,"189":1,"190":1,"191":1,"192":1,"193":1,"194":1,"195":1,"196":1,"199":73,"200":2,"201":2,"202":2,"203":2,"204":2,"205":2,"206":2,"207":2,"208":2,"210":73,"212":73},"branchMap":{"0":{"type":"branch","line":23,"loc":{"start":{"line":23,"column":0},"end":{"line":46,"column":1}},"locations":[{"start":{"line":23,"column":0},"end":{"line":46,"column":1}}]},"1":{"type":"branch","line":31,"loc":{"start":{"line":31,"column":62},"end":{"line":31,"column":80}},"locations":[{"start":{"line":31,"column":62},"end":{"line":31,"column":80}}]},"2":{"type":"branch","line":33,"loc":{"start":{"line":33,"column":79},"end":{"line":33,"column":89}},"locations":[{"start":{"line":33,"column":79},"end":{"line":33,"column":89}}]},"3":{"type":"branch","line":48,"loc":{"start":{"line":48,"column":0},"end":{"line":213,"column":1}},"locations":[{"start":{"line":48,"column":0},"end":{"line":213,"column":1}}]},"4":{"type":"branch","line":109,"loc":{"start":{"line":109,"column":17},"end":{"line":109,"column":72}},"locations":[{"start":{"line":109,"column":17},"end":{"line":109,"column":72}}]},"5":{"type":"branch","line":109,"loc":{"start":{"line":109,"column":65},"end":{"line":110,"column":22}},"locations":[{"start":{"line":109,"column":65},"end":{"line":110,"column":22}}]},"6":{"type":"branch","line":110,"loc":{"start":{"line":110,"column":15},"end":{"line":110,"column":73}},"locations":[{"start":{"line":110,"column":15},"end":{"line":110,"column":73}}]},"7":{"type":"branch","line":110,"loc":{"start":{"line":110,"column":66},"end":{"line":120,"column":75}},"locations":[{"start":{"line":110,"column":66},"end":{"line":120,"column":75}}]},"8":{"type":"branch","line":120,"loc":{"start":{"line":120,"column":69},"end":{"line":120,"column":79}},"locations":[{"start":{"line":120,"column":69},"end":{"line":120,"column":79}}]},"9":{"type":"branch","line":125,"loc":{"start":{"line":125,"column":26},"end":{"line":129,"column":30}},"locations":[{"start":{"line":125,"column":26},"end":{"line":129,"column":30}}]},"10":{"type":"branch","line":129,"loc":{"start":{"line":129,"column":28},"end":{"line":136,"column":34}},"locations":[{"start":{"line":129,"column":28},"end":{"line":136,"column":34}}]},"11":{"type":"branch","line":153,"loc":{"start":{"line":153,"column":43},"end":{"line":153,"column":71}},"locations":[{"start":{"line":153,"column":43},"end":{"line":153,"column":71}}]},"12":{"type":"branch","line":153,"loc":{"start":{"line":153,"column":65},"end":{"line":153,"column":75}},"locations":[{"start":{"line":153,"column":65},"end":{"line":153,"column":75}}]},"13":{"type":"branch","line":160,"loc":{"start":{"line":160,"column":30},"end":{"line":164,"column":34}},"locations":[{"start":{"line":160,"column":30},"end":{"line":164,"column":34}}]},"14":{"type":"branch","line":164,"loc":{"start":{"line":164,"column":32},"end":{"line":171,"column":38}},"locations":[{"start":{"line":164,"column":32},"end":{"line":171,"column":38}}]},"15":{"type":"branch","line":189,"loc":{"start":{"line":189,"column":13},"end":{"line":197,"column":18}},"locations":[{"start":{"line":189,"column":13},"end":{"line":197,"column":18}}]},"16":{"type":"branch","line":200,"loc":{"start":{"line":200,"column":13},"end":{"line":209,"column":18}},"locations":[{"start":{"line":200,"column":13},"end":{"line":209,"column":18}}]},"17":{"type":"branch","line":206,"loc":{"start":{"line":206,"column":45},"end":{"line":206,"column":62}},"locations":[{"start":{"line":206,"column":45},"end":{"line":206,"column":62}}]},"18":{"type":"branch","line":61,"loc":{"start":{"line":61,"column":22},"end":{"line":85,"column":6}},"locations":[{"start":{"line":61,"column":22},"end":{"line":85,"column":6}}]},"19":{"type":"branch","line":67,"loc":{"start":{"line":67,"column":24},"end":{"line":77,"column":19}},"locations":[{"start":{"line":67,"column":24},"end":{"line":77,"column":19}}]},"20":{"type":"branch","line":77,"loc":{"start":{"line":77,"column":12},"end":{"line":79,"column":13}},"locations":[{"start":{"line":77,"column":12},"end":{"line":79,"column":13}}]},"21":{"type":"branch","line":80,"loc":{"start":{"line":80,"column":8},"end":{"line":82,"column":10}},"locations":[{"start":{"line":80,"column":8},"end":{"line":82,"column":10}}]},"22":{"type":"branch","line":87,"loc":{"start":{"line":87,"column":14},"end":{"line":89,"column":7}},"locations":[{"start":{"line":87,"column":14},"end":{"line":89,"column":7}}]},"23":{"type":"branch","line":91,"loc":{"start":{"line":91,"column":31},"end":{"line":107,"column":6}},"locations":[{"start":{"line":91,"column":31},"end":{"line":107,"column":6}}]},"24":{"type":"branch","line":98,"loc":{"start":{"line":98,"column":25},"end":{"line":98,"column":75}},"locations":[{"start":{"line":98,"column":25},"end":{"line":98,"column":75}}]},"25":{"type":"branch","line":104,"loc":{"start":{"line":104,"column":8},"end":{"line":106,"column":9}},"locations":[{"start":{"line":104,"column":8},"end":{"line":106,"column":9}}]},"26":{"type":"branch","line":127,"loc":{"start":{"line":127,"column":41},"end":{"line":127,"column":103}},"locations":[{"start":{"line":127,"column":41},"end":{"line":127,"column":103}}]},"27":{"type":"branch","line":132,"loc":{"start":{"line":132,"column":41},"end":{"line":132,"column":68}},"locations":[{"start":{"line":132,"column":41},"end":{"line":132,"column":68}}]},"28":{"type":"branch","line":139,"loc":{"start":{"line":139,"column":37},"end":{"line":139,"column":64}},"locations":[{"start":{"line":139,"column":37},"end":{"line":139,"column":64}}]},"29":{"type":"branch","line":193,"loc":{"start":{"line":193,"column":31},"end":{"line":196,"column":22}},"locations":[{"start":{"line":193,"column":31},"end":{"line":196,"column":22}}]},"30":{"type":"branch","line":207,"loc":{"start":{"line":207,"column":29},"end":{"line":207,"column":57}},"locations":[{"start":{"line":207,"column":29},"end":{"line":207,"column":57}}]},"31":{"type":"branch","line":208,"loc":{"start":{"line":208,"column":32},"end":{"line":208,"column":96}},"locations":[{"start":{"line":208,"column":32},"end":{"line":208,"column":96}}]}},"b":{"0":[2],"1":[0],"2":[0],"3":[73],"4":[48],"5":[25],"6":[1],"7":[24],"8":[0],"9":[14],"10":[10],"11":[24],"12":[0],"13":[14],"14":[10],"15":[1],"16":[2],"17":[0],"18":[35],"19":[34],"20":[1],"21":[0],"22":[33],"23":[2],"24":[0],"25":[0],"26":[1],"27":[2],"28":[1],"29":[1],"30":[1],"31":[1]},"fnMap":{"0":{"name":"DetailsBox","decl":{"start":{"line":23,"column":0},"end":{"line":46,"column":1}},"loc":{"start":{"line":23,"column":0},"end":{"line":46,"column":1}},"line":23},"1":{"name":"ShoppingListItem","decl":{"start":{"line":48,"column":0},"end":{"line":213,"column":1}},"loc":{"start":{"line":48,"column":0},"end":{"line":213,"column":1}},"line":48},"2":{"name":"fetchData","decl":{"start":{"line":61,"column":22},"end":{"line":85,"column":6}},"loc":{"start":{"line":61,"column":22},"end":{"line":85,"column":6}},"line":61},"3":{"name":"toggleBoughtStatus","decl":{"start":{"line":91,"column":31},"end":{"line":107,"column":6}},"loc":{"start":{"line":91,"column":31},"end":{"line":107,"column":6}},"line":91},"4":{"name":"onClick","decl":{"start":{"line":127,"column":41},"end":{"line":127,"column":103}},"loc":{"start":{"line":127,"column":41},"end":{"line":127,"column":103}},"line":127},"5":{"name":"onClick","decl":{"start":{"line":132,"column":41},"end":{"line":132,"column":68}},"loc":{"start":{"line":132,"column":41},"end":{"line":132,"column":68}},"line":132},"6":{"name":"onClick","decl":{"start":{"line":139,"column":37},"end":{"line":139,"column":64}},"loc":{"start":{"line":139,"column":37},"end":{"line":139,"column":64}},"line":139},"7":{"name":"onClick","decl":{"start":{"line":162,"column":45},"end":{"line":162,"column":107}},"loc":{"start":{"line":162,"column":45},"end":{"line":162,"column":107}},"line":162},"8":{"name":"onClick","decl":{"start":{"line":167,"column":45},"end":{"line":167,"column":72}},"loc":{"start":{"line":167,"column":45},"end":{"line":167,"column":72}},"line":167},"9":{"name":"onClick","decl":{"start":{"line":174,"column":41},"end":{"line":174,"column":68}},"loc":{"start":{"line":174,"column":41},"end":{"line":174,"column":68}},"line":174},"10":{"name":"onCancel","decl":{"start":{"line":192,"column":30},"end":{"line":192,"column":58}},"loc":{"start":{"line":192,"column":30},"end":{"line":192,"column":58}},"line":192},"11":{"name":"onConfirm","decl":{"start":{"line":193,"column":31},"end":{"line":196,"column":22}},"loc":{"start":{"line":193,"column":31},"end":{"line":196,"column":22}},"line":193},"12":{"name":"onClose","decl":{"start":{"line":207,"column":29},"end":{"line":207,"column":57}},"loc":{"start":{"line":207,"column":29},"end":{"line":207,"column":57}},"line":207},"13":{"name":"onUnBought","decl":{"start":{"line":208,"column":32},"end":{"line":208,"column":96}},"loc":{"start":{"line":208,"column":32},"end":{"line":208,"column":96}},"line":208}},"f":{"0":2,"1":73,"2":35,"3":2,"4":1,"5":2,"6":1,"7":0,"8":0,"9":0,"10":0,"11":1,"12":1,"13":1}}
,"C:\\Users\\matig\\Desktop\\project-webowki\\forttask\\src\\lib\\socket.ts": {"path":"C:\\Users\\matig\\Desktop\\project-webowki\\forttask\\src\\lib\\socket.ts","all":true,"statementMap":{"0":{"start":{"line":1,"column":0},"end":{"line":1,"column":44}},"1":{"start":{"line":2,"column":0},"end":{"line":2,"column":46}},"3":{"start":{"line":4,"column":0},"end":{"line":4,"column":32}},"4":{"start":{"line":5,"column":0},"end":{"line":5,"column":62}},"5":{"start":{"line":6,"column":0},"end":{"line":6,"column":58}},"6":{"start":{"line":7,"column":0},"end":{"line":7,"column":62}},"7":{"start":{"line":8,"column":0},"end":{"line":8,"column":66}},"8":{"start":{"line":9,"column":0},"end":{"line":9,"column":60}},"9":{"start":{"line":10,"column":0},"end":{"line":10,"column":62}},"11":{"start":{"line":12,"column":0},"end":{"line":12,"column":21}},"12":{"start":{"line":13,"column":0},"end":{"line":13,"column":30}},"14":{"start":{"line":15,"column":0},"end":{"line":15,"column":38}},"15":{"start":{"line":16,"column":0},"end":{"line":16,"column":33}},"16":{"start":{"line":17,"column":0},"end":{"line":17,"column":11}},"18":{"start":{"line":19,"column":0},"end":{"line":19,"column":41}},"19":{"start":{"line":20,"column":0},"end":{"line":20,"column":34}},"20":{"start":{"line":21,"column":0},"end":{"line":21,"column":11}},"22":{"start":{"line":23,"column":0},"end":{"line":23,"column":44}},"23":{"start":{"line":24,"column":0},"end":{"line":24,"column":46}},"24":{"start":{"line":25,"column":0},"end":{"line":25,"column":11}},"26":{"start":{"line":27,"column":0},"end":{"line":27,"column":46}},"27":{"start":{"line":28,"column":0},"end":{"line":28,"column":48}},"28":{"start":{"line":29,"column":0},"end":{"line":29,"column":11}},"30":{"start":{"line":31,"column":0},"end":{"line":31,"column":43}},"31":{"start":{"line":32,"column":0},"end":{"line":32,"column":45}},"32":{"start":{"line":33,"column":0},"end":{"line":33,"column":11}},"34":{"start":{"line":35,"column":0},"end":{"line":35,"column":44}},"35":{"start":{"line":36,"column":0},"end":{"line":36,"column":46}},"36":{"start":{"line":37,"column":0},"end":{"line":37,"column":10}},"38":{"start":{"line":39,"column":0},"end":{"line":39,"column":28}},"40":{"start":{"line":41,"column":0},"end":{"line":41,"column":22}},"41":{"start":{"line":42,"column":0},"end":{"line":42,"column":34}},"42":{"start":{"line":43,"column":0},"end":{"line":43,"column":10}},"43":{"start":{"line":44,"column":0},"end":{"line":44,"column":11}},"45":{"start":{"line":46,"column":0},"end":{"line":46,"column":63}},"46":{"start":{"line":47,"column":0},"end":{"line":47,"column":36}},"47":{"start":{"line":48,"column":0},"end":{"line":48,"column":27}},"48":{"start":{"line":49,"column":0},"end":{"line":49,"column":30}},"49":{"start":{"line":50,"column":0},"end":{"line":50,"column":62}},"50":{"start":{"line":51,"column":0},"end":{"line":51,"column":26}},"51":{"start":{"line":52,"column":0},"end":{"line":52,"column":32}},"52":{"start":{"line":53,"column":0},"end":{"line":53,"column":64}},"53":{"start":{"line":54,"column":0},"end":{"line":54,"column":26}},"54":{"start":{"line":55,"column":0},"end":{"line":55,"column":29}},"55":{"start":{"line":56,"column":0},"end":{"line":56,"column":61}},"56":{"start":{"line":57,"column":0},"end":{"line":57,"column":26}},"57":{"start":{"line":58,"column":0},"end":{"line":58,"column":30}},"58":{"start":{"line":59,"column":0},"end":{"line":59,"column":62}},"59":{"start":{"line":60,"column":0},"end":{"line":60,"column":26}},"60":{"start":{"line":61,"column":0},"end":{"line":61,"column":24}},"61":{"start":{"line":62,"column":0},"end":{"line":62,"column":50}},"62":{"start":{"line":63,"column":0},"end":{"line":63,"column":13}},"63":{"start":{"line":64,"column":0},"end":{"line":64,"column":16}},"64":{"start":{"line":65,"column":0},"end":{"line":65,"column":78}},"65":{"start":{"line":66,"column":0},"end":{"line":66,"column":9}},"66":{"start":{"line":67,"column":0},"end":{"line":67,"column":6}},"68":{"start":{"line":69,"column":0},"end":{"line":69,"column":52}},"69":{"start":{"line":70,"column":0},"end":{"line":70,"column":21}},"70":{"start":{"line":71,"column":0},"end":{"line":71,"column":55}},"71":{"start":{"line":72,"column":0},"end":{"line":72,"column":16}},"72":{"start":{"line":73,"column":0},"end":{"line":73,"column":55}},"73":{"start":{"line":74,"column":0},"end":{"line":74,"column":9}},"74":{"start":{"line":75,"column":0},"end":{"line":75,"column":5}},"76":{"start":{"line":77,"column":0},"end":{"line":77,"column":53}},"77":{"start":{"line":78,"column":0},"end":{"line":78,"column":21}},"78":{"start":{"line":79,"column":0},"end":{"line":79,"column":56}},"79":{"start":{"line":80,"column":0},"end":{"line":80,"column":16}},"80":{"start":{"line":81,"column":0},"end":{"line":81,"column":55}},"81":{"start":{"line":82,"column":0},"end":{"line":82,"column":9}},"82":{"start":{"line":83,"column":0},"end":{"line":83,"column":5}},"84":{"start":{"line":85,"column":0},"end":{"line":85,"column":131}},"85":{"start":{"line":86,"column":0},"end":{"line":86,"column":1}}},"s":{"0":0,"1":0,"3":0,"4":0,"5":0,"6":0,"7":0,"8":0,"9":0,"11":0,"12":0,"14":0,"15":0,"16":0,"18":0,"19":0,"20":0,"22":0,"23":0,"24":0,"26":0,"27":0,"28":0,"30":0,"31":0,"32":0,"34":0,"35":0,"36":0,"38":0,"40":0,"41":0,"42":0,"43":0,"45":0,"46":0,"47":0,"48":0,"49":0,"50":0,"51":0,"52":0,"53":0,"54":0,"55":0,"56":0,"57":0,"58":0,"59":0,"60":0,"61":0,"62":0,"63":0,"64":0,"65":0,"66":0,"68":0,"69":0,"70":0,"71":0,"72":0,"73":0,"74":0,"76":0,"77":0,"78":0,"79":0,"80":0,"81":0,"82":0,"84":0,"85":0},"branchMap":{"0":{"type":"branch","line":1,"loc":{"start":{"line":1,"column":2747},"end":{"line":86,"column":1}},"locations":[{"start":{"line":1,"column":2747},"end":{"line":86,"column":1}}]}},"b":{"0":[0]},"fnMap":{"0":{"name":"(empty-report)","decl":{"start":{"line":1,"column":2747},"end":{"line":86,"column":1}},"loc":{"start":{"line":1,"column":2747},"end":{"line":86,"column":1}},"line":1}},"f":{"0":0}}
,"C:\\Users\\matig\\Desktop\\project-webowki\\forttask\\src\\lib\\utils.ts": {"path":"C:\\Users\\matig\\Desktop\\project-webowki\\forttask\\src\\lib\\utils.ts","all":true,"statementMap":{"0":{"start":{"line":1,"column":0},"end":{"line":1,"column":45}},"1":{"start":{"line":2,"column":0},"end":{"line":2,"column":41}},"3":{"start":{"line":4,"column":0},"end":{"line":4,"column":45}},"4":{"start":{"line":5,"column":0},"end":{"line":5,"column":33}},"5":{"start":{"line":6,"column":0},"end":{"line":6,"column":1}}},"s":{"0":0,"1":0,"3":0,"4":0,"5":0},"branchMap":{"0":{"type":"branch","line":1,"loc":{"start":{"line":1,"column":175},"end":{"line":6,"column":1}},"locations":[{"start":{"line":1,"column":175},"end":{"line":6,"column":1}}]}},"b":{"0":[0]},"fnMap":{"0":{"name":"(empty-report)","decl":{"start":{"line":1,"column":175},"end":{"line":6,"column":1}},"loc":{"start":{"line":1,"column":175},"end":{"line":6,"column":1}},"line":1}},"f":{"0":0}}
}
