TN:
SF:src\middleware.ts
FN:5,middleware
FNF:1
FNH:1
FNDA:7,middleware
DA:1,1
DA:3,1
DA:5,7
DA:6,7
DA:8,7
DA:9,7
DA:10,7
DA:11,7
DA:13,7
DA:15,7
DA:16,7
DA:17,7
DA:18,7
DA:20,7
DA:21,7
DA:22,6
DA:23,5
DA:24,4
DA:25,4
DA:26,7
DA:27,4
DA:28,4
DA:30,7
DA:31,1
DA:32,1
DA:33,1
DA:35,7
DA:36,1
DA:37,1
DA:38,1
DA:39,1
DA:41,1
DA:42,1
DA:44,1
DA:45,1
DA:46,1
LF:36
LH:36
BRDA:5,0,0,7
BRDA:21,1,0,6
BRDA:22,2,0,5
BRDA:23,3,0,4
BRDA:24,4,0,4
BRDA:26,5,0,4
BRDA:28,6,0,3
BRDA:30,7,0,1
BRDA:33,8,0,2
BRDA:35,9,0,1
BRF:10
BRH:10
end_of_record
TN:
SF:src\app\auth.ts
FN:14,authorize
FN:54,jwt
FN:92,session
FNF:3
FNH:0
FNDA:0,authorize
FNDA:0,jwt
FNDA:0,session
DA:2,1
DA:3,1
DA:4,1
DA:6,1
DA:7,1
DA:8,1
DA:9,1
DA:10,1
DA:11,1
DA:12,1
DA:13,1
DA:14,1
DA:15,0
DA:16,0
DA:17,0
DA:18,0
DA:20,0
DA:21,0
DA:22,0
DA:23,0
DA:24,0
DA:25,0
DA:27,0
DA:28,0
DA:29,0
DA:30,0
DA:32,0
DA:34,0
DA:35,0
DA:36,0
DA:37,0
DA:39,0
DA:40,0
DA:41,0
DA:42,0
DA:43,0
DA:44,0
DA:45,0
DA:46,0
DA:47,0
DA:48,0
DA:49,0
DA:50,0
DA:51,1
DA:52,1
DA:53,1
DA:54,1
DA:55,0
DA:56,0
DA:57,0
DA:58,0
DA:59,0
DA:61,0
DA:62,0
DA:63,0
DA:64,0
DA:65,0
DA:67,0
DA:68,0
DA:69,0
DA:71,0
DA:72,0
DA:73,0
DA:74,0
DA:75,0
DA:76,0
DA:78,0
DA:79,0
DA:80,0
DA:81,0
DA:82,0
DA:83,0
DA:84,0
DA:86,0
DA:87,0
DA:88,0
DA:89,0
DA:90,0
DA:92,1
DA:93,0
DA:94,0
DA:95,0
DA:96,0
DA:97,0
DA:98,0
DA:99,0
DA:100,0
DA:102,0
DA:103,0
DA:104,0
DA:105,0
DA:106,0
DA:107,0
DA:108,0
DA:109,0
DA:110,0
DA:111,0
DA:112,0
DA:113,0
DA:114,0
DA:116,0
DA:117,0
DA:118,0
DA:119,0
DA:120,0
DA:121,1
DA:122,1
DA:123,1
DA:124,1
DA:125,1
DA:126,1
DA:127,1
DA:128,1
DA:129,1
DA:130,1
DA:131,1
LF:116
LH:28
BRF:0
BRH:0
end_of_record
TN:
SF:src\app\layout.tsx
FN:1,(empty-report)
FNF:1
FNH:1
FNDA:1,(empty-report)
DA:2,0
DA:3,0
DA:4,0
DA:6,0
DA:7,0
DA:8,0
DA:10,0
DA:11,0
DA:12,0
DA:13,0
DA:15,0
DA:16,0
DA:17,0
DA:19,0
DA:20,0
DA:21,0
DA:22,0
DA:23,0
DA:24,0
DA:25,0
DA:27,0
LF:21
LH:0
BRDA:1,0,0,1
BRF:1
BRH:1
end_of_record
TN:
SF:src\app\(app)\layout.tsx
FN:1,(empty-report)
FNF:1
FNH:0
FNDA:0,(empty-report)
DA:1,0
DA:2,0
DA:4,0
DA:5,0
DA:6,0
DA:8,0
DA:9,0
DA:10,0
DA:11,0
DA:12,0
DA:13,0
DA:14,0
DA:16,0
LF:13
LH:0
BRDA:1,0,0,0
BRF:1
BRH:0
end_of_record
TN:
SF:src\app\(app)\page.tsx
FN:7,Dashboard
FN:15,fetchHouseholdId
FN:46,handleChange
FNF:3
FNH:3
FNDA:13,Dashboard
FNDA:7,fetchHouseholdId
FNDA:1,handleChange
DA:2,1
DA:3,1
DA:4,1
DA:5,1
DA:7,13
DA:8,13
DA:9,13
DA:11,13
DA:12,13
DA:14,13
DA:15,7
DA:16,7
DA:17,7
DA:18,7
DA:19,5
DA:20,5
DA:21,7
DA:22,1
DA:23,1
DA:24,7
DA:25,1
DA:26,1
DA:27,7
DA:29,7
DA:30,13
DA:32,13
DA:33,12
DA:35,12
DA:36,5
DA:37,5
DA:39,12
DA:40,12
DA:41,5
DA:42,5
DA:43,12
DA:44,13
DA:46,13
DA:47,1
DA:48,1
DA:49,1
DA:50,1
DA:52,13
DA:53,13
DA:54,13
DA:55,13
DA:56,13
DA:57,13
DA:58,13
DA:59,13
DA:60,13
DA:61,13
DA:62,13
DA:63,13
DA:64,13
DA:65,13
DA:66,13
DA:67,13
DA:68,13
DA:69,13
DA:70,13
DA:71,13
DA:72,13
DA:73,13
DA:74,13
DA:75,13
DA:76,13
DA:77,13
DA:78,13
DA:79,13
DA:80,13
DA:81,13
DA:82,13
DA:83,13
DA:84,13
DA:85,13
DA:86,13
DA:87,13
DA:88,13
DA:89,13
DA:90,13
DA:91,13
DA:92,13
DA:93,13
DA:94,13
DA:95,13
DA:96,13
DA:98,13
LF:87
LH:87
BRDA:7,0,0,13
BRDA:14,1,0,7
BRDA:15,2,0,7
BRDA:17,3,0,6
BRDA:18,4,0,5
BRDA:21,5,0,1
BRDA:24,6,0,1
BRDA:32,7,0,12
BRDA:33,8,0,0
BRDA:35,9,0,5
BRDA:39,10,0,12
BRDA:40,11,0,5
BRDA:46,12,0,1
BRF:13
BRH:12
end_of_record
TN:
SF:src\app\(app)\bills\page.tsx
FN:10,Bills
FN:25,handlePageChange
FN:33,fetchHouseholdId
FN:82,handleSubmit
FN:83,calculateCycle
FN:151,handleShowCalendar
FN:155,handleSelectDate
FN:159,handleReset
FN:192,onChange
FN:210,onChange
FN:239,onChange
FN:249,onClick
FN:261,onClick
FN:275,onClick
FN:319,emitUpdate
FNF:15
FNH:9
FNDA:54,Bills
FNDA:29,handlePageChange
FNDA:5,fetchHouseholdId
FNDA:3,handleSubmit
FNDA:0,calculateCycle
FNDA:2,handleShowCalendar
FNDA:2,handleSelectDate
FNDA:1,handleReset
FNDA:4,onChange
FNDA:4,onChange
FNDA:0,onChange
FNDA:0,onClick
FNDA:0,onClick
FNDA:0,onClick
FNDA:0,emitUpdate
DA:3,1
DA:4,1
DA:5,1
DA:6,1
DA:7,1
DA:8,1
DA:10,54
DA:11,54
DA:12,54
DA:13,54
DA:14,54
DA:15,54
DA:16,54
DA:17,54
DA:18,54
DA:19,54
DA:20,54
DA:22,54
DA:23,54
DA:25,54
DA:26,29
DA:27,29
DA:29,54
DA:30,54
DA:32,54
DA:33,5
DA:34,5
DA:35,5
DA:36,5
DA:37,5
DA:38,5
DA:39,5
DA:40,0
DA:41,0
DA:42,5
DA:43,0
DA:44,0
DA:45,5
DA:47,5
DA:48,54
DA:50,54
DA:51,9
DA:53,9
DA:54,4
DA:55,4
DA:57,9
DA:58,9
DA:59,4
DA:60,4
DA:61,9
DA:62,54
DA:64,54
DA:65,5
DA:66,5
DA:67,5
DA:68,54
DA:70,54
DA:71,15
DA:72,5
DA:73,5
DA:74,5
DA:75,5
DA:76,5
DA:77,5
DA:78,5
DA:79,5
DA:80,54
DA:82,54
DA:83,3
DA:84,0
DA:85,0
DA:86,0
DA:87,0
DA:88,0
DA:89,0
DA:90,0
DA:91,0
DA:92,0
DA:93,0
DA:94,0
DA:95,0
DA:96,0
DA:98,3
DA:99,3
DA:100,3
DA:101,1
DA:102,1
DA:103,1
DA:104,3
DA:105,0
DA:106,0
DA:107,0
DA:108,3
DA:109,1
DA:110,1
DA:111,1
DA:112,3
DA:113,0
DA:114,0
DA:115,0
DA:117,3
DA:119,3
DA:120,3
DA:121,3
DA:122,3
DA:123,3
DA:124,3
DA:125,3
DA:127,3
DA:128,3
DA:129,3
DA:130,3
DA:131,3
DA:132,3
DA:133,3
DA:134,3
DA:135,1
DA:136,0
DA:137,0
DA:138,1
DA:139,3
DA:140,3
DA:141,1
DA:142,1
DA:143,1
DA:144,3
DA:145,3
DA:146,0
DA:147,0
DA:148,3
DA:149,3
DA:151,54
DA:152,2
DA:153,2
DA:155,54
DA:156,2
DA:157,2
DA:159,54
DA:160,1
DA:161,1
DA:162,1
DA:163,1
DA:164,1
DA:165,1
DA:166,1
DA:167,1
DA:168,1
DA:170,54
DA:171,54
DA:172,54
DA:173,54
DA:174,54
DA:175,54
DA:176,54
DA:177,54
DA:178,54
DA:179,54
DA:181,54
DA:182,54
DA:183,54
DA:184,54
DA:185,54
DA:186,54
DA:187,54
DA:189,54
DA:190,54
DA:191,54
DA:192,54
DA:193,54
DA:194,54
DA:195,54
DA:196,54
DA:197,54
DA:198,54
DA:199,54
DA:200,54
DA:201,54
DA:203,54
DA:204,54
DA:205,54
DA:206,54
DA:208,54
DA:209,54
DA:210,54
DA:211,54
DA:212,54
DA:213,54
DA:214,54
DA:215,54
DA:216,54
DA:217,54
DA:218,54
DA:219,54
DA:220,54
DA:221,54
DA:222,54
DA:223,54
DA:225,54
DA:226,54
DA:227,54
DA:228,54
DA:230,54
DA:231,54
DA:232,54
DA:233,54
DA:234,54
DA:236,54
DA:237,54
DA:238,54
DA:239,54
DA:240,54
DA:241,54
DA:242,54
DA:243,54
DA:244,54
DA:245,54
DA:246,54
DA:247,54
DA:248,54
DA:249,54
DA:250,0
DA:251,0
DA:252,0
DA:253,0
DA:254,0
DA:255,54
DA:256,54
DA:257,54
DA:259,54
DA:260,54
DA:261,54
DA:263,54
DA:264,54
DA:265,54
DA:266,54
DA:267,0
DA:268,0
DA:270,0
DA:271,0
DA:272,0
DA:273,0
DA:274,0
DA:275,0
DA:277,0
DA:278,0
DA:279,0
DA:280,0
DA:281,0
DA:282,0
DA:283,0
DA:284,0
DA:285,0
DA:286,0
DA:287,0
DA:288,0
DA:289,0
DA:290,0
DA:291,0
DA:293,0
DA:294,0
DA:295,0
DA:296,0
DA:298,0
DA:299,0
DA:301,54
DA:302,54
DA:303,54
DA:304,54
DA:305,54
DA:306,54
DA:307,54
DA:308,54
DA:309,54
DA:310,54
DA:311,54
DA:312,54
DA:313,54
DA:314,54
DA:315,54
DA:316,54
DA:317,54
DA:318,49
DA:319,49
DA:320,49
DA:321,49
DA:322,49
DA:323,49
DA:325,54
DA:326,54
DA:328,54
DA:329,21
DA:330,21
DA:331,21
DA:332,21
DA:333,21
DA:335,54
DA:337,54
LF:297
LH:236
BRDA:10,0,0,54
BRDA:209,1,0,40
BRDA:230,2,0,16
BRDA:230,3,0,38
BRDA:256,4,0,0
BRDA:259,5,0,0
BRDA:266,6,0,0
BRDA:314,7,0,8
BRDA:317,8,0,49
BRDA:328,9,0,21
BRDA:25,10,0,29
BRDA:32,11,0,5
BRDA:33,12,0,5
BRDA:39,13,0,0
BRDA:42,14,0,0
BRDA:50,15,0,9
BRDA:51,16,0,0
BRDA:53,17,0,4
BRDA:57,18,0,9
BRDA:58,19,0,4
BRDA:64,20,0,5
BRDA:70,21,0,15
BRDA:71,22,0,5
BRDA:82,23,0,3
BRDA:100,24,0,2
BRDA:100,25,0,2
BRDA:100,26,0,1
BRDA:103,27,0,2
BRDA:104,28,0,0
BRDA:107,29,0,2
BRDA:108,30,0,1
BRDA:112,31,0,0
BRDA:115,32,0,1
BRDA:117,33,0,0
BRDA:117,34,0,1
BRDA:134,35,0,1
BRDA:135,36,0,0
BRDA:140,37,0,1
BRDA:151,38,0,2
BRDA:155,39,0,2
BRDA:159,40,0,1
BRDA:192,41,0,4
BRDA:210,42,0,4
BRF:43
BRH:33
end_of_record
TN:
SF:src\app\(app)\chores\page.tsx
FN:28,Chores
FN:43,fetchHouseholdId
FN:61,fetchTotalItems
FN:80,fetchChores
FN:105,fetchHouseholdId
FN:140,handleRefresh
FN:146,handlePageChange
FN:150,handleChoreListToggle
FN:167,emitUpdate
FN:177,emitUpdate
FN:184,emitUpdate
FNF:11
FNH:8
FNDA:24,Chores
FNDA:5,fetchHouseholdId
FNDA:11,fetchTotalItems
FNDA:11,fetchChores
FNDA:5,fetchHouseholdId
FNDA:5,handleRefresh
FNDA:17,handlePageChange
FNDA:1,handleChoreListToggle
FNDA:0,emitUpdate
FNDA:0,emitUpdate
FNDA:0,emitUpdate
DA:2,1
DA:3,1
DA:4,1
DA:5,1
DA:6,1
DA:7,1
DA:8,1
DA:28,24
DA:29,24
DA:30,24
DA:32,24
DA:33,24
DA:35,24
DA:36,24
DA:37,24
DA:38,24
DA:39,24
DA:40,24
DA:42,24
DA:43,5
DA:44,5
DA:45,5
DA:46,5
DA:47,5
DA:48,5
DA:49,5
DA:50,0
DA:51,0
DA:52,5
DA:53,0
DA:54,0
DA:55,5
DA:57,5
DA:58,24
DA:60,24
DA:61,11
DA:62,11
DA:63,11
DA:64,11
DA:65,9
DA:66,9
DA:67,9
DA:68,11
DA:69,0
DA:70,0
DA:71,11
DA:72,2
DA:73,2
DA:74,11
DA:76,11
DA:77,24
DA:79,24
DA:80,11
DA:81,11
DA:82,11
DA:84,11
DA:85,11
DA:86,11
DA:87,9
DA:88,9
DA:89,9
DA:90,11
DA:91,0
DA:92,0
DA:93,11
DA:94,2
DA:95,2
DA:96,11
DA:97,11
DA:98,11
DA:99,11
DA:101,11
DA:102,24
DA:104,24
DA:105,5
DA:106,5
DA:107,5
DA:108,5
DA:109,5
DA:110,5
DA:111,5
DA:112,0
DA:113,0
DA:114,5
DA:115,0
DA:116,0
DA:117,5
DA:119,5
DA:120,24
DA:122,24
DA:123,9
DA:125,9
DA:126,4
DA:127,4
DA:129,9
DA:130,9
DA:131,4
DA:132,4
DA:133,9
DA:134,24
DA:136,24
DA:137,5
DA:138,24
DA:140,24
DA:141,5
DA:142,5
DA:143,5
DA:144,5
DA:146,24
DA:147,17
DA:148,17
DA:150,24
DA:151,1
DA:152,1
DA:154,24
DA:155,24
DA:156,24
DA:157,24
DA:158,24
DA:159,24
DA:160,4
DA:161,4
DA:162,4
DA:163,4
DA:164,4
DA:165,4
DA:166,4
DA:167,4
DA:168,4
DA:170,20
DA:171,20
DA:172,20
DA:173,20
DA:174,20
DA:175,20
DA:176,20
DA:177,20
DA:178,20
DA:180,24
DA:181,24
DA:182,24
DA:183,24
DA:184,24
DA:185,24
DA:186,24
DA:187,24
DA:188,24
DA:190,24
LF:148
LH:136
BRDA:28,0,0,24
BRDA:159,1,0,4
BRDA:168,2,0,20
BRDA:42,3,0,5
BRDA:43,4,0,5
BRDA:49,5,0,0
BRDA:52,6,0,0
BRDA:60,7,0,11
BRDA:61,8,0,11
BRDA:63,9,0,1
BRDA:63,10,0,10
BRDA:64,11,0,9
BRDA:68,12,0,0
BRDA:71,13,0,2
BRDA:79,14,0,11
BRDA:80,15,0,11
BRDA:85,16,0,1
BRDA:85,17,0,10
BRDA:86,18,0,9
BRDA:90,19,0,0
BRDA:93,20,0,2
BRDA:95,21,0,0
BRDA:104,22,0,5
BRDA:105,23,0,5
BRDA:111,24,0,0
BRDA:114,25,0,0
BRDA:122,26,0,9
BRDA:123,27,0,0
BRDA:125,28,0,4
BRDA:129,29,0,9
BRDA:130,30,0,4
BRDA:136,31,0,5
BRDA:140,32,0,5
BRDA:146,33,0,17
BRDA:150,34,0,1
BRF:35
BRH:27
end_of_record
TN:
SF:src\app\(app)\events\page.tsx
FN:10,Events
FN:24,handleDateChange
FN:30,fetchHouseholdId
FN:45,fetchTotalItems
FN:74,fetchEvents
FN:94,handleRefresh
FN:100,handlePageChange
FN:117,emitUpdate
FN:123,emitUpdate
FNF:9
FNH:7
FNDA:16,Events
FNDA:4,handleDateChange
FNDA:4,fetchHouseholdId
FNDA:8,fetchTotalItems
FNDA:8,fetchEvents
FNDA:8,handleRefresh
FNDA:11,handlePageChange
FNDA:0,emitUpdate
FNDA:0,emitUpdate
DA:2,1
DA:3,1
DA:4,1
DA:5,1
DA:6,1
DA:7,1
DA:8,1
DA:10,16
DA:11,16
DA:12,16
DA:13,16
DA:14,16
DA:15,16
DA:17,16
DA:18,16
DA:19,16
DA:21,16
DA:22,16
DA:24,16
DA:25,4
DA:26,4
DA:27,4
DA:29,16
DA:30,4
DA:31,4
DA:32,4
DA:33,4
DA:34,4
DA:35,4
DA:36,4
DA:37,4
DA:38,0
DA:39,0
DA:40,4
DA:41,4
DA:42,16
DA:44,16
DA:45,8
DA:46,8
DA:47,8
DA:48,8
DA:49,6
DA:50,6
DA:51,6
DA:52,8
DA:53,8
DA:54,8
DA:55,16
DA:57,16
DA:58,7
DA:59,7
DA:60,3
DA:61,3
DA:62,7
DA:63,7
DA:64,3
DA:65,3
DA:66,7
DA:67,16
DA:69,16
DA:70,4
DA:71,16
DA:73,16
DA:74,8
DA:75,8
DA:76,8
DA:77,8
DA:78,8
DA:79,8
DA:80,8
DA:81,2
DA:82,2
DA:83,6
DA:84,6
DA:85,8
DA:86,2
DA:87,8
DA:88,8
DA:89,8
DA:90,8
DA:91,8
DA:92,16
DA:94,16
DA:95,8
DA:96,8
DA:97,8
DA:98,8
DA:100,16
DA:101,11
DA:102,11
DA:104,16
DA:105,16
DA:106,16
DA:107,16
DA:108,16
DA:109,16
DA:110,16
DA:111,16
DA:112,16
DA:113,16
DA:114,16
DA:115,16
DA:116,16
DA:117,16
DA:118,16
DA:119,16
DA:120,16
DA:121,16
DA:122,16
DA:123,16
DA:124,16
DA:125,16
DA:126,16
DA:127,16
DA:129,16
LF:115
LH:113
BRDA:10,0,0,16
BRDA:24,1,0,4
BRDA:29,2,0,4
BRDA:30,3,0,4
BRDA:37,4,0,0
BRDA:44,5,0,8
BRDA:45,6,0,8
BRDA:48,7,0,6
BRDA:52,8,0,0
BRDA:57,9,0,7
BRDA:58,10,0,0
BRDA:59,11,0,3
BRDA:62,12,0,7
BRDA:63,13,0,3
BRDA:69,14,0,4
BRDA:73,15,0,8
BRDA:74,16,0,8
BRDA:80,17,0,2
BRDA:82,18,0,6
BRDA:85,19,0,2
BRDA:86,20,0,0
BRDA:94,21,0,8
BRDA:100,22,0,11
BRF:23
BRH:19
end_of_record
TN:
SF:src\app\(app)\managment\page.tsx
FN:21,Management
FN:43,ManagementSideBar
FN:55,onClick
FN:69,ContentSection
FN:79,AccountContent
FN:88,fetchUserData
FN:113,handleUpdateProfile
FN:174,onChange
FN:189,onChange
FN:216,ProfilePicture
FN:234,fetchProfilePictures
FN:269,handleSelectPicture
FN:273,handleSaveProfilePicture
FN:353,onClick
FN:373,onClick
FN:411,HouseholdContent
FN:425,fetchHouseholdData
FN:463,handleUpdateHousehold
FN:498,handleRemoveMember
FN:523,handleDeleteHousehold
FN:555,handleLeaveHousehold
FN:641,onChange
FN:658,onChange
FN:664,onClick
FN:718,onClick
FN:760,onClick
FN:798,onClick
FNF:27
FNH:14
FNDA:10,Management
FNDA:10,ManagementSideBar
FNDA:4,onClick
FNDA:10,ContentSection
FNDA:12,AccountContent
FNDA:11,fetchUserData
FNDA:0,handleUpdateProfile
FNDA:0,onChange
FNDA:0,onChange
FNDA:7,ProfilePicture
FNDA:2,fetchProfilePictures
FNDA:1,handleSelectPicture
FNDA:1,handleSaveProfilePicture
FNDA:0,onClick
FNDA:1,onClick
FNDA:8,HouseholdContent
FNDA:7,fetchHouseholdData
FNDA:0,handleUpdateHousehold
FNDA:0,handleRemoveMember
FNDA:0,handleDeleteHousehold
FNDA:0,handleLeaveHousehold
FNDA:0,onChange
FNDA:0,onChange
FNDA:1,onClick
FNDA:0,onClick
FNDA:0,onClick
FNDA:0,onClick
DA:3,1
DA:4,1
DA:5,1
DA:21,10
DA:22,10
DA:24,10
DA:25,10
DA:26,10
DA:27,10
DA:28,10
DA:29,10
DA:30,10
DA:31,10
DA:32,10
DA:33,10
DA:34,10
DA:36,10
DA:43,10
DA:44,10
DA:46,10
DA:47,10
DA:48,10
DA:49,10
DA:50,30
DA:51,30
DA:52,30
DA:53,30
DA:54,30
DA:55,30
DA:57,30
DA:58,30
DA:59,10
DA:60,10
DA:61,10
DA:63,10
DA:69,10
DA:70,10
DA:71,10
DA:72,10
DA:73,10
DA:74,10
DA:75,10
DA:77,10
DA:79,12
DA:80,12
DA:81,12
DA:82,12
DA:83,12
DA:84,12
DA:85,12
DA:87,12
DA:88,11
DA:89,11
DA:91,11
DA:92,11
DA:93,11
DA:95,11
DA:96,0
DA:97,0
DA:99,11
DA:100,11
DA:101,11
DA:102,11
DA:103,0
DA:104,0
DA:105,11
DA:106,11
DA:107,11
DA:108,11
DA:110,11
DA:111,12
DA:113,12
DA:114,0
DA:116,0
DA:117,0
DA:118,0
DA:120,0
DA:121,0
DA:122,0
DA:123,0
DA:124,0
DA:125,0
DA:126,0
DA:127,0
DA:128,0
DA:129,0
DA:130,0
DA:132,0
DA:133,0
DA:134,0
DA:135,0
DA:137,0
DA:138,0
DA:139,0
DA:140,0
DA:141,0
DA:142,0
DA:143,0
DA:144,0
DA:145,0
DA:146,0
DA:147,0
DA:149,12
DA:150,12
DA:151,12
DA:152,12
DA:153,12
DA:154,12
DA:156,12
DA:157,6
DA:159,6
DA:160,6
DA:161,0
DA:162,0
DA:164,0
DA:165,0
DA:168,6
DA:169,6
DA:171,6
DA:172,6
DA:173,6
DA:174,6
DA:175,6
DA:176,6
DA:177,6
DA:178,6
DA:181,6
DA:182,6
DA:184,6
DA:185,6
DA:186,6
DA:187,6
DA:188,6
DA:189,6
DA:190,6
DA:191,6
DA:192,6
DA:194,6
DA:197,6
DA:198,6
DA:200,6
DA:201,6
DA:202,6
DA:203,6
DA:204,6
DA:206,6
DA:207,6
DA:208,6
DA:209,6
DA:211,12
DA:213,12
DA:216,7
DA:217,7
DA:218,7
DA:219,7
DA:220,7
DA:221,7
DA:222,7
DA:223,7
DA:226,7
DA:227,7
DA:228,7
DA:229,7
DA:230,7
DA:231,7
DA:233,7
DA:234,2
DA:235,2
DA:236,2
DA:237,2
DA:238,2
DA:239,0
DA:240,0
DA:241,2
DA:243,2
DA:244,2
DA:245,2
DA:246,2
DA:248,2
DA:249,2
DA:250,2
DA:251,2
DA:252,2
DA:253,2
DA:254,2
DA:255,0
DA:256,0
DA:257,2
DA:258,2
DA:259,0
DA:260,0
DA:261,2
DA:262,2
DA:263,2
DA:264,2
DA:266,2
DA:267,7
DA:269,7
DA:270,1
DA:271,1
DA:273,7
DA:274,1
DA:276,1
DA:277,1
DA:278,1
DA:280,1
DA:281,1
DA:282,1
DA:283,1
DA:284,1
DA:285,1
DA:286,1
DA:287,1
DA:288,1
DA:289,1
DA:291,1
DA:292,0
DA:293,0
DA:294,0
DA:296,1
DA:297,1
DA:298,1
DA:299,1
DA:300,0
DA:301,0
DA:302,0
DA:303,0
DA:304,0
DA:305,1
DA:306,1
DA:307,1
DA:308,1
DA:310,7
DA:311,7
DA:312,7
DA:313,7
DA:314,7
DA:315,7
DA:317,7
DA:318,2
DA:320,5
DA:321,5
DA:322,1
DA:323,1
DA:324,1
DA:325,1
DA:327,1
DA:328,1
DA:331,5
DA:332,5
DA:333,5
DA:334,5
DA:335,5
DA:336,5
DA:337,5
DA:338,5
DA:339,5
DA:340,5
DA:341,5
DA:342,5
DA:343,5
DA:344,5
DA:345,5
DA:347,5
DA:348,5
DA:350,5
DA:351,5
DA:352,5
DA:353,5
DA:354,5
DA:355,5
DA:356,0
DA:357,5
DA:358,5
DA:360,5
DA:361,5
DA:362,5
DA:363,5
DA:364,5
DA:365,5
DA:366,5
DA:367,5
DA:368,5
DA:370,5
DA:371,10
DA:372,10
DA:373,10
DA:374,10
DA:375,10
DA:376,5
DA:377,5
DA:378,10
DA:380,10
DA:381,10
DA:382,10
DA:383,10
DA:384,10
DA:385,10
DA:386,10
DA:387,10
DA:388,10
DA:389,5
DA:390,5
DA:391,5
DA:393,5
DA:394,5
DA:395,5
DA:396,5
DA:397,5
DA:398,5
DA:399,5
DA:401,5
DA:402,5
DA:403,5
DA:404,5
DA:406,7
DA:408,7
DA:411,8
DA:412,8
DA:413,8
DA:414,8
DA:415,8
DA:416,8
DA:417,8
DA:418,8
DA:419,8
DA:420,8
DA:421,8
DA:422,8
DA:424,8
DA:425,7
DA:426,7
DA:427,0
DA:428,0
DA:429,0
DA:430,0
DA:432,7
DA:433,7
DA:434,7
DA:436,7
DA:437,0
DA:438,0
DA:440,7
DA:441,7
DA:442,7
DA:443,7
DA:445,7
DA:446,7
DA:447,0
DA:448,0
DA:450,7
DA:451,7
DA:452,7
DA:453,0
DA:454,0
DA:455,7
DA:456,7
DA:457,7
DA:458,7
DA:460,7
DA:461,8
DA:463,8
DA:464,0
DA:466,0
DA:467,0
DA:469,0
DA:470,0
DA:471,0
DA:472,0
DA:473,0
DA:474,0
DA:475,0
DA:476,0
DA:477,0
DA:478,0
DA:479,0
DA:481,0
DA:482,0
DA:483,0
DA:484,0
DA:486,0
DA:487,0
DA:488,0
DA:489,0
DA:490,0
DA:491,0
DA:492,0
DA:493,0
DA:494,0
DA:495,0
DA:496,0
DA:498,8
DA:499,0
DA:501,0
DA:503,0
DA:504,0
DA:505,0
DA:506,0
DA:508,0
DA:509,0
DA:510,0
DA:512,0
DA:513,0
DA:514,0
DA:515,0
DA:516,0
DA:517,0
DA:518,0
DA:519,0
DA:520,0
DA:521,0
DA:523,8
DA:524,0
DA:526,0
DA:527,0
DA:528,0
DA:529,0
DA:531,0
DA:532,0
DA:533,0
DA:534,0
DA:536,0
DA:537,0
DA:538,0
DA:540,0
DA:542,0
DA:543,0
DA:544,0
DA:545,0
DA:546,0
DA:547,0
DA:548,0
DA:549,0
DA:550,0
DA:551,0
DA:552,0
DA:553,0
DA:555,8
DA:556,0
DA:558,0
DA:559,0
DA:560,0
DA:561,0
DA:563,0
DA:564,0
DA:565,0
DA:566,0
DA:568,0
DA:569,0
DA:570,0
DA:572,0
DA:574,0
DA:576,0
DA:577,0
DA:578,0
DA:579,0
DA:580,0
DA:581,0
DA:582,0
DA:583,0
DA:584,0
DA:585,0
DA:586,0
DA:587,0
DA:589,8
DA:591,8
DA:592,4
DA:593,4
DA:594,4
DA:595,4
DA:597,4
DA:599,8
DA:600,0
DA:601,0
DA:602,0
DA:603,0
DA:604,0
DA:605,0
DA:606,0
DA:607,0
DA:609,0
DA:610,0
DA:611,0
DA:613,0
DA:615,4
DA:616,4
DA:617,4
DA:618,4
DA:619,4
DA:620,4
DA:622,4
DA:623,1
DA:624,1
DA:626,1
DA:627,1
DA:630,8
DA:631,4
DA:632,4
DA:633,4
DA:635,4
DA:636,4
DA:637,4
DA:638,4
DA:639,4
DA:640,4
DA:641,4
DA:642,4
DA:643,4
DA:644,4
DA:645,4
DA:646,0
DA:648,0
DA:650,4
DA:652,4
DA:653,4
DA:654,4
DA:655,4
DA:656,4
DA:657,4
DA:658,4
DA:659,4
DA:660,4
DA:661,4
DA:662,4
DA:663,4
DA:664,4
DA:665,1
DA:666,1
DA:667,1
DA:668,1
DA:669,1
DA:670,1
DA:671,1
DA:672,4
DA:673,4
DA:674,4
DA:676,4
DA:677,4
DA:678,4
DA:680,4
DA:681,4
DA:682,4
DA:684,4
DA:685,4
DA:686,4
DA:687,4
DA:688,4
DA:689,4
DA:691,4
DA:692,4
DA:694,4
DA:695,4
DA:697,4
DA:698,4
DA:700,4
DA:701,4
DA:702,0
DA:704,4
DA:705,4
DA:706,8
DA:707,8
DA:708,8
DA:709,8
DA:710,4
DA:712,4
DA:714,8
DA:716,8
DA:717,4
DA:718,4
DA:719,4
DA:720,4
DA:721,4
DA:723,4
DA:725,8
DA:726,4
DA:727,4
DA:730,4
DA:731,4
DA:732,4
DA:733,4
DA:734,4
DA:735,4
DA:736,4
DA:738,4
DA:739,4
DA:740,4
DA:742,4
DA:743,4
DA:746,4
DA:748,4
DA:749,0
DA:750,0
DA:752,0
DA:753,0
DA:754,0
DA:755,0
DA:756,0
DA:758,0
DA:759,0
DA:760,0
DA:761,0
DA:762,0
DA:764,0
DA:765,0
DA:767,4
DA:768,4
DA:769,4
DA:770,4
DA:772,4
DA:774,4
DA:775,4
DA:777,0
DA:778,0
DA:780,0
DA:781,0
DA:784,0
DA:786,0
DA:787,0
DA:788,0
DA:790,0
DA:791,0
DA:792,0
DA:793,0
DA:794,0
DA:796,0
DA:797,0
DA:798,0
DA:799,0
DA:800,0
DA:802,0
DA:803,0
DA:805,0
DA:806,0
DA:807,0
DA:808,0
DA:810,0
DA:812,0
DA:813,0
DA:815,4
DA:817,8
DA:819,8
LF:641
LH:423
BRDA:21,0,0,10
BRDA:43,1,0,10
BRDA:49,2,0,30
BRDA:53,3,0,10
BRDA:53,4,0,20
BRDA:55,5,0,4
BRDA:69,6,0,10
BRDA:72,7,0,6
BRDA:73,8,0,2
BRDA:74,9,0,2
BRDA:79,10,0,12
BRDA:156,11,0,6
BRDA:157,12,0,6
BRDA:160,13,0,0
BRDA:202,14,0,0
BRDA:206,15,0,0
BRDA:87,16,0,11
BRDA:88,17,0,11
BRDA:89,18,0,0
BRDA:95,19,0,0
BRDA:100,20,0,0
BRDA:101,21,0,0
BRDA:102,22,0,0
BRDA:216,23,0,7
BRDA:317,24,0,2
BRDA:318,25,0,5
BRDA:321,26,0,1
BRDA:324,27,0,0
BRDA:336,28,0,0
BRDA:337,29,0,0
BRDA:342,30,0,0
BRDA:355,31,0,0
BRDA:396,32,0,1
BRDA:396,33,0,4
BRDA:399,34,0,4
BRDA:399,35,0,1
BRDA:399,36,0,0
BRDA:401,37,0,1
BRDA:401,38,0,4
BRDA:233,39,0,2
BRDA:234,40,0,2
BRDA:238,41,0,0
BRDA:254,42,0,0
BRDA:258,43,0,0
BRDA:269,44,0,1
BRDA:273,45,0,1
BRDA:274,46,0,0
BRDA:291,47,0,0
BRDA:299,48,0,0
BRDA:370,49,0,10
BRDA:375,50,0,5
BRDA:376,51,0,5
BRDA:373,52,0,1
BRDA:411,53,0,8
BRDA:589,54,0,6
BRDA:589,55,0,0
BRDA:591,56,0,4
BRDA:599,57,0,0
BRDA:613,58,0,4
BRDA:622,59,0,1
BRDA:624,60,0,0
BRDA:630,61,0,4
BRDA:645,62,0,0
BRDA:680,63,0,0
BRDA:701,64,0,0
BRDA:748,65,0,0
BRDA:775,66,0,0
BRDA:424,67,0,7
BRDA:425,68,0,7
BRDA:426,69,0,0
BRDA:436,70,0,0
BRDA:442,71,0,0
BRDA:443,72,0,0
BRDA:446,73,0,0
BRDA:452,74,0,0
BRDA:664,75,0,1
BRDA:705,76,0,8
BRDA:708,77,0,0
BRDA:709,78,0,4
BRDA:716,79,0,4
BRF:80
BRH:45
end_of_record
TN:
SF:src\app\(app)\messages\page.tsx
FN:29,Messages
FN:60,scrollToBottom
FN:67,fetchHouseholdData
FN:110,initStreamChat
FN:237,sendMessage
FN:271,formatTime
FN:306,getUserName
FN:355,handleScroll
FN:374,handleVisibilityChange
FN:479,onChange
FN:629,onChange
FNF:11
FNH:3
FNDA:30,Messages
FNDA:0,scrollToBottom
FNDA:30,fetchHouseholdData
FNDA:26,initStreamChat
FNDA:0,sendMessage
FNDA:0,formatTime
FNDA:0,getUserName
FNDA:0,handleScroll
FNDA:0,handleVisibilityChange
FNDA:0,onChange
FNDA:0,onChange
DA:3,1
DA:4,1
DA:5,1
DA:6,1
DA:22,1
DA:23,1
DA:24,1
DA:25,1
DA:26,1
DA:27,1
DA:29,30
DA:30,30
DA:31,30
DA:32,30
DA:33,30
DA:34,30
DA:35,30
DA:36,30
DA:37,30
DA:38,30
DA:39,30
DA:40,30
DA:41,30
DA:42,30
DA:43,30
DA:44,30
DA:45,30
DA:46,30
DA:47,30
DA:49,30
DA:50,30
DA:51,2
DA:52,2
DA:53,2
DA:55,0
DA:56,2
DA:57,30
DA:58,30
DA:60,30
DA:61,0
DA:62,0
DA:63,0
DA:64,0
DA:66,30
DA:67,30
DA:68,30
DA:70,30
DA:71,30
DA:72,30
DA:73,30
DA:74,30
DA:75,30
DA:77,30
DA:78,30
DA:79,30
DA:80,30
DA:81,30
DA:83,30
DA:84,30
DA:85,30
DA:86,56
DA:87,4
DA:88,4
DA:89,56
DA:90,30
DA:91,30
DA:92,0
DA:93,0
DA:95,30
DA:96,30
DA:97,30
DA:98,30
DA:99,30
DA:100,0
DA:101,0
DA:102,30
DA:104,30
DA:105,30
DA:107,30
DA:108,30
DA:110,30
DA:111,26
DA:113,26
DA:114,26
DA:116,26
DA:118,26
DA:119,5
DA:120,5
DA:121,3
DA:122,3
DA:124,2
DA:126,5
DA:127,5
DA:129,5
DA:130,5
DA:131,5
DA:132,5
DA:133,5
DA:134,5
DA:135,5
DA:136,5
DA:138,2
DA:139,2
DA:140,2
DA:141,5
DA:143,26
DA:144,23
DA:145,23
DA:147,23
DA:148,23
DA:149,23
DA:150,23
DA:152,23
DA:154,23
DA:155,23
DA:157,23
DA:158,23
DA:160,23
DA:161,23
DA:162,23
DA:163,23
DA:164,23
DA:165,23
DA:167,23
DA:168,21
DA:169,21
DA:170,21
DA:171,21
DA:172,21
DA:173,21
DA:174,23
DA:175,2
DA:176,2
DA:178,23
DA:180,23
DA:181,0
DA:182,0
DA:183,0
DA:184,0
DA:185,23
DA:186,23
DA:187,0
DA:188,0
DA:189,0
DA:190,0
DA:191,0
DA:192,0
DA:193,0
DA:194,0
DA:195,0
DA:196,23
DA:197,23
DA:198,26
DA:199,3
DA:200,3
DA:201,3
DA:202,3
DA:203,3
DA:205,3
DA:206,2
DA:207,2
DA:208,26
DA:209,26
DA:210,26
DA:211,26
DA:213,30
DA:214,26
DA:215,26
DA:217,30
DA:218,30
DA:219,30
DA:220,30
DA:222,30
DA:223,4
DA:224,4
DA:225,2
DA:226,0
DA:227,2
DA:228,2
DA:229,2
DA:231,4
DA:232,4
DA:233,4
DA:234,4
DA:235,30
DA:237,30
DA:238,0
DA:240,0
DA:242,0
DA:243,0
DA:245,0
DA:246,0
DA:247,0
DA:248,0
DA:250,0
DA:251,0
DA:252,0
DA:254,0
DA:255,0
DA:256,0
DA:257,0
DA:259,0
DA:260,0
DA:261,0
DA:263,0
DA:264,0
DA:265,0
DA:266,0
DA:267,0
DA:268,0
DA:269,0
DA:270,0
DA:271,30
DA:272,0
DA:274,0
DA:275,0
DA:277,0
DA:279,0
DA:280,0
DA:281,0
DA:283,0
DA:284,0
DA:285,0
DA:287,0
DA:289,0
DA:290,0
DA:291,0
DA:292,0
DA:293,0
DA:294,0
DA:295,0
DA:296,0
DA:297,0
DA:298,0
DA:299,0
DA:300,0
DA:301,0
DA:303,0
DA:304,0
DA:306,30
DA:307,0
DA:308,0
DA:309,0
DA:311,0
DA:312,0
DA:314,30
DA:315,0
DA:317,0
DA:319,0
DA:320,0
DA:321,0
DA:322,0
DA:323,0
DA:324,0
DA:325,0
DA:327,0
DA:328,0
DA:329,0
DA:331,0
DA:332,0
DA:333,0
DA:335,0
DA:336,0
DA:337,0
DA:338,0
DA:339,0
DA:340,0
DA:341,0
DA:342,0
DA:343,0
DA:344,0
DA:345,0
DA:346,0
DA:347,0
DA:348,0
DA:349,0
DA:350,0
DA:351,0
DA:352,30
DA:354,30
DA:355,8
DA:356,0
DA:357,0
DA:359,0
DA:360,0
DA:361,0
DA:362,0
DA:363,0
DA:365,8
DA:366,8
DA:368,8
DA:369,8
DA:370,8
DA:371,30
DA:373,30
DA:374,4
DA:375,0
DA:376,0
DA:378,0
DA:379,0
DA:381,0
DA:382,0
DA:384,0
DA:385,0
DA:386,0
DA:387,0
DA:388,0
DA:390,0
DA:391,0
DA:392,0
DA:393,0
DA:394,0
DA:395,0
DA:396,0
DA:397,0
DA:398,0
DA:399,0
DA:401,4
DA:402,4
DA:404,4
DA:405,4
DA:406,4
DA:407,4
DA:408,30
DA:410,30
DA:411,0
DA:412,0
DA:413,0
DA:414,0
DA:415,0
DA:416,0
DA:417,0
DA:418,0
DA:420,0
DA:421,0
DA:423,0
DA:425,30
DA:426,26
DA:427,26
DA:428,26
DA:429,26
DA:430,26
DA:431,26
DA:432,26
DA:434,26
DA:436,4
DA:437,4
DA:438,4
DA:439,4
DA:440,4
DA:441,4
DA:442,4
DA:443,4
DA:444,6
DA:445,6
DA:446,6
DA:448,6
DA:449,6
DA:450,6
DA:451,6
DA:452,6
DA:453,6
DA:454,6
DA:455,6
DA:456,6
DA:457,6
DA:458,6
DA:459,6
DA:460,6
DA:461,6
DA:462,6
DA:463,6
DA:464,4
DA:465,4
DA:466,4
DA:467,4
DA:469,4
DA:470,4
DA:471,4
DA:472,4
DA:474,4
DA:475,4
DA:476,4
DA:477,4
DA:478,4
DA:479,4
DA:480,4
DA:481,4
DA:482,4
DA:484,4
DA:485,4
DA:486,4
DA:487,4
DA:489,4
DA:490,4
DA:491,4
DA:492,4
DA:493,4
DA:494,4
DA:496,4
DA:497,4
DA:498,4
DA:499,4
DA:500,4
DA:501,4
DA:502,4
DA:503,4
DA:504,4
DA:505,4
DA:506,4
DA:507,4
DA:508,4
DA:510,4
DA:511,0
DA:512,0
DA:513,0
DA:514,0
DA:515,0
DA:516,0
DA:517,0
DA:518,0
DA:519,0
DA:520,0
DA:522,0
DA:523,0
DA:524,0
DA:525,0
DA:526,0
DA:527,0
DA:528,0
DA:529,0
DA:530,0
DA:531,0
DA:532,0
DA:533,0
DA:534,0
DA:535,0
DA:536,0
DA:537,0
DA:538,0
DA:539,0
DA:540,0
DA:541,0
DA:542,0
DA:544,0
DA:545,0
DA:546,0
DA:547,0
DA:548,0
DA:549,0
DA:550,0
DA:552,30
DA:553,0
DA:555,30
DA:556,0
DA:557,0
DA:558,0
DA:559,0
DA:560,0
DA:562,0
DA:563,0
DA:564,0
DA:565,0
DA:566,0
DA:567,0
DA:568,0
DA:569,0
DA:570,0
DA:571,0
DA:572,0
DA:573,0
DA:574,0
DA:575,0
DA:576,0
DA:577,0
DA:578,0
DA:579,0
DA:580,0
DA:581,0
DA:582,0
DA:583,0
DA:584,0
DA:585,0
DA:586,0
DA:587,0
DA:588,0
DA:590,0
DA:591,0
DA:592,0
DA:593,0
DA:594,0
DA:595,0
DA:596,0
DA:597,0
DA:598,0
DA:599,0
DA:600,0
DA:601,0
DA:602,0
DA:603,0
DA:604,0
DA:605,0
DA:606,0
DA:607,0
DA:608,0
DA:609,0
DA:610,0
DA:611,0
DA:612,0
DA:613,0
DA:614,0
DA:615,0
DA:616,0
DA:618,0
DA:619,30
DA:620,30
DA:621,30
DA:622,30
DA:624,30
DA:625,30
DA:626,30
DA:627,30
DA:628,30
DA:629,30
DA:630,30
DA:631,30
DA:632,30
DA:634,30
DA:635,30
DA:636,30
DA:637,30
DA:639,30
DA:640,30
DA:641,30
DA:642,30
DA:643,30
DA:644,30
DA:646,30
DA:647,30
DA:648,30
DA:649,30
DA:650,30
DA:651,30
DA:652,30
DA:653,30
DA:654,30
DA:655,30
DA:656,30
DA:657,30
DA:658,30
DA:660,30
LF:551
LH:301
BRDA:29,0,0,30
BRDA:410,1,0,0
BRDA:425,2,0,4
BRDA:425,3,0,26
BRDA:434,4,0,4
BRDA:510,5,0,0
BRDA:552,6,0,0
BRDA:552,7,0,0
BRDA:50,8,0,2
BRDA:53,9,0,0
BRDA:66,10,0,30
BRDA:67,11,0,30
BRDA:68,12,0,0
BRDA:91,13,0,0
BRDA:95,14,0,0
BRDA:99,15,0,0
BRDA:85,16,0,56
BRDA:86,17,0,4
BRDA:107,18,0,30
BRDA:213,19,0,26
BRDA:110,20,0,26
BRDA:111,21,0,0
BRDA:114,22,0,0
BRDA:118,23,0,5
BRDA:120,24,0,3
BRDA:122,25,0,2
BRDA:132,26,0,0
BRDA:136,27,0,2
BRDA:141,28,0,23
BRDA:143,29,0,23
BRDA:167,30,0,21
BRDA:174,31,0,2
BRDA:186,32,0,0
BRDA:198,33,0,3
BRDA:205,34,0,2
BRDA:168,35,0,21
BRDA:217,36,0,30
BRDA:222,37,0,4
BRDA:223,38,0,4
BRDA:224,39,0,2
BRDA:354,40,0,8
BRDA:366,41,0,2
BRDA:368,42,0,8
BRDA:369,43,0,2
BRDA:373,44,0,4
BRDA:404,45,0,4
BRDA:443,46,0,6
BRDA:450,47,0,0
BRDA:460,48,0,4
BRDA:460,49,0,2
BRF:50
BRH:36
end_of_record
TN:
SF:src\app\(app)\shopping\page.tsx
FN:7,Shopping
FN:18,fetchHouseholdId
FN:49,handlePageChange
FN:52,handleSubmit
FN:108,handleReset
FN:133,onChange
FN:151,onChange
FN:183,emitUpdate
FNF:8
FNH:7
FNDA:53,Shopping
FNDA:5,fetchHouseholdId
FNDA:29,handlePageChange
FNDA:4,handleSubmit
FNDA:1,handleReset
FNDA:4,onChange
FNDA:5,onChange
FNDA:0,emitUpdate
DA:2,1
DA:3,1
DA:4,1
DA:5,1
DA:7,53
DA:8,53
DA:9,53
DA:10,53
DA:11,17
DA:12,53
DA:13,53
DA:14,53
DA:15,53
DA:16,53
DA:17,53
DA:18,5
DA:19,5
DA:20,5
DA:21,5
DA:22,5
DA:23,5
DA:24,5
DA:25,0
DA:26,0
DA:27,5
DA:28,0
DA:29,0
DA:30,5
DA:31,5
DA:32,53
DA:33,53
DA:34,9
DA:35,9
DA:36,4
DA:37,4
DA:38,9
DA:39,9
DA:40,4
DA:41,4
DA:42,9
DA:43,53
DA:44,53
DA:45,5
DA:46,5
DA:47,5
DA:48,53
DA:49,53
DA:50,29
DA:51,29
DA:52,53
DA:53,4
DA:54,4
DA:55,4
DA:56,4
DA:57,4
DA:58,4
DA:59,1
DA:60,1
DA:61,1
DA:62,4
DA:63,1
DA:64,1
DA:65,1
DA:66,4
DA:67,1
DA:68,1
DA:69,1
DA:70,4
DA:71,1
DA:72,1
DA:73,1
DA:74,1
DA:75,1
DA:76,1
DA:77,1
DA:78,1
DA:79,1
DA:80,1
DA:81,1
DA:82,1
DA:83,1
DA:84,1
DA:85,1
DA:86,0
DA:87,0
DA:88,1
DA:89,1
DA:90,1
DA:91,1
DA:92,1
DA:93,1
DA:94,1
DA:95,0
DA:96,1
DA:97,1
DA:98,0
DA:99,0
DA:100,1
DA:101,1
DA:102,1
DA:103,1
DA:104,4
DA:105,53
DA:106,53
DA:108,53
DA:109,1
DA:110,1
DA:111,1
DA:113,53
DA:114,53
DA:115,53
DA:116,53
DA:117,53
DA:118,53
DA:119,53
DA:120,53
DA:121,53
DA:123,53
DA:124,53
DA:125,53
DA:126,53
DA:127,53
DA:128,53
DA:129,53
DA:131,53
DA:132,53
DA:133,53
DA:134,53
DA:135,53
DA:136,53
DA:137,53
DA:138,53
DA:139,53
DA:140,53
DA:141,53
DA:142,53
DA:143,53
DA:145,53
DA:146,53
DA:147,53
DA:148,53
DA:150,53
DA:151,53
DA:152,53
DA:153,53
DA:154,53
DA:155,53
DA:156,53
DA:157,53
DA:158,53
DA:159,53
DA:160,53
DA:161,53
DA:162,53
DA:163,53
DA:164,53
DA:165,53
DA:166,53
DA:167,53
DA:168,53
DA:169,53
DA:170,53
DA:171,53
DA:172,53
DA:173,53
DA:174,53
DA:175,53
DA:176,53
DA:177,53
DA:178,53
DA:179,53
DA:180,53
DA:181,53
DA:182,53
DA:183,47
DA:185,53
DA:186,53
DA:188,53
LF:178
LH:169
BRDA:7,0,0,53
BRDA:152,1,0,19
BRDA:152,2,0,34
BRDA:182,3,0,47
BRDA:10,4,0,17
BRDA:17,5,0,5
BRDA:18,6,0,5
BRDA:24,7,0,0
BRDA:27,8,0,0
BRDA:33,9,0,9
BRDA:34,10,0,0
BRDA:35,11,0,4
BRDA:38,12,0,9
BRDA:39,13,0,4
BRDA:44,14,0,5
BRDA:47,15,0,5
BRDA:49,16,0,29
BRDA:52,17,0,4
BRDA:58,18,0,1
BRDA:61,19,0,3
BRDA:62,20,0,1
BRDA:65,21,0,2
BRDA:66,22,0,1
BRDA:70,23,0,1
BRDA:70,24,0,1
BRDA:97,25,0,0
BRDA:82,26,0,1
BRDA:85,27,0,0
BRDA:89,28,0,1
BRDA:108,29,0,1
BRDA:133,30,0,4
BRDA:151,31,0,5
BRF:32
BRH:27
end_of_record
TN:
SF:src\app\api\auth\[...nextauth]\route.ts
FN:1,(empty-report)
FNF:1
FNH:0
FNDA:0,(empty-report)
DA:1,0
DA:2,0
DA:3,0
DA:4,0
DA:5,0
DA:6,0
LF:6
LH:0
BRDA:1,0,0,0
BRF:1
BRH:0
end_of_record
TN:
SF:src\app\api\bill\route.ts
FN:6,POST
FN:60,GET
FN:116,DELETE
FNF:3
FNH:3
FNDA:5,POST
FNDA:5,GET
FNDA:7,DELETE
DA:1,1
DA:2,1
DA:3,1
DA:4,1
DA:6,5
DA:7,5
DA:8,5
DA:9,5
DA:10,1
DA:11,1
DA:13,4
DA:15,4
DA:16,4
DA:17,4
DA:18,4
DA:20,5
DA:21,1
DA:22,1
DA:24,5
DA:25,1
DA:26,1
DA:27,1
DA:28,1
DA:29,1
DA:31,2
DA:33,2
DA:41,2
DA:42,2
DA:43,2
DA:44,2
DA:45,2
DA:46,2
DA:47,5
DA:48,5
DA:49,5
DA:50,5
DA:51,5
DA:53,1
DA:54,1
DA:55,1
DA:56,1
DA:57,1
DA:58,5
DA:60,5
DA:61,5
DA:62,5
DA:63,5
DA:64,1
DA:65,1
DA:67,4
DA:69,4
DA:70,4
DA:71,4
DA:72,4
DA:74,5
DA:75,1
DA:76,1
DA:78,5
DA:79,1
DA:80,1
DA:81,1
DA:82,1
DA:83,1
DA:85,2
DA:87,2
DA:88,5
DA:89,5
DA:91,5
DA:92,5
DA:93,5
DA:94,5
DA:95,5
DA:96,5
DA:97,5
DA:98,5
DA:99,5
DA:100,5
DA:101,5
DA:102,5
DA:103,5
DA:104,5
DA:105,5
DA:106,5
DA:107,5
DA:109,1
DA:110,1
DA:111,1
DA:112,1
DA:113,1
DA:114,5
DA:116,7
DA:117,7
DA:118,7
DA:120,7
DA:121,1
DA:122,1
DA:124,6
DA:126,6
DA:127,7
DA:129,7
DA:130,1
DA:131,1
DA:133,5
DA:134,5
DA:135,5
DA:137,7
DA:138,1
DA:139,1
DA:141,4
DA:142,4
DA:143,4
DA:144,4
DA:146,7
DA:147,1
DA:148,1
DA:150,7
DA:151,1
DA:152,1
DA:154,2
DA:155,2
DA:156,2
DA:158,1
DA:159,1
DA:160,1
DA:161,1
DA:162,1
DA:163,7
LF:127
LH:127
BRDA:6,0,0,5
BRDA:9,1,0,4
BRDA:9,2,0,1
BRDA:11,3,0,4
BRDA:20,4,0,1
BRDA:22,5,0,3
BRDA:24,6,0,1
BRDA:29,7,0,2
BRDA:47,8,0,0
BRDA:51,9,0,1
BRDA:60,10,0,5
BRDA:63,11,0,4
BRDA:63,12,0,1
BRDA:65,13,0,4
BRDA:74,14,0,1
BRDA:76,15,0,3
BRDA:78,16,0,1
BRDA:83,17,0,2
BRDA:89,18,0,0
BRDA:89,19,0,2
BRDA:107,20,0,1
BRDA:116,21,0,7
BRDA:120,22,0,6
BRDA:120,23,0,1
BRDA:122,24,0,6
BRDA:127,25,0,0
BRDA:129,26,0,1
BRDA:131,27,0,5
BRDA:137,28,0,1
BRDA:139,29,0,4
BRDA:146,30,0,1
BRDA:148,31,0,3
BRDA:150,32,0,2
BRDA:150,33,0,1
BRDA:152,34,0,2
BRDA:156,35,0,1
BRF:36
BRH:33
end_of_record
TN:
SF:src\app\api\bill\details\route.ts
FN:6,GET
FNF:1
FNH:1
FNDA:5,GET
DA:1,1
DA:2,1
DA:3,1
DA:4,1
DA:6,5
DA:7,5
DA:8,5
DA:9,1
DA:10,1
DA:12,4
DA:13,4
DA:14,4
DA:16,5
DA:17,1
DA:18,1
DA:20,3
DA:21,3
DA:22,3
DA:23,3
DA:24,3
DA:25,3
DA:26,3
DA:27,3
DA:28,3
DA:29,3
DA:30,3
DA:31,3
DA:32,3
DA:33,3
DA:34,3
DA:35,3
DA:36,3
DA:37,3
DA:38,3
DA:39,3
DA:40,3
DA:41,3
DA:42,3
DA:43,3
DA:44,3
DA:46,5
DA:47,1
DA:48,1
DA:50,1
DA:51,1
DA:52,1
DA:53,1
DA:54,1
DA:55,5
LF:49
LH:49
BRDA:6,0,0,5
BRDA:8,1,0,1
BRDA:10,2,0,4
BRDA:16,3,0,1
BRDA:18,4,0,3
BRDA:44,5,0,2
BRDA:46,6,0,1
BRF:7
BRH:7
end_of_record
TN:
SF:src\app\api\bill\mobile\notpaid\route.ts
FN:6,GET
FNF:1
FNH:1
FNDA:6,GET
DA:1,1
DA:2,1
DA:3,1
DA:4,1
DA:6,6
DA:7,6
DA:8,6
DA:9,6
DA:10,1
DA:11,1
DA:13,5
DA:15,5
DA:16,5
DA:17,5
DA:18,5
DA:20,6
DA:21,1
DA:22,1
DA:24,6
DA:25,1
DA:26,1
DA:27,1
DA:28,1
DA:29,1
DA:31,3
DA:33,3
DA:34,6
DA:35,6
DA:36,6
DA:37,6
DA:38,6
DA:39,6
DA:40,6
DA:41,6
DA:42,6
DA:43,6
DA:44,6
DA:45,6
DA:46,6
DA:47,6
DA:48,6
DA:49,6
DA:50,6
DA:51,6
DA:52,6
DA:53,6
DA:55,2
DA:56,6
DA:57,1
DA:58,1
DA:59,1
DA:60,6
LF:52
LH:52
BRDA:6,0,0,6
BRDA:9,1,0,5
BRDA:9,2,0,1
BRDA:11,3,0,5
BRDA:20,4,0,1
BRDA:22,5,0,4
BRDA:24,6,0,1
BRDA:29,7,0,3
BRDA:34,8,0,2
BRDA:35,9,0,1
BRDA:35,10,0,2
BRDA:53,11,0,2
BRDA:56,12,0,1
BRF:13
BRH:13
end_of_record
TN:
SF:src\app\api\bill\mobile\paid\route.ts
FN:6,GET
FNF:1
FNH:1
FNDA:6,GET
DA:1,1
DA:2,1
DA:3,1
DA:4,1
DA:6,6
DA:7,6
DA:8,6
DA:9,6
DA:10,1
DA:11,1
DA:13,5
DA:15,5
DA:16,5
DA:17,5
DA:18,5
DA:20,6
DA:21,1
DA:22,1
DA:24,6
DA:25,1
DA:26,1
DA:27,1
DA:28,1
DA:29,1
DA:31,3
DA:33,3
DA:34,6
DA:35,6
DA:36,6
DA:37,6
DA:38,6
DA:39,6
DA:40,6
DA:41,6
DA:42,6
DA:43,6
DA:44,6
DA:45,6
DA:46,6
DA:47,6
DA:48,6
DA:49,6
DA:50,6
DA:51,6
DA:52,6
DA:53,6
DA:55,2
DA:56,6
DA:57,1
DA:58,1
DA:59,1
DA:60,6
LF:52
LH:52
BRDA:6,0,0,6
BRDA:9,1,0,5
BRDA:9,2,0,1
BRDA:11,3,0,5
BRDA:20,4,0,1
BRDA:22,5,0,4
BRDA:24,6,0,1
BRDA:29,7,0,3
BRDA:34,8,0,2
BRDA:35,9,0,1
BRDA:35,10,0,2
BRDA:53,11,0,2
BRDA:56,12,0,1
BRF:13
BRH:13
end_of_record
TN:
SF:src\app\api\bill\paidToggle\route.ts
FN:6,PUT
FNF:1
FNH:1
FNDA:7,PUT
DA:1,1
DA:2,1
DA:3,1
DA:4,1
DA:6,7
DA:7,7
DA:9,7
DA:10,1
DA:11,1
DA:13,6
DA:15,6
DA:16,6
DA:17,6
DA:18,6
DA:20,7
DA:21,1
DA:22,1
DA:24,7
DA:25,1
DA:26,1
DA:27,1
DA:28,1
DA:29,1
DA:31,4
DA:32,4
DA:34,7
DA:35,1
DA:36,1
DA:38,3
DA:39,3
DA:40,3
DA:41,3
DA:43,7
DA:44,1
DA:45,1
DA:47,7
DA:48,1
DA:49,1
DA:51,1
DA:52,1
DA:53,1
DA:54,7
DA:55,7
DA:56,7
DA:57,7
DA:59,1
DA:60,1
LF:47
LH:47
BRDA:6,0,0,7
BRDA:9,1,0,6
BRDA:9,2,0,1
BRDA:11,3,0,6
BRDA:20,4,0,1
BRDA:22,5,0,5
BRDA:24,6,0,1
BRDA:29,7,0,4
BRDA:34,8,0,3
BRDA:34,9,0,1
BRDA:36,10,0,3
BRDA:43,11,0,1
BRDA:45,12,0,2
BRDA:47,13,0,1
BRDA:54,14,0,0
BRDA:57,15,0,1
BRF:16
BRH:15
end_of_record
TN:
SF:src\app\api\bill\totalNumber\route.ts
FN:6,GET
FNF:1
FNH:1
FNDA:5,GET
DA:1,1
DA:2,1
DA:3,1
DA:4,1
DA:6,5
DA:7,5
DA:8,5
DA:9,5
DA:10,1
DA:11,1
DA:12,1
DA:13,1
DA:14,1
DA:16,4
DA:18,4
DA:19,4
DA:20,4
DA:21,4
DA:23,5
DA:24,1
DA:25,1
DA:27,5
DA:28,1
DA:29,1
DA:30,1
DA:31,1
DA:32,1
DA:34,2
DA:36,2
DA:37,2
DA:38,2
DA:39,2
DA:40,2
DA:42,1
DA:43,1
DA:44,1
DA:45,1
DA:46,1
DA:47,5
LF:39
LH:39
BRDA:6,0,0,5
BRDA:9,1,0,4
BRDA:9,2,0,1
BRDA:14,3,0,4
BRDA:23,4,0,1
BRDA:25,5,0,3
BRDA:27,6,0,1
BRDA:32,7,0,2
BRDA:40,8,0,1
BRF:9
BRH:9
end_of_record
TN:
SF:src\app\api\chore\create\route.ts
FN:7,POST
FNF:1
FNH:1
FNDA:4,POST
DA:1,1
DA:2,1
DA:3,1
DA:4,1
DA:5,1
DA:7,4
DA:8,4
DA:9,4
DA:11,4
DA:12,1
DA:13,1
DA:15,3
DA:17,4
DA:18,1
DA:19,1
DA:21,2
DA:23,2
DA:32,2
DA:33,2
DA:34,2
DA:35,2
DA:36,2
DA:37,2
DA:38,2
DA:39,2
DA:40,2
DA:41,2
DA:42,2
DA:43,2
DA:45,4
DA:46,0
DA:47,0
DA:49,0
DA:50,0
DA:52,0
DA:53,0
DA:54,0
DA:55,0
DA:56,0
DA:57,0
DA:58,0
DA:60,0
DA:61,0
DA:62,0
DA:63,0
DA:64,0
DA:65,0
DA:66,0
DA:67,0
DA:68,0
DA:69,0
DA:70,0
DA:71,0
DA:73,0
DA:74,0
DA:75,0
DA:76,0
DA:78,1
DA:79,1
DA:80,1
DA:81,1
DA:82,1
DA:84,1
DA:85,1
DA:86,1
DA:87,1
DA:89,1
DA:90,1
DA:91,1
DA:92,1
DA:93,1
DA:94,4
LF:72
LH:45
BRDA:7,0,0,4
BRDA:11,1,0,3
BRDA:11,2,0,1
BRDA:13,3,0,3
BRDA:17,4,0,1
BRDA:19,5,0,2
BRDA:43,6,0,1
BRDA:45,7,0,1
BRDA:45,8,0,0
BRDA:45,9,0,0
BRDA:76,10,0,1
BRF:11
BRH:9
end_of_record
TN:
SF:src\app\api\chore\delete\route.ts
FN:6,DELETE
FNF:1
FNH:1
FNDA:5,DELETE
DA:1,1
DA:2,1
DA:3,1
DA:4,1
DA:6,5
DA:7,5
DA:8,5
DA:10,5
DA:11,1
DA:12,1
DA:14,5
DA:15,1
DA:16,1
DA:18,3
DA:19,3
DA:21,5
DA:22,1
DA:23,1
DA:25,2
DA:26,2
DA:27,2
DA:28,2
DA:29,2
DA:31,5
DA:32,0
DA:33,0
DA:35,1
DA:36,1
DA:37,1
DA:38,1
DA:39,1
DA:40,5
LF:32
LH:30
BRDA:6,0,0,5
BRDA:10,1,0,4
BRDA:10,2,0,1
BRDA:12,3,0,4
BRDA:14,4,0,1
BRDA:16,5,0,3
BRDA:21,6,0,1
BRDA:23,7,0,2
BRDA:29,8,0,1
BRDA:31,9,0,0
BRDA:33,10,0,1
BRF:11
BRH:10
end_of_record
TN:
SF:src\app\api\chore\done\route.ts
FN:6,PUT
FNF:1
FNH:1
FNDA:5,PUT
DA:1,1
DA:2,1
DA:3,1
DA:4,1
DA:6,5
DA:7,5
DA:8,5
DA:10,5
DA:11,1
DA:12,1
DA:14,5
DA:15,1
DA:16,1
DA:18,3
DA:20,3
DA:21,3
DA:23,5
DA:24,1
DA:25,1
DA:27,2
DA:28,2
DA:29,2
DA:30,2
DA:31,2
DA:32,2
DA:33,2
DA:34,2
DA:35,2
DA:37,5
DA:38,0
DA:39,0
DA:41,1
DA:42,1
DA:43,1
DA:44,1
DA:45,1
DA:46,5
LF:37
LH:35
BRDA:6,0,0,5
BRDA:10,1,0,4
BRDA:10,2,0,1
BRDA:12,3,0,4
BRDA:14,4,0,1
BRDA:16,5,0,3
BRDA:23,6,0,1
BRDA:25,7,0,2
BRDA:35,8,0,1
BRDA:37,9,0,0
BRDA:39,10,0,1
BRF:11
BRH:10
end_of_record
TN:
SF:src\app\api\chore\todo\route.ts
FN:6,PUT
FNF:1
FNH:1
FNDA:5,PUT
DA:1,1
DA:2,1
DA:3,1
DA:4,1
DA:6,5
DA:7,5
DA:8,5
DA:10,5
DA:11,1
DA:12,1
DA:14,5
DA:15,1
DA:16,1
DA:18,3
DA:19,3
DA:21,5
DA:22,1
DA:23,1
DA:25,2
DA:26,2
DA:27,2
DA:28,2
DA:29,2
DA:30,2
DA:31,2
DA:32,2
DA:33,2
DA:35,5
DA:36,0
DA:37,0
DA:39,1
DA:40,1
DA:41,1
DA:42,1
DA:43,1
DA:44,5
LF:36
LH:34
BRDA:6,0,0,5
BRDA:10,1,0,4
BRDA:10,2,0,1
BRDA:12,3,0,4
BRDA:14,4,0,1
BRDA:16,5,0,3
BRDA:21,6,0,1
BRDA:23,7,0,2
BRDA:33,8,0,1
BRDA:35,9,0,0
BRDA:37,10,0,1
BRF:11
BRH:10
end_of_record
TN:
SF:src\app\api\chores\done\get\route.ts
FN:6,GET
FNF:1
FNH:1
FNDA:4,GET
DA:1,1
DA:2,1
DA:3,1
DA:4,1
DA:6,4
DA:7,4
DA:8,4
DA:10,4
DA:11,1
DA:12,1
DA:14,4
DA:15,1
DA:16,1
DA:18,2
DA:20,2
DA:21,2
DA:23,2
DA:24,2
DA:26,4
DA:27,4
DA:29,4
DA:30,4
DA:31,4
DA:32,4
DA:34,4
DA:35,4
DA:36,4
DA:38,2
DA:39,2
DA:40,2
DA:41,2
DA:42,2
DA:43,2
DA:44,4
DA:45,4
DA:46,4
DA:47,4
DA:48,4
DA:49,4
DA:50,4
DA:52,1
DA:53,1
DA:54,1
DA:55,1
DA:56,1
DA:57,1
DA:58,1
DA:59,1
DA:60,4
LF:49
LH:49
BRDA:6,0,0,4
BRDA:10,1,0,3
BRDA:10,2,0,1
BRDA:12,3,0,3
BRDA:14,4,0,1
BRDA:16,5,0,2
BRDA:26,6,0,0
BRDA:26,7,0,2
BRDA:27,8,0,0
BRDA:27,9,0,2
BRDA:36,10,0,2
BRDA:44,11,0,0
BRDA:45,12,0,0
BRDA:50,13,0,1
BRF:14
BRH:10
end_of_record
TN:
SF:src\app\api\chores\todo\get\route.ts
FN:6,GET
FNF:1
FNH:1
FNDA:4,GET
DA:1,1
DA:2,1
DA:3,1
DA:4,1
DA:6,4
DA:7,4
DA:8,4
DA:10,4
DA:11,1
DA:12,1
DA:14,4
DA:15,1
DA:16,1
DA:18,2
DA:20,2
DA:21,2
DA:23,2
DA:24,2
DA:26,4
DA:27,4
DA:29,4
DA:30,4
DA:31,4
DA:32,4
DA:34,4
DA:35,4
DA:36,4
DA:38,2
DA:39,2
DA:40,2
DA:41,2
DA:42,2
DA:43,2
DA:44,4
DA:45,4
DA:46,4
DA:47,4
DA:48,4
DA:49,4
DA:50,4
DA:52,1
DA:53,1
DA:54,1
DA:55,1
DA:56,1
DA:57,1
DA:58,1
DA:59,1
DA:60,4
LF:49
LH:49
BRDA:6,0,0,4
BRDA:10,1,0,3
BRDA:10,2,0,1
BRDA:12,3,0,3
BRDA:14,4,0,1
BRDA:16,5,0,2
BRDA:26,6,0,0
BRDA:26,7,0,2
BRDA:27,8,0,0
BRDA:27,9,0,2
BRDA:36,10,0,2
BRDA:44,11,0,0
BRDA:45,12,0,0
BRDA:50,13,0,1
BRF:14
BRH:10
end_of_record
TN:
SF:src\app\api\event\create\route.ts
FN:7,POST
FNF:1
FNH:1
FNDA:4,POST
DA:1,1
DA:2,1
DA:3,1
DA:4,1
DA:5,1
DA:7,4
DA:8,4
DA:9,4
DA:11,4
DA:12,1
DA:13,1
DA:15,3
DA:17,4
DA:18,1
DA:19,1
DA:21,2
DA:23,2
DA:33,2
DA:34,2
DA:35,2
DA:36,2
DA:37,2
DA:38,2
DA:39,2
DA:40,2
DA:41,2
DA:42,2
DA:43,2
DA:44,2
DA:45,1
DA:46,2
DA:47,2
DA:48,2
DA:49,2
DA:50,2
DA:52,4
DA:53,0
DA:54,0
DA:56,0
DA:57,0
DA:59,0
DA:60,0
DA:61,0
DA:62,0
DA:63,0
DA:64,0
DA:65,0
DA:67,0
DA:68,0
DA:69,0
DA:70,0
DA:71,0
DA:72,0
DA:73,0
DA:74,0
DA:75,0
DA:76,0
DA:77,0
DA:78,0
DA:80,0
DA:81,0
DA:82,0
DA:83,0
DA:85,0
DA:86,0
DA:87,0
DA:88,0
DA:89,0
DA:91,0
DA:92,0
DA:93,0
DA:94,0
DA:95,0
DA:96,0
DA:97,0
DA:98,0
DA:99,0
DA:100,0
DA:102,1
DA:103,1
DA:104,1
DA:105,1
DA:106,1
DA:107,1
DA:108,1
DA:109,1
DA:111,1
DA:112,1
DA:113,1
DA:114,1
DA:116,1
DA:117,1
DA:118,1
DA:119,1
DA:120,1
DA:121,4
LF:96
LH:54
BRDA:7,0,0,4
BRDA:11,1,0,3
BRDA:11,2,0,1
BRDA:13,3,0,3
BRDA:17,4,0,1
BRDA:19,5,0,2
BRDA:50,6,0,1
BRDA:52,7,0,1
BRDA:52,8,0,0
BRDA:52,9,0,0
BRDA:100,10,0,1
BRDA:44,11,0,1
BRF:12
BRH:10
end_of_record
TN:
SF:src\app\api\event\delete\route.ts
FN:6,DELETE
FNF:1
FNH:1
FNDA:8,DELETE
DA:1,1
DA:2,1
DA:3,1
DA:4,1
DA:6,8
DA:7,8
DA:8,8
DA:10,8
DA:11,1
DA:12,1
DA:14,8
DA:15,1
DA:16,1
DA:18,8
DA:20,8
DA:21,6
DA:23,8
DA:24,1
DA:25,1
DA:27,8
DA:28,1
DA:29,1
DA:31,4
DA:32,4
DA:33,4
DA:35,8
DA:36,1
DA:37,1
DA:39,8
DA:40,1
DA:41,1
DA:43,1
DA:44,1
DA:45,1
DA:47,1
DA:48,1
DA:49,1
DA:50,1
DA:51,1
DA:52,8
LF:40
LH:40
BRDA:6,0,0,8
BRDA:10,1,0,7
BRDA:10,2,0,1
BRDA:12,3,0,7
BRDA:14,4,0,1
BRDA:16,5,0,6
BRDA:18,6,0,0
BRDA:20,7,0,6
BRDA:23,8,0,1
BRDA:25,9,0,5
BRDA:27,10,0,1
BRDA:29,11,0,4
BRDA:33,12,0,3
BRDA:35,13,0,1
BRDA:37,14,0,2
BRDA:39,15,0,1
BRF:16
BRH:15
end_of_record
TN:
SF:src\app\api\events\get\route.ts
FN:6,GET
FNF:1
FNH:1
FNDA:4,GET
DA:1,1
DA:2,1
DA:3,1
DA:4,1
DA:6,4
DA:7,4
DA:8,4
DA:10,4
DA:11,1
DA:12,1
DA:14,3
DA:16,4
DA:17,1
DA:18,1
DA:20,2
DA:21,2
DA:22,2
DA:23,4
DA:25,4
DA:26,4
DA:28,4
DA:29,4
DA:31,4
DA:32,4
DA:33,4
DA:34,4
DA:35,4
DA:36,1
DA:37,1
DA:38,1
DA:39,1
DA:40,1
DA:41,4
DA:43,4
DA:44,4
DA:45,4
DA:47,2
DA:48,2
DA:49,2
DA:50,4
DA:51,4
DA:52,4
DA:54,1
DA:55,1
DA:56,1
DA:57,1
DA:58,1
DA:59,4
LF:48
LH:48
BRDA:6,0,0,4
BRDA:10,1,0,3
BRDA:10,2,0,1
BRDA:12,3,0,3
BRDA:16,4,0,1
BRDA:18,5,0,2
BRDA:23,6,0,1
BRDA:23,7,0,1
BRDA:28,8,0,0
BRDA:28,9,0,2
BRDA:29,10,0,0
BRDA:29,11,0,2
BRDA:35,12,0,1
BRDA:45,13,0,2
BRDA:50,14,0,0
BRDA:51,15,0,0
BRDA:52,16,0,1
BRF:17
BRH:13
end_of_record
TN:
SF:src\app\api\household\route.ts
FN:4,POST
FN:27,GET
FN:53,PUT
FN:86,DELETE
FNF:4
FNH:4
FNDA:3,POST
FNDA:4,GET
FNDA:3,PUT
FNDA:3,DELETE
DA:1,1
DA:2,1
DA:4,3
DA:5,3
DA:6,3
DA:12,3
DA:13,3
DA:14,3
DA:15,3
DA:16,3
DA:17,3
DA:18,3
DA:20,3
DA:21,3
DA:22,2
DA:23,2
DA:24,2
DA:25,3
DA:27,4
DA:28,4
DA:29,4
DA:30,4
DA:32,4
DA:33,1
DA:34,1
DA:36,4
DA:37,1
DA:38,1
DA:40,2
DA:41,2
DA:42,2
DA:43,2
DA:44,2
DA:46,1
DA:47,1
DA:48,1
DA:49,1
DA:50,1
DA:51,4
DA:53,3
DA:54,3
DA:55,3
DA:61,3
DA:62,1
DA:63,1
DA:65,3
DA:66,1
DA:67,1
DA:69,1
DA:70,1
DA:71,1
DA:72,1
DA:73,1
DA:74,1
DA:75,1
DA:76,1
DA:77,1
DA:79,1
DA:80,3
DA:81,0
DA:82,0
DA:83,0
DA:84,3
DA:86,3
DA:87,3
DA:88,3
DA:89,3
DA:91,3
DA:92,1
DA:93,1
DA:95,3
DA:96,1
DA:97,1
DA:99,1
DA:100,1
DA:101,1
DA:102,1
DA:103,1
DA:104,1
DA:105,1
DA:106,1
DA:108,1
DA:109,1
DA:110,1
DA:111,1
DA:112,1
DA:114,1
DA:115,3
DA:116,0
DA:117,0
DA:118,0
DA:119,3
LF:92
LH:86
BRDA:4,0,0,3
BRDA:21,1,0,2
BRDA:27,2,0,4
BRDA:32,3,0,1
BRDA:34,4,0,3
BRDA:36,5,0,1
BRDA:38,6,0,2
BRDA:44,7,0,1
BRDA:53,8,0,3
BRDA:61,9,0,1
BRDA:63,10,0,2
BRDA:65,11,0,1
BRDA:80,12,0,0
BRDA:86,13,0,3
BRDA:91,14,0,1
BRDA:93,15,0,2
BRDA:95,16,0,1
BRDA:115,17,0,0
BRF:18
BRH:16
end_of_record
TN:
SF:src\app\api\household\create\route.ts
FN:6,POST
FNF:1
FNH:1
FNDA:6,POST
DA:1,1
DA:2,1
DA:3,1
DA:4,1
DA:6,6
DA:7,6
DA:8,6
DA:10,6
DA:11,1
DA:12,1
DA:14,5
DA:16,5
DA:17,5
DA:19,6
DA:20,1
DA:21,1
DA:23,4
DA:24,4
DA:25,4
DA:26,4
DA:27,4
DA:29,6
DA:30,1
DA:31,1
DA:32,1
DA:33,1
DA:34,1
DA:36,3
DA:37,3
DA:39,6
DA:40,4
DA:41,4
DA:42,4
DA:43,4
DA:44,4
DA:46,4
DA:47,3
DA:48,4
DA:49,1
DA:50,1
DA:51,4
DA:53,3
DA:54,3
DA:55,3
DA:56,3
DA:57,3
DA:58,3
DA:59,3
DA:60,3
DA:61,3
DA:62,3
DA:63,3
DA:64,3
DA:65,3
DA:66,3
DA:67,3
DA:68,3
DA:69,3
DA:70,3
DA:71,3
DA:72,3
DA:73,3
DA:74,3
DA:75,3
DA:76,3
DA:77,3
DA:78,3
DA:79,3
DA:80,3
DA:82,2
DA:83,2
DA:84,2
DA:85,2
DA:86,2
DA:87,2
DA:88,2
DA:89,2
DA:91,2
DA:92,2
DA:93,2
DA:94,2
DA:95,2
DA:96,2
DA:97,2
DA:98,2
DA:99,2
DA:100,2
DA:101,2
DA:102,2
DA:103,2
DA:104,2
DA:105,6
DA:106,1
DA:107,1
DA:108,1
DA:109,6
LF:96
LH:96
BRDA:6,0,0,6
BRDA:10,1,0,5
BRDA:10,2,0,1
BRDA:12,3,0,5
BRDA:19,4,0,1
BRDA:21,5,0,4
BRDA:29,6,0,1
BRDA:34,7,0,3
BRDA:39,8,0,4
BRDA:46,9,0,3
BRDA:48,10,0,1
BRDA:51,11,0,3
BRDA:80,12,0,2
BRDA:105,13,0,1
BRF:14
BRH:14
end_of_record
TN:
SF:src\app\api\household\join\route.ts
FN:6,POST
FNF:1
FNH:1
FNDA:8,POST
DA:1,1
DA:2,1
DA:3,1
DA:4,1
DA:6,8
DA:7,8
DA:8,8
DA:10,8
DA:11,1
DA:12,1
DA:14,7
DA:16,7
DA:17,7
DA:19,8
DA:20,1
DA:21,1
DA:23,6
DA:24,6
DA:25,6
DA:26,6
DA:28,8
DA:29,1
DA:30,1
DA:32,8
DA:33,1
DA:34,1
DA:35,1
DA:36,1
DA:37,1
DA:38,1
DA:39,1
DA:40,1
DA:42,3
DA:43,3
DA:44,3
DA:46,8
DA:47,1
DA:48,1
DA:49,1
DA:50,1
DA:51,1
DA:52,1
DA:53,1
DA:54,1
DA:56,2
DA:57,2
DA:58,2
DA:59,2
DA:60,2
DA:61,2
DA:62,2
DA:63,2
DA:64,2
DA:65,2
DA:66,2
DA:67,2
DA:68,2
DA:69,2
DA:70,2
DA:71,2
DA:72,2
DA:73,2
DA:74,2
DA:76,8
DA:77,1
DA:78,1
DA:80,1
DA:81,1
DA:82,1
DA:83,1
DA:85,1
DA:86,1
DA:87,1
DA:88,1
DA:89,1
DA:90,1
DA:91,1
DA:92,1
DA:93,1
DA:94,1
DA:95,1
DA:96,1
DA:97,1
DA:98,1
DA:99,1
DA:100,1
DA:101,1
DA:102,1
DA:103,1
DA:104,1
DA:105,1
DA:106,1
DA:107,1
DA:108,1
DA:109,1
DA:110,8
LF:96
LH:96
BRDA:6,0,0,8
BRDA:10,1,0,7
BRDA:10,2,0,1
BRDA:12,3,0,7
BRDA:19,4,0,6
BRDA:19,5,0,1
BRDA:21,6,0,6
BRDA:26,7,0,5
BRDA:28,8,0,1
BRDA:30,9,0,4
BRDA:32,10,0,1
BRDA:40,11,0,3
BRDA:46,12,0,1
BRDA:54,13,0,2
BRDA:76,14,0,1
BRF:15
BRH:15
end_of_record
TN:
SF:src\app\api\household\users\route.ts
FN:1,(empty-report)
FNF:1
FNH:0
FNDA:0,(empty-report)
DA:1,0
DA:2,0
DA:3,0
DA:4,0
DA:6,0
DA:7,0
DA:8,0
DA:9,0
DA:11,0
DA:12,0
DA:13,0
DA:15,0
DA:16,0
DA:17,0
DA:19,0
DA:20,0
DA:21,0
DA:22,0
DA:24,0
DA:25,0
DA:26,0
DA:27,0
DA:28,0
DA:29,0
DA:30,0
DA:31,0
DA:32,0
DA:33,0
DA:35,0
DA:36,0
DA:37,0
DA:38,0
DA:39,0
DA:40,0
DA:42,0
DA:43,0
DA:44,0
DA:45,0
DA:46,0
DA:48,0
DA:49,0
DA:50,0
DA:52,0
DA:53,0
DA:54,0
DA:56,0
DA:57,0
DA:58,0
DA:59,0
DA:61,0
DA:62,0
DA:63,0
DA:64,0
DA:66,0
DA:67,0
DA:68,0
DA:69,0
DA:70,0
DA:72,0
DA:73,0
DA:74,0
DA:76,0
DA:77,0
DA:78,0
DA:79,0
DA:80,0
DA:82,0
DA:83,0
DA:84,0
DA:85,0
DA:86,0
DA:87,0
DA:88,0
DA:89,0
DA:91,0
DA:92,0
DA:93,0
DA:94,0
DA:95,0
DA:96,0
LF:80
LH:0
BRDA:1,0,0,0
BRF:1
BRH:0
end_of_record
TN:
SF:src\app\api\household\users\count-chores-done\route.ts
FN:1,(empty-report)
FNF:1
FNH:0
FNDA:0,(empty-report)
DA:1,0
DA:2,0
DA:3,0
DA:4,0
DA:6,0
DA:7,0
DA:8,0
DA:10,0
DA:11,0
DA:12,0
DA:14,0
DA:15,0
DA:16,0
DA:18,0
DA:20,0
DA:21,0
DA:22,0
DA:23,0
DA:24,0
DA:26,0
DA:27,0
DA:28,0
DA:29,0
DA:30,0
DA:31,0
DA:33,0
DA:34,0
DA:35,0
DA:36,0
DA:37,0
DA:38,0
DA:39,0
DA:41,0
DA:42,0
DA:43,0
DA:44,0
DA:45,0
DA:46,0
LF:38
LH:0
BRDA:1,0,0,0
BRF:1
BRH:0
end_of_record
TN:
SF:src\app\api\household\users\get\route.ts
FN:1,(empty-report)
FNF:1
FNH:0
FNDA:0,(empty-report)
DA:1,0
DA:2,0
DA:3,0
DA:4,0
DA:6,0
DA:7,0
DA:8,0
DA:10,0
DA:11,0
DA:12,0
DA:14,0
DA:15,0
DA:16,0
DA:18,0
DA:20,0
DA:21,0
DA:22,0
DA:23,0
DA:24,0
DA:26,0
DA:27,0
DA:28,0
DA:29,0
DA:30,0
DA:31,0
LF:25
LH:0
BRDA:1,0,0,0
BRF:1
BRH:0
end_of_record
TN:
SF:src\app\api\household\users\profiles\route.ts
FN:1,(empty-report)
FNF:1
FNH:0
FNDA:0,(empty-report)
DA:1,0
DA:2,0
DA:3,0
DA:4,0
DA:6,0
DA:7,0
DA:8,0
DA:9,0
DA:11,0
DA:12,0
DA:13,0
DA:15,0
DA:16,0
DA:17,0
DA:19,0
DA:20,0
DA:21,0
DA:22,0
DA:24,0
DA:25,0
DA:26,0
DA:27,0
DA:28,0
DA:29,0
DA:30,0
DA:31,0
DA:32,0
DA:33,0
DA:34,0
DA:36,0
DA:37,0
DA:38,0
DA:39,0
DA:40,0
DA:41,0
DA:42,0
DA:43,0
DA:44,0
DA:46,0
DA:47,0
DA:48,0
DA:49,0
DA:50,0
DA:51,0
LF:44
LH:0
BRDA:1,0,0,0
BRF:1
BRH:0
end_of_record
TN:
SF:src\app\api\messages\token\route.ts
FN:11,GET
FNF:1
FNH:1
FNDA:5,GET
DA:1,1
DA:2,1
DA:3,1
DA:4,1
DA:6,1
DA:7,1
DA:8,1
DA:9,1
DA:11,5
DA:12,5
DA:13,5
DA:15,5
DA:16,2
DA:17,2
DA:19,3
DA:20,5
DA:22,5
DA:24,5
DA:25,5
DA:26,5
DA:27,5
DA:28,5
DA:30,2
DA:31,2
DA:32,2
DA:33,2
DA:34,2
DA:35,5
DA:36,1
DA:37,1
DA:38,1
DA:39,5
LF:32
LH:32
BRDA:11,0,0,5
BRDA:15,1,0,4
BRDA:15,2,0,2
BRDA:17,3,0,3
BRDA:20,4,0,1
BRDA:28,5,0,2
BRDA:35,6,0,1
BRF:7
BRH:7
end_of_record
TN:
SF:src\app\api\overview\route.ts
FN:7,GET
FNF:1
FNH:1
FNDA:6,GET
DA:1,1
DA:2,1
DA:3,1
DA:4,1
DA:5,1
DA:7,6
DA:8,6
DA:9,6
DA:10,6
DA:11,1
DA:12,1
DA:14,5
DA:15,5
DA:17,5
DA:18,5
DA:19,5
DA:20,5
DA:22,6
DA:23,1
DA:24,1
DA:26,6
DA:27,6
DA:29,6
DA:30,6
DA:31,6
DA:32,6
DA:33,6
DA:34,6
DA:36,6
DA:37,6
DA:38,6
DA:39,6
DA:40,6
DA:41,6
DA:43,6
DA:44,6
DA:45,6
DA:46,6
DA:47,6
DA:48,6
DA:50,6
DA:51,6
DA:52,6
DA:53,6
DA:54,6
DA:55,6
DA:57,6
DA:58,6
DA:59,6
DA:60,6
DA:61,6
DA:62,6
DA:63,6
DA:64,6
DA:65,6
DA:66,6
DA:67,6
DA:68,6
DA:69,6
DA:70,6
DA:71,6
DA:72,6
DA:73,6
DA:74,6
DA:75,6
DA:76,6
DA:77,6
DA:79,6
DA:80,6
DA:81,6
DA:82,6
DA:83,6
DA:84,6
DA:85,6
DA:86,6
DA:87,6
DA:88,6
DA:89,6
DA:90,6
DA:91,6
DA:92,6
DA:93,6
DA:94,6
DA:95,6
DA:96,6
DA:97,6
DA:98,6
DA:99,6
DA:101,6
DA:102,6
DA:103,6
DA:104,6
DA:105,6
DA:106,6
DA:107,6
DA:108,6
DA:109,6
DA:110,6
DA:111,6
DA:112,6
DA:113,6
DA:114,6
DA:115,6
DA:116,6
DA:117,6
DA:118,6
DA:119,6
DA:120,6
DA:121,6
DA:123,6
DA:124,6
DA:125,6
DA:126,6
DA:127,6
DA:128,6
DA:129,6
DA:130,6
DA:131,6
DA:132,6
DA:133,6
DA:134,6
DA:135,6
DA:136,6
DA:137,6
DA:138,6
DA:139,6
DA:140,6
DA:141,6
DA:142,6
DA:143,6
DA:145,3
DA:146,2
DA:147,2
DA:148,3
DA:150,3
DA:151,3
DA:152,3
DA:153,3
DA:154,3
DA:155,3
DA:156,6
DA:157,1
DA:158,1
DA:159,1
DA:160,6
LF:145
LH:145
BRDA:7,0,0,6
BRDA:10,1,0,5
BRDA:10,2,0,5
BRDA:10,3,0,1
BRDA:12,4,0,5
BRDA:20,5,0,4
BRDA:22,6,0,1
BRDA:24,7,0,3
BRDA:26,8,0,1
BRDA:26,9,0,2
BRDA:143,10,0,3
BRDA:156,11,0,1
BRDA:145,12,0,2
BRF:13
BRH:13
end_of_record
TN:
SF:src\app\api\overview\bills\route.ts
FN:7,GET
FNF:1
FNH:1
FNDA:6,GET
DA:1,1
DA:2,1
DA:3,1
DA:4,1
DA:5,1
DA:7,6
DA:8,6
DA:9,6
DA:10,6
DA:11,1
DA:12,1
DA:14,5
DA:15,5
DA:17,5
DA:18,5
DA:19,5
DA:20,5
DA:22,6
DA:23,1
DA:24,1
DA:26,6
DA:27,6
DA:29,6
DA:30,6
DA:31,6
DA:32,6
DA:33,6
DA:34,6
DA:36,6
DA:37,6
DA:38,6
DA:39,6
DA:40,6
DA:41,6
DA:42,6
DA:43,6
DA:44,6
DA:45,6
DA:46,6
DA:47,6
DA:48,6
DA:49,6
DA:50,6
DA:51,6
DA:52,6
DA:53,6
DA:54,6
DA:55,6
DA:56,6
DA:57,6
DA:58,6
DA:60,3
DA:61,3
DA:62,4
DA:63,4
DA:64,3
DA:65,3
DA:66,6
DA:67,1
DA:68,1
DA:69,1
DA:70,6
LF:62
LH:62
BRDA:7,0,0,6
BRDA:10,1,0,5
BRDA:10,2,0,5
BRDA:10,3,0,1
BRDA:12,4,0,5
BRDA:22,5,0,1
BRDA:24,6,0,4
BRDA:26,7,0,1
BRDA:26,8,0,3
BRDA:58,9,0,3
BRDA:66,10,0,1
BRDA:61,11,0,4
BRF:12
BRH:12
end_of_record
TN:
SF:src\app\api\overview\chores\route.ts
FN:7,GET
FNF:1
FNH:1
FNDA:7,GET
DA:1,1
DA:2,1
DA:3,1
DA:4,1
DA:5,1
DA:7,7
DA:8,7
DA:9,7
DA:10,7
DA:11,1
DA:12,1
DA:14,6
DA:15,6
DA:17,6
DA:18,6
DA:19,6
DA:20,6
DA:22,7
DA:23,1
DA:24,1
DA:26,7
DA:27,7
DA:29,7
DA:30,7
DA:31,7
DA:32,7
DA:33,7
DA:34,7
DA:36,7
DA:37,7
DA:38,7
DA:39,7
DA:40,7
DA:41,7
DA:42,7
DA:43,7
DA:44,7
DA:45,7
DA:46,7
DA:47,7
DA:48,7
DA:49,7
DA:50,7
DA:51,7
DA:52,7
DA:53,7
DA:54,7
DA:55,7
DA:56,7
DA:57,7
DA:58,7
DA:59,7
DA:61,4
DA:62,7
DA:63,1
DA:64,1
DA:65,1
DA:66,7
LF:58
LH:58
BRDA:7,0,0,7
BRDA:10,1,0,6
BRDA:10,2,0,6
BRDA:10,3,0,1
BRDA:12,4,0,6
BRDA:20,5,0,5
BRDA:22,6,0,1
BRDA:24,7,0,4
BRDA:26,8,0,1
BRDA:26,9,0,3
BRDA:59,10,0,4
BRDA:62,11,0,1
BRF:12
BRH:12
end_of_record
TN:
SF:src\app\api\overview\events\route.ts
FN:7,GET
FNF:1
FNH:1
FNDA:5,GET
DA:1,1
DA:2,1
DA:3,1
DA:4,1
DA:5,1
DA:7,5
DA:8,5
DA:9,5
DA:10,5
DA:11,1
DA:12,1
DA:14,4
DA:15,4
DA:17,4
DA:18,4
DA:19,4
DA:20,4
DA:22,5
DA:23,1
DA:24,1
DA:26,5
DA:27,5
DA:29,5
DA:30,5
DA:31,5
DA:32,5
DA:33,5
DA:34,5
DA:36,5
DA:37,5
DA:38,5
DA:39,5
DA:40,5
DA:41,5
DA:42,5
DA:43,5
DA:44,5
DA:45,5
DA:46,5
DA:47,5
DA:48,5
DA:49,5
DA:50,5
DA:51,5
DA:52,5
DA:53,5
DA:54,5
DA:55,5
DA:56,5
DA:57,5
DA:59,2
DA:60,5
DA:61,1
DA:62,1
DA:63,1
DA:64,5
LF:56
LH:56
BRDA:7,0,0,5
BRDA:10,1,0,4
BRDA:10,2,0,4
BRDA:10,3,0,1
BRDA:12,4,0,4
BRDA:22,5,0,1
BRDA:24,6,0,3
BRDA:26,7,0,1
BRDA:26,8,0,2
BRDA:57,9,0,2
BRDA:60,10,0,1
BRF:11
BRH:11
end_of_record
TN:
SF:src\app\api\overview\shoppingList\route.ts
FN:6,GET
FNF:1
FNH:1
FNDA:6,GET
DA:1,1
DA:2,1
DA:3,1
DA:4,1
DA:6,6
DA:7,6
DA:8,6
DA:9,6
DA:10,2
DA:11,2
DA:12,4
DA:13,4
DA:14,4
DA:15,4
DA:17,6
DA:18,1
DA:19,1
DA:21,3
DA:22,3
DA:23,3
DA:24,3
DA:25,3
DA:26,3
DA:27,3
DA:28,3
DA:29,3
DA:30,3
DA:31,3
DA:32,3
DA:33,3
DA:34,3
DA:35,3
DA:36,3
DA:37,3
DA:38,3
DA:39,3
DA:40,3
DA:41,3
DA:43,2
DA:44,6
DA:45,1
DA:46,1
DA:47,1
DA:48,6
LF:44
LH:44
BRDA:6,0,0,6
BRDA:9,1,0,5
BRDA:9,2,0,5
BRDA:9,3,0,2
BRDA:11,4,0,4
BRDA:17,5,0,1
BRDA:19,6,0,3
BRDA:41,7,0,2
BRDA:44,8,0,1
BRF:9
BRH:9
end_of_record
TN:
SF:src\app\api\shoppingList\route.ts
FN:6,GET
FN:61,POST
FN:111,DELETE
FNF:3
FNH:3
FNDA:7,GET
FNDA:7,POST
FNDA:6,DELETE
DA:1,1
DA:2,1
DA:3,1
DA:4,1
DA:6,7
DA:7,7
DA:8,7
DA:10,7
DA:11,1
DA:12,1
DA:14,6
DA:16,6
DA:17,6
DA:18,6
DA:19,6
DA:21,7
DA:22,1
DA:23,1
DA:25,7
DA:26,1
DA:27,1
DA:28,1
DA:29,1
DA:30,1
DA:32,4
DA:33,7
DA:34,7
DA:36,7
DA:37,1
DA:38,1
DA:40,7
DA:41,1
DA:42,1
DA:44,2
DA:45,2
DA:46,2
DA:47,2
DA:48,2
DA:49,2
DA:50,2
DA:51,2
DA:52,2
DA:54,1
DA:55,1
DA:56,1
DA:57,1
DA:58,1
DA:59,7
DA:61,7
DA:62,7
DA:63,7
DA:65,7
DA:66,1
DA:67,1
DA:69,6
DA:71,6
DA:72,6
DA:74,7
DA:75,1
DA:76,1
DA:78,7
DA:79,1
DA:80,1
DA:82,4
DA:83,4
DA:84,4
DA:85,4
DA:87,7
DA:88,1
DA:89,1
DA:91,7
DA:92,1
DA:93,1
DA:95,2
DA:96,2
DA:97,2
DA:98,2
DA:99,2
DA:100,2
DA:101,2
DA:102,2
DA:104,1
DA:105,1
DA:106,1
DA:107,1
DA:108,1
DA:109,7
DA:111,6
DA:112,6
DA:113,6
DA:115,6
DA:116,1
DA:117,1
DA:119,5
DA:121,5
DA:122,6
DA:124,6
DA:125,1
DA:126,1
DA:128,4
DA:129,4
DA:130,4
DA:132,6
DA:133,1
DA:134,1
DA:136,6
DA:137,1
DA:138,1
DA:140,2
DA:141,2
DA:142,2
DA:144,1
DA:145,1
DA:146,1
DA:147,1
DA:148,1
DA:149,6
LF:117
LH:117
BRDA:6,0,0,7
BRDA:10,1,0,6
BRDA:10,2,0,1
BRDA:12,3,0,6
BRDA:21,4,0,1
BRDA:23,5,0,5
BRDA:25,6,0,1
BRDA:30,7,0,4
BRDA:33,8,0,0
BRDA:34,9,0,4
BRDA:34,10,0,0
BRDA:36,11,0,4
BRDA:36,12,0,1
BRDA:38,13,0,3
BRDA:40,14,0,1
BRDA:42,15,0,2
BRDA:52,16,0,1
BRDA:61,17,0,7
BRDA:65,18,0,6
BRDA:65,19,0,1
BRDA:67,20,0,6
BRDA:74,21,0,5
BRDA:74,22,0,1
BRDA:76,23,0,5
BRDA:78,24,0,1
BRDA:80,25,0,4
BRDA:87,26,0,1
BRDA:89,27,0,3
BRDA:91,28,0,1
BRDA:93,29,0,2
BRDA:102,30,0,1
BRDA:111,31,0,6
BRDA:115,32,0,5
BRDA:115,33,0,1
BRDA:117,34,0,5
BRDA:122,35,0,0
BRDA:124,36,0,1
BRDA:126,37,0,4
BRDA:132,38,0,1
BRDA:134,39,0,3
BRDA:136,40,0,1
BRDA:138,41,0,2
BRDA:142,42,0,1
BRF:43
BRH:40
end_of_record
TN:
SF:src\app\api\shoppingList\bought\route.ts
FN:6,PUT
FNF:1
FNH:1
FNDA:8,PUT
DA:1,1
DA:2,1
DA:3,1
DA:4,1
DA:6,8
DA:7,8
DA:8,8
DA:10,8
DA:11,1
DA:12,1
DA:14,7
DA:16,7
DA:17,7
DA:18,7
DA:19,7
DA:21,8
DA:22,1
DA:23,1
DA:25,8
DA:26,1
DA:27,1
DA:28,1
DA:29,1
DA:30,1
DA:32,5
DA:33,5
DA:35,8
DA:36,1
DA:37,1
DA:39,4
DA:40,4
DA:41,4
DA:42,4
DA:44,8
DA:45,1
DA:46,1
DA:48,8
DA:49,1
DA:50,1
DA:51,1
DA:52,1
DA:53,1
DA:55,2
DA:56,2
DA:57,2
DA:58,2
DA:60,1
DA:61,1
DA:62,1
DA:63,1
DA:64,1
DA:65,8
LF:52
LH:52
BRDA:6,0,0,8
BRDA:10,1,0,7
BRDA:10,2,0,1
BRDA:12,3,0,7
BRDA:21,4,0,1
BRDA:23,5,0,6
BRDA:25,6,0,1
BRDA:30,7,0,5
BRDA:35,8,0,1
BRDA:37,9,0,4
BRDA:44,10,0,1
BRDA:46,11,0,3
BRDA:48,12,0,1
BRDA:53,13,0,2
BRDA:58,14,0,1
BRF:15
BRH:15
end_of_record
TN:
SF:src\app\api\shoppingList\details\route.ts
FN:6,GET
FNF:1
FNH:1
FNDA:8,GET
DA:1,1
DA:2,1
DA:3,1
DA:4,1
DA:6,8
DA:7,8
DA:8,8
DA:10,8
DA:11,1
DA:12,1
DA:14,7
DA:16,7
DA:17,7
DA:18,7
DA:19,7
DA:21,8
DA:22,1
DA:23,1
DA:25,8
DA:26,1
DA:27,1
DA:28,1
DA:29,1
DA:30,1
DA:32,5
DA:33,8
DA:35,8
DA:36,1
DA:37,1
DA:39,4
DA:40,4
DA:41,4
DA:42,4
DA:44,8
DA:45,1
DA:46,1
DA:48,8
DA:49,1
DA:50,1
DA:52,1
DA:53,1
DA:54,1
DA:55,1
DA:56,1
DA:57,8
LF:45
LH:45
BRDA:6,0,0,8
BRDA:10,1,0,7
BRDA:10,2,0,1
BRDA:12,3,0,7
BRDA:21,4,0,1
BRDA:23,5,0,6
BRDA:25,6,0,1
BRDA:30,7,0,5
BRDA:33,8,0,0
BRDA:35,9,0,1
BRDA:37,10,0,4
BRDA:42,11,0,3
BRDA:44,12,0,1
BRDA:46,13,0,2
BRDA:48,14,0,1
BRF:15
BRH:14
end_of_record
TN:
SF:src\app\api\shoppingList\totalNumber\route.ts
FN:6,GET
FNF:1
FNH:1
FNDA:5,GET
DA:1,1
DA:2,1
DA:3,1
DA:4,1
DA:6,5
DA:7,5
DA:8,5
DA:10,5
DA:11,1
DA:12,1
DA:13,1
DA:14,1
DA:15,1
DA:17,4
DA:19,4
DA:20,4
DA:21,4
DA:22,4
DA:24,5
DA:25,1
DA:26,1
DA:28,5
DA:29,1
DA:30,1
DA:31,1
DA:32,1
DA:33,1
DA:35,2
DA:36,2
DA:37,2
DA:38,1
DA:39,1
DA:40,1
DA:41,1
DA:42,1
DA:43,5
LF:36
LH:36
BRDA:6,0,0,5
BRDA:10,1,0,4
BRDA:10,2,0,1
BRDA:15,3,0,4
BRDA:24,4,0,1
BRDA:26,5,0,3
BRDA:28,6,0,1
BRDA:33,7,0,2
BRDA:37,8,0,1
BRF:9
BRH:9
end_of_record
TN:
SF:src\app\api\shoppingList\unbought\route.ts
FN:6,PUT
FNF:1
FNH:1
FNDA:8,PUT
DA:1,1
DA:2,1
DA:3,1
DA:4,1
DA:6,8
DA:7,8
DA:8,8
DA:10,8
DA:11,1
DA:12,1
DA:14,7
DA:16,7
DA:17,7
DA:18,7
DA:19,7
DA:21,8
DA:22,1
DA:23,1
DA:25,8
DA:26,1
DA:27,1
DA:28,1
DA:29,1
DA:30,1
DA:32,5
DA:33,5
DA:35,8
DA:36,1
DA:37,1
DA:39,4
DA:40,4
DA:41,4
DA:42,4
DA:44,8
DA:45,1
DA:46,1
DA:48,8
DA:49,1
DA:50,1
DA:51,1
DA:52,1
DA:53,1
DA:55,2
DA:56,2
DA:57,2
DA:58,2
DA:60,1
DA:61,1
DA:62,1
DA:63,1
DA:64,1
DA:65,8
LF:52
LH:52
BRDA:6,0,0,8
BRDA:10,1,0,7
BRDA:10,2,0,1
BRDA:12,3,0,7
BRDA:21,4,0,1
BRDA:23,5,0,6
BRDA:25,6,0,1
BRDA:30,7,0,5
BRDA:35,8,0,1
BRDA:37,9,0,4
BRDA:44,10,0,1
BRDA:46,11,0,3
BRDA:48,12,0,1
BRDA:53,13,0,2
BRDA:58,14,0,1
BRF:15
BRH:15
end_of_record
TN:
SF:src\app\api\user\route.ts
FN:5,sanitizeName
FN:15,POST
FN:106,GET
FN:132,PUT
FN:167,DELETE
FNF:5
FNH:5
FNDA:12,sanitizeName
FNDA:8,POST
FNDA:4,GET
FNDA:3,PUT
FNDA:3,DELETE
DA:1,1
DA:2,1
DA:3,1
DA:5,1
DA:6,12
DA:7,12
DA:8,12
DA:9,12
DA:10,12
DA:11,12
DA:12,12
DA:13,12
DA:15,8
DA:16,8
DA:17,8
DA:24,8
DA:25,2
DA:26,2
DA:27,2
DA:28,2
DA:29,2
DA:31,6
DA:32,6
DA:34,8
DA:35,0
DA:36,0
DA:37,0
DA:38,0
DA:39,0
DA:41,8
DA:42,0
DA:43,0
DA:45,6
DA:46,8
DA:47,1
DA:48,1
DA:50,8
DA:51,1
DA:52,1
DA:54,4
DA:55,4
DA:56,4
DA:57,4
DA:58,4
DA:60,8
DA:61,2
DA:62,2
DA:64,2
DA:65,2
DA:67,2
DA:68,2
DA:69,2
DA:71,2
DA:72,2
DA:73,2
DA:74,2
DA:76,2
DA:77,2
DA:78,2
DA:79,0
DA:80,0
DA:81,0
DA:82,2
DA:84,2
DA:85,2
DA:86,2
DA:87,2
DA:88,2
DA:89,2
DA:90,2
DA:92,2
DA:94,2
DA:95,2
DA:96,2
DA:97,2
DA:98,2
DA:99,2
DA:100,2
DA:101,8
DA:102,0
DA:103,0
DA:104,0
DA:105,8
DA:106,4
DA:107,4
DA:108,4
DA:109,4
DA:111,4
DA:112,1
DA:113,1
DA:115,4
DA:116,1
DA:117,1
DA:119,2
DA:120,2
DA:121,2
DA:122,2
DA:123,2
DA:125,1
DA:126,1
DA:127,1
DA:128,1
DA:129,1
DA:130,4
DA:132,3
DA:133,3
DA:134,3
DA:141,3
DA:142,1
DA:143,1
DA:145,3
DA:146,0
DA:147,0
DA:149,2
DA:150,2
DA:151,2
DA:152,2
DA:153,2
DA:154,2
DA:155,2
DA:156,2
DA:157,2
DA:158,2
DA:160,2
DA:161,3
DA:162,1
DA:163,1
DA:164,1
DA:165,3
DA:167,3
DA:168,3
DA:169,3
DA:170,3
DA:171,3
DA:173,3
DA:174,1
DA:175,1
DA:177,3
DA:178,1
DA:179,1
DA:181,1
DA:182,1
DA:183,1
DA:184,1
DA:185,1
DA:186,1
DA:187,1
DA:188,1
DA:189,1
DA:191,3
DA:192,0
DA:193,0
DA:195,3
DA:196,0
DA:197,0
DA:198,0
DA:199,0
DA:200,0
DA:201,0
DA:202,0
DA:203,0
DA:205,0
DA:206,0
DA:207,0
DA:208,0
DA:209,0
DA:210,0
DA:211,0
DA:212,0
DA:214,0
DA:215,0
DA:216,0
DA:217,0
DA:218,0
DA:220,0
DA:221,0
DA:223,1
DA:224,1
DA:225,1
DA:226,1
DA:227,1
DA:228,1
DA:229,1
DA:230,1
DA:232,1
DA:233,3
DA:234,0
DA:235,0
DA:236,0
DA:237,3
LF:190
LH:147
BRDA:5,0,0,12
BRDA:15,1,0,8
BRDA:24,2,0,6
BRDA:24,3,0,6
BRDA:24,4,0,6
BRDA:24,5,0,2
BRDA:29,6,0,6
BRDA:34,7,0,0
BRDA:39,8,0,6
BRDA:41,9,0,0
BRDA:43,10,0,6
BRDA:46,11,0,1
BRDA:48,12,0,5
BRDA:50,13,0,1
BRDA:52,14,0,4
BRDA:60,15,0,2
BRDA:78,16,0,0
BRDA:101,17,0,0
BRDA:106,18,0,4
BRDA:111,19,0,1
BRDA:113,20,0,3
BRDA:115,21,0,1
BRDA:117,22,0,2
BRDA:123,23,0,1
BRDA:132,24,0,3
BRDA:141,25,0,1
BRDA:143,26,0,2
BRDA:145,27,0,0
BRDA:147,28,0,2
BRDA:161,29,0,1
BRDA:167,30,0,3
BRDA:173,31,0,2
BRDA:173,32,0,1
BRDA:175,33,0,2
BRDA:177,34,0,1
BRDA:177,35,0,1
BRDA:191,36,0,0
BRDA:193,37,0,1
BRDA:195,38,0,0
BRDA:221,39,0,1
BRDA:233,40,0,0
BRF:41
BRH:33
end_of_record
TN:
SF:src\app\api\user\get\route.ts
FN:1,(empty-report)
FNF:1
FNH:0
FNDA:0,(empty-report)
DA:1,0
DA:2,0
DA:3,0
DA:4,0
DA:6,0
DA:7,0
DA:8,0
DA:9,0
DA:10,0
DA:12,0
DA:13,0
DA:14,0
DA:15,0
DA:16,0
DA:17,0
DA:19,0
DA:20,0
DA:21,0
DA:23,0
DA:24,0
DA:25,0
DA:26,0
DA:27,0
DA:28,0
LF:24
LH:0
BRDA:1,0,0,0
BRF:1
BRH:0
end_of_record
TN:
SF:src\app\api\user\profilepicture\route.ts
FN:6,GET
FN:39,POST
FNF:2
FNH:2
FNDA:5,GET
FNDA:5,POST
DA:1,1
DA:2,1
DA:3,1
DA:4,1
DA:6,5
DA:7,5
DA:8,5
DA:10,5
DA:11,1
DA:12,1
DA:14,4
DA:16,4
DA:17,4
DA:18,4
DA:19,4
DA:20,4
DA:21,4
DA:22,4
DA:23,4
DA:25,5
DA:26,1
DA:27,1
DA:29,2
DA:30,5
DA:31,1
DA:32,1
DA:33,1
DA:34,1
DA:35,1
DA:36,1
DA:37,5
DA:39,5
DA:40,5
DA:41,5
DA:43,5
DA:44,1
DA:45,1
DA:47,4
DA:49,5
DA:50,1
DA:51,1
DA:53,3
DA:54,3
DA:55,3
DA:56,3
DA:57,3
DA:58,5
DA:59,5
DA:60,5
DA:61,5
DA:62,5
DA:63,5
DA:65,2
DA:66,2
DA:67,2
DA:68,2
DA:69,5
DA:70,1
DA:71,1
DA:72,1
DA:73,1
DA:74,1
DA:75,1
DA:76,5
LF:64
LH:64
BRDA:6,0,0,5
BRDA:10,1,0,4
BRDA:10,2,0,1
BRDA:12,3,0,4
BRDA:23,4,0,3
BRDA:25,5,0,1
BRDA:27,6,0,2
BRDA:30,7,0,1
BRDA:39,8,0,5
BRDA:43,9,0,4
BRDA:43,10,0,1
BRDA:45,11,0,4
BRDA:49,12,0,1
BRDA:51,13,0,3
BRDA:58,14,0,1
BRDA:58,15,0,2
BRDA:63,16,0,2
BRDA:69,17,0,1
BRF:18
BRH:18
end_of_record
TN:
SF:src\app\api\user\profilepictures\route.ts
FN:6,GET
FNF:1
FNH:1
FNDA:4,GET
DA:1,1
DA:2,1
DA:3,1
DA:4,1
DA:6,4
DA:7,4
DA:8,4
DA:10,4
DA:11,1
DA:12,1
DA:14,3
DA:15,3
DA:16,3
DA:17,3
DA:18,3
DA:19,3
DA:20,3
DA:22,2
DA:23,4
DA:24,1
DA:25,1
DA:26,1
DA:27,1
DA:28,1
DA:29,1
DA:30,4
LF:26
LH:26
BRDA:6,0,0,4
BRDA:10,1,0,3
BRDA:10,2,0,1
BRDA:12,3,0,3
BRDA:20,4,0,2
BRDA:23,5,0,1
BRF:6
BRH:6
end_of_record
TN:
SF:src\app\household\page.tsx
FN:7,Page
FN:56,AddHousehold
FN:64,handleSubmit
FN:116,onChange
FN:138,JoinHousehold
FN:146,handleSubmit
FN:194,onChange
FNF:7
FNH:7
FNDA:1,Page
FNDA:15,AddHousehold
FNDA:4,handleSubmit
FNDA:3,onChange
FNDA:14,JoinHousehold
FNDA:3,handleSubmit
FNDA:3,onChange
DA:2,1
DA:3,1
DA:4,1
DA:5,1
DA:7,1
DA:8,1
DA:9,1
DA:10,1
DA:11,1
DA:12,1
DA:13,1
DA:14,1
DA:15,1
DA:17,1
DA:18,1
DA:20,1
DA:21,1
DA:22,1
DA:23,1
DA:24,1
DA:25,1
DA:27,1
DA:28,1
DA:29,1
DA:31,1
DA:32,1
DA:33,1
DA:34,1
DA:35,1
DA:36,1
DA:37,1
DA:38,1
DA:40,1
DA:41,1
DA:42,1
DA:45,1
DA:46,1
DA:47,1
DA:48,1
DA:49,1
DA:50,1
DA:51,1
DA:52,1
DA:54,1
DA:56,1
DA:57,15
DA:58,15
DA:59,15
DA:60,15
DA:61,15
DA:62,15
DA:64,15
DA:65,4
DA:67,4
DA:68,1
DA:69,1
DA:70,1
DA:71,4
DA:72,1
DA:73,1
DA:74,1
DA:76,2
DA:77,2
DA:78,2
DA:80,2
DA:81,2
DA:82,2
DA:83,2
DA:84,2
DA:85,2
DA:86,2
DA:87,2
DA:89,2
DA:91,4
DA:92,1
DA:93,1
DA:95,1
DA:97,1
DA:98,1
DA:99,1
DA:100,1
DA:102,1
DA:103,1
DA:104,1
DA:105,1
DA:106,1
DA:107,4
DA:108,2
DA:109,2
DA:110,4
DA:111,15
DA:112,15
DA:113,15
DA:114,15
DA:115,15
DA:116,15
DA:117,15
DA:118,15
DA:119,15
DA:120,15
DA:121,15
DA:122,15
DA:123,15
DA:124,15
DA:126,15
DA:127,15
DA:128,15
DA:129,15
DA:130,1
DA:132,1
DA:134,15
DA:136,15
DA:138,1
DA:139,14
DA:140,14
DA:141,14
DA:142,14
DA:143,14
DA:144,14
DA:146,14
DA:147,3
DA:149,3
DA:150,1
DA:151,1
DA:152,1
DA:154,2
DA:155,2
DA:156,2
DA:158,2
DA:159,2
DA:160,2
DA:161,2
DA:162,2
DA:163,2
DA:164,2
DA:165,2
DA:167,2
DA:169,3
DA:170,1
DA:171,1
DA:173,1
DA:175,1
DA:176,1
DA:177,1
DA:178,1
DA:180,1
DA:181,1
DA:182,1
DA:183,1
DA:184,1
DA:185,3
DA:186,2
DA:187,2
DA:188,3
DA:189,14
DA:190,14
DA:191,14
DA:192,14
DA:193,14
DA:194,14
DA:195,14
DA:196,14
DA:197,14
DA:198,14
DA:199,14
DA:200,14
DA:201,14
DA:202,14
DA:203,14
DA:205,14
DA:206,14
DA:207,14
DA:208,14
DA:209,1
DA:211,1
DA:213,14
DA:215,14
LF:177
LH:177
BRDA:7,0,0,1
BRDA:56,1,0,15
BRDA:119,2,0,13
BRDA:123,3,0,13
BRDA:126,4,0,2
BRDA:126,5,0,13
BRDA:126,6,0,1
BRDA:126,7,0,12
BRDA:128,8,0,3
BRDA:129,9,0,1
BRDA:64,10,0,4
BRDA:67,11,0,1
BRDA:70,12,0,3
BRDA:71,13,0,1
BRDA:74,14,0,2
BRDA:91,15,0,1
BRDA:92,16,0,0
BRDA:106,17,0,0
BRDA:107,18,0,2
BRDA:102,19,0,1
BRDA:116,20,0,3
BRDA:138,21,0,14
BRDA:197,22,0,12
BRDA:202,23,0,12
BRDA:205,24,0,2
BRDA:205,25,0,12
BRDA:205,26,0,1
BRDA:205,27,0,11
BRDA:207,28,0,2
BRDA:208,29,0,1
BRDA:146,30,0,3
BRDA:149,31,0,1
BRDA:152,32,0,2
BRDA:169,33,0,1
BRDA:170,34,0,0
BRDA:184,35,0,0
BRDA:185,36,0,2
BRDA:180,37,0,1
BRDA:194,38,0,3
BRF:39
BRH:35
end_of_record
TN:
SF:src\app\login\page.tsx
FN:7,Page
FN:26,onClick
FN:47,Form
FN:54,handleSubmit
FN:92,onChange
FN:99,onChange
FNF:6
FNH:6
FNDA:5,Page
FNDA:1,onClick
FNDA:14,Form
FNDA:3,handleSubmit
FNDA:2,onChange
FNDA:2,onChange
DA:3,1
DA:4,1
DA:5,1
DA:7,5
DA:8,5
DA:9,5
DA:10,5
DA:11,5
DA:12,5
DA:13,5
DA:14,5
DA:15,5
DA:16,5
DA:17,5
DA:18,5
DA:20,5
DA:21,5
DA:22,5
DA:23,5
DA:24,5
DA:25,5
DA:26,5
DA:27,5
DA:28,5
DA:30,5
DA:31,5
DA:32,5
DA:33,5
DA:34,5
DA:35,5
DA:36,5
DA:37,5
DA:38,5
DA:39,5
DA:40,5
DA:41,5
DA:42,5
DA:43,5
DA:45,5
DA:47,14
DA:48,14
DA:49,14
DA:50,14
DA:51,14
DA:52,14
DA:54,14
DA:55,3
DA:57,3
DA:58,1
DA:59,1
DA:60,1
DA:62,2
DA:63,2
DA:65,2
DA:66,2
DA:67,2
DA:68,2
DA:69,2
DA:70,2
DA:72,3
DA:73,1
DA:74,1
DA:75,1
DA:76,1
DA:77,3
DA:78,0
DA:79,0
DA:80,3
DA:81,2
DA:82,2
DA:83,3
DA:85,14
DA:86,14
DA:87,14
DA:88,14
DA:89,14
DA:90,14
DA:91,14
DA:92,14
DA:93,14
DA:94,14
DA:95,14
DA:96,14
DA:97,14
DA:98,14
DA:99,14
DA:100,14
DA:101,14
DA:102,14
DA:103,14
DA:104,14
DA:105,14
DA:106,14
DA:108,14
DA:109,14
DA:110,14
DA:111,2
DA:112,2
DA:113,2
DA:114,2
DA:116,14
DA:118,14
LF:102
LH:100
BRDA:7,0,0,5
BRDA:26,1,0,1
BRDA:47,2,0,14
BRDA:108,3,0,2
BRDA:108,4,0,12
BRDA:110,5,0,2
BRDA:54,6,0,3
BRDA:57,7,0,2
BRDA:57,8,0,1
BRDA:60,9,0,2
BRDA:72,10,0,1
BRDA:77,11,0,0
BRDA:80,12,0,2
BRDA:92,13,0,2
BRDA:99,14,0,2
BRF:15
BRH:14
end_of_record
TN:
SF:src\app\logout\page.tsx
FN:7,LogoutPage
FN:11,handleLogout
FN:23,handleCancel
FNF:3
FNH:3
FNDA:7,LogoutPage
FNDA:2,handleLogout
FNDA:1,handleCancel
DA:3,1
DA:4,1
DA:5,1
DA:7,7
DA:8,7
DA:9,7
DA:11,7
DA:12,2
DA:13,2
DA:14,2
DA:15,1
DA:16,2
DA:17,0
DA:18,2
DA:19,1
DA:20,1
DA:21,2
DA:23,7
DA:24,1
DA:25,1
DA:27,7
DA:28,7
DA:29,7
DA:30,7
DA:31,7
DA:33,7
DA:34,7
DA:35,7
DA:36,7
DA:37,7
DA:38,7
DA:40,7
DA:41,7
DA:42,7
DA:43,7
DA:44,7
DA:45,7
DA:47,7
DA:48,7
DA:49,7
DA:50,7
DA:52,7
LF:42
LH:41
BRDA:7,0,0,7
BRDA:40,1,0,2
BRDA:40,2,0,5
BRDA:11,3,0,2
BRDA:14,4,0,1
BRDA:16,5,0,0
BRDA:18,6,0,1
BRDA:23,7,0,1
BRF:8
BRH:7
end_of_record
TN:
SF:src\app\signup\page.tsx
FN:6,Page
FN:25,onClick
FN:46,SignupForm
FN:55,handleSubmit
FN:123,onChange
FN:130,onChange
FN:137,onChange
FN:144,onChange
FNF:8
FNH:8
FNDA:8,Page
FNDA:1,onClick
FNDA:36,SignupForm
FNDA:6,handleSubmit
FNDA:5,onChange
FNDA:5,onChange
FNDA:5,onChange
FNDA:5,onChange
DA:3,1
DA:4,1
DA:6,8
DA:7,8
DA:8,8
DA:9,8
DA:10,8
DA:11,8
DA:12,8
DA:13,8
DA:14,8
DA:15,8
DA:16,8
DA:17,8
DA:19,8
DA:20,8
DA:21,8
DA:22,8
DA:23,8
DA:24,8
DA:25,8
DA:26,8
DA:27,8
DA:29,8
DA:30,8
DA:31,8
DA:32,8
DA:33,8
DA:34,8
DA:35,8
DA:36,8
DA:37,8
DA:38,8
DA:39,8
DA:40,8
DA:41,8
DA:42,8
DA:44,8
DA:46,36
DA:47,36
DA:48,36
DA:49,36
DA:50,36
DA:51,36
DA:52,36
DA:53,36
DA:55,36
DA:56,6
DA:58,6
DA:59,1
DA:60,1
DA:61,1
DA:62,6
DA:63,1
DA:64,1
DA:65,1
DA:67,4
DA:68,6
DA:69,1
DA:70,1
DA:71,1
DA:73,6
DA:74,1
DA:75,1
DA:76,1
DA:78,2
DA:79,2
DA:81,2
DA:82,2
DA:83,2
DA:84,2
DA:85,2
DA:86,2
DA:87,2
DA:88,2
DA:89,2
DA:90,2
DA:91,2
DA:92,2
DA:93,2
DA:95,2
DA:97,2
DA:98,2
DA:99,2
DA:100,6
DA:101,0
DA:102,0
DA:104,6
DA:105,1
DA:106,1
DA:108,1
DA:109,1
DA:110,1
DA:111,6
DA:112,2
DA:113,2
DA:114,6
DA:116,36
DA:117,36
DA:118,36
DA:119,36
DA:120,36
DA:121,36
DA:122,36
DA:123,36
DA:124,36
DA:125,36
DA:126,36
DA:127,36
DA:128,36
DA:129,36
DA:130,36
DA:131,36
DA:132,36
DA:133,36
DA:134,36
DA:135,36
DA:136,36
DA:137,36
DA:138,36
DA:139,36
DA:140,36
DA:141,36
DA:142,36
DA:143,36
DA:144,36
DA:145,36
DA:146,36
DA:147,36
DA:148,36
DA:149,36
DA:150,36
DA:151,36
DA:153,36
DA:154,36
DA:155,36
DA:156,5
DA:157,5
DA:158,5
DA:159,5
DA:161,36
DA:163,36
LF:142
LH:140
BRDA:6,0,0,8
BRDA:25,1,0,1
BRDA:46,2,0,36
BRDA:153,3,0,2
BRDA:153,4,0,34
BRDA:155,5,0,5
BRDA:55,6,0,6
BRDA:58,7,0,5
BRDA:58,8,0,5
BRDA:58,9,0,5
BRDA:58,10,0,1
BRDA:61,11,0,5
BRDA:62,12,0,4
BRDA:62,13,0,1
BRDA:65,14,0,4
BRDA:68,15,0,1
BRDA:71,16,0,3
BRDA:73,17,0,1
BRDA:76,18,0,2
BRDA:100,19,0,0
BRDA:102,20,0,2
BRDA:104,21,0,1
BRDA:105,22,0,0
BRDA:110,23,0,0
BRDA:111,24,0,2
BRDA:123,25,0,5
BRDA:130,26,0,5
BRDA:137,27,0,5
BRDA:144,28,0,5
BRF:29
BRH:26
end_of_record
TN:
SF:src\components\bills\billRecord.tsx
FN:29,DetailsBox
FN:35,fetchDetails
FN:54,handleMarkAsPaid
FN:124,onClick
FN:134,onClick
FN:157,BillRecord
FN:172,onClick
FN:183,onClick
FN:206,onClick
FN:217,onClick
FN:236,onConfirm
FN:240,onCancel
FN:247,onCancel
FNF:13
FNH:11
FNDA:4,DetailsBox
FNDA:2,fetchDetails
FNDA:1,handleMarkAsPaid
FNDA:1,onClick
FNDA:1,onClick
FNDA:72,BillRecord
FNDA:2,onClick
FNDA:3,onClick
FNDA:0,onClick
FNDA:0,onClick
FNDA:2,onConfirm
FNDA:1,onCancel
FNDA:2,onCancel
DA:2,1
DA:3,1
DA:4,1
DA:29,4
DA:30,4
DA:31,4
DA:32,4
DA:34,4
DA:35,2
DA:36,2
DA:37,2
DA:38,2
DA:39,2
DA:40,2
DA:41,2
DA:43,2
DA:44,2
DA:45,2
DA:46,2
DA:47,0
DA:48,0
DA:49,2
DA:50,2
DA:51,2
DA:52,4
DA:54,4
DA:55,1
DA:56,1
DA:57,1
DA:58,1
DA:59,1
DA:60,1
DA:61,1
DA:63,1
DA:64,1
DA:65,0
DA:66,0
DA:67,1
DA:68,0
DA:69,0
DA:70,1
DA:72,4
DA:73,4
DA:74,4
DA:75,4
DA:76,2
DA:77,2
DA:78,2
DA:80,2
DA:81,2
DA:82,2
DA:83,2
DA:84,2
DA:85,2
DA:86,0
DA:87,2
DA:88,2
DA:89,2
DA:90,2
DA:91,2
DA:92,0
DA:93,2
DA:94,2
DA:95,0
DA:96,0
DA:97,0
DA:98,2
DA:99,0
DA:100,2
DA:101,2
DA:102,2
DA:103,2
DA:104,2
DA:105,2
DA:106,2
DA:107,2
DA:108,2
DA:109,2
DA:110,0
DA:111,0
DA:112,0
DA:113,0
DA:114,0
DA:115,0
DA:116,0
DA:117,0
DA:118,0
DA:120,2
DA:122,2
DA:123,2
DA:124,2
DA:125,1
DA:126,1
DA:127,1
DA:128,1
DA:129,2
DA:131,2
DA:132,2
DA:133,2
DA:134,2
DA:135,1
DA:136,1
DA:137,2
DA:138,2
DA:140,2
DA:141,2
DA:142,2
DA:144,4
DA:145,4
DA:147,4
DA:157,72
DA:158,72
DA:159,72
DA:161,72
DA:162,72
DA:163,72
DA:164,72
DA:165,72
DA:166,72
DA:167,72
DA:168,72
DA:169,72
DA:170,72
DA:171,72
DA:172,72
DA:173,72
DA:174,72
DA:175,72
DA:176,72
DA:177,72
DA:178,72
DA:179,72
DA:180,72
DA:181,72
DA:182,72
DA:183,72
DA:184,72
DA:185,72
DA:186,72
DA:187,72
DA:188,72
DA:189,72
DA:190,72
DA:191,72
DA:192,72
DA:193,72
DA:194,72
DA:196,72
DA:197,72
DA:198,72
DA:199,72
DA:200,72
DA:201,72
DA:202,72
DA:203,72
DA:204,72
DA:205,72
DA:206,72
DA:207,72
DA:208,72
DA:209,72
DA:210,72
DA:211,72
DA:212,72
DA:213,72
DA:214,72
DA:215,72
DA:216,72
DA:217,72
DA:218,72
DA:219,72
DA:220,72
DA:221,72
DA:222,72
DA:223,72
DA:224,72
DA:225,72
DA:226,72
DA:227,72
DA:228,72
DA:229,72
DA:230,72
DA:231,72
DA:233,72
DA:234,3
DA:235,3
DA:236,3
DA:237,2
DA:238,2
DA:239,2
DA:240,3
DA:241,3
DA:244,72
DA:245,2
DA:246,2
DA:247,2
DA:248,2
DA:249,2
DA:250,2
DA:252,72
DA:254,72
LF:201
LH:180
BRDA:29,0,0,4
BRDA:75,1,0,2
BRDA:78,2,0,2
BRDA:85,3,0,0
BRDA:91,4,0,0
BRDA:93,5,0,0
BRDA:94,6,0,0
BRDA:98,7,0,0
BRDA:104,8,0,0
BRDA:109,9,0,0
BRDA:131,10,0,0
BRDA:34,11,0,2
BRDA:35,12,0,2
BRDA:46,13,0,0
BRDA:54,14,0,1
BRDA:64,15,0,0
BRDA:67,16,0,0
BRDA:124,17,0,1
BRDA:134,18,0,1
BRDA:157,19,0,72
BRDA:233,20,0,3
BRDA:244,21,0,2
BRDA:172,22,0,2
BRDA:183,23,0,3
BRDA:236,24,0,2
BRDA:240,25,0,1
BRDA:247,26,0,2
BRF:27
BRH:16
end_of_record
TN:
SF:src\components\bills\billsHandler.tsx
FN:25,ShoppingListHandler
FN:41,fetchTotalItems
FN:59,fetchData
FN:79,handleDelete
FN:94,renderContent
FNF:5
FNH:5
FNDA:40,ShoppingListHandler
FNDA:15,fetchTotalItems
FNDA:15,fetchData
FNDA:1,handleDelete
FNDA:40,renderContent
DA:3,1
DA:4,1
DA:5,1
DA:6,1
DA:25,40
DA:26,40
DA:27,40
DA:28,40
DA:30,40
DA:31,40
DA:32,40
DA:34,40
DA:35,38
DA:36,29
DA:37,29
DA:38,40
DA:40,40
DA:41,15
DA:42,15
DA:43,15
DA:44,15
DA:45,15
DA:46,15
DA:47,15
DA:48,0
DA:49,0
DA:50,15
DA:51,0
DA:52,0
DA:53,15
DA:55,15
DA:56,40
DA:58,40
DA:59,15
DA:60,15
DA:61,15
DA:62,15
DA:63,15
DA:64,15
DA:65,15
DA:66,15
DA:67,0
DA:68,0
DA:69,15
DA:70,0
DA:71,15
DA:72,15
DA:73,15
DA:74,15
DA:76,15
DA:77,40
DA:79,40
DA:80,1
DA:81,1
DA:82,1
DA:83,1
DA:84,1
DA:85,1
DA:86,1
DA:87,1
DA:88,1
DA:89,1
DA:90,1
DA:91,1
DA:92,1
DA:94,40
DA:95,40
DA:96,21
DA:97,21
DA:98,21
DA:99,21
DA:101,21
DA:103,40
DA:104,1
DA:105,1
DA:106,1
DA:107,1
DA:109,1
DA:111,18
DA:112,57
DA:113,57
DA:114,57
DA:115,57
DA:116,57
DA:117,57
DA:118,57
DA:119,57
DA:120,57
DA:121,57
DA:122,18
DA:123,40
DA:125,40
DA:126,40
DA:127,40
DA:128,40
DA:130,40
DA:131,40
DA:133,40
DA:134,40
DA:136,40
DA:137,40
DA:138,40
DA:139,40
DA:140,1
DA:141,1
DA:142,1
DA:144,40
DA:146,40
LF:108
LH:101
BRDA:25,0,0,40
BRDA:32,1,0,0
BRDA:128,2,0,1
BRDA:128,3,0,39
BRDA:139,4,0,1
BRDA:34,5,0,38
BRDA:35,6,0,29
BRDA:40,7,0,15
BRDA:41,8,0,15
BRDA:47,9,0,0
BRDA:50,10,0,0
BRDA:58,11,0,15
BRDA:59,12,0,15
BRDA:66,13,0,0
BRDA:69,14,0,0
BRDA:79,15,0,1
BRDA:84,16,0,1
BRDA:85,17,0,0
BRDA:94,18,0,40
BRDA:95,19,0,21
BRDA:101,20,0,19
BRDA:103,21,0,1
BRDA:109,22,0,18
BRDA:111,23,0,57
BRF:24
BRH:18
end_of_record
TN:
SF:src\components\chores\choreAddForm.tsx
FN:11,ChoreAddForm
FN:31,handleShowCalendar
FN:35,handleSelectDate
FN:40,handleRefresh
FN:47,handleCancel
FN:63,handleSubmit
FN:155,onChange
FN:183,onChange
FN:208,onChange
FN:216,onClick
FN:237,onChange
FN:270,onChange
FN:301,onChange
FNF:13
FNH:6
FNDA:25,ChoreAddForm
FNDA:0,handleShowCalendar
FNDA:0,handleSelectDate
FNDA:0,handleRefresh
FNDA:1,handleCancel
FNDA:2,handleSubmit
FNDA:1,onChange
FNDA:1,onChange
FNDA:1,onChange
FNDA:0,onClick
FNDA:0,onChange
FNDA:0,onChange
FNDA:0,onChange
DA:2,1
DA:3,1
DA:4,1
DA:11,25
DA:12,25
DA:13,25
DA:15,25
DA:17,25
DA:18,25
DA:20,25
DA:21,25
DA:22,25
DA:23,25
DA:24,25
DA:25,25
DA:27,25
DA:29,25
DA:31,25
DA:32,0
DA:33,0
DA:35,25
DA:36,0
DA:37,0
DA:38,0
DA:40,25
DA:41,0
DA:42,0
DA:43,0
DA:44,0
DA:45,0
DA:47,25
DA:48,1
DA:49,1
DA:50,1
DA:51,1
DA:52,1
DA:53,1
DA:54,1
DA:55,1
DA:56,1
DA:57,1
DA:58,1
DA:59,1
DA:60,1
DA:61,1
DA:63,25
DA:64,2
DA:66,2
DA:68,2
DA:69,1
DA:70,1
DA:72,2
DA:73,0
DA:74,0
DA:76,2
DA:77,0
DA:78,0
DA:80,2
DA:81,0
DA:82,0
DA:84,2
DA:85,1
DA:86,1
DA:87,1
DA:89,1
DA:90,1
DA:91,1
DA:92,1
DA:93,1
DA:94,1
DA:95,1
DA:96,1
DA:97,1
DA:98,1
DA:99,1
DA:100,1
DA:101,1
DA:102,1
DA:103,1
DA:105,2
DA:106,0
DA:107,0
DA:109,1
DA:110,1
DA:111,1
DA:112,1
DA:113,2
DA:114,0
DA:115,0
DA:116,0
DA:117,0
DA:118,0
DA:119,0
DA:120,2
DA:122,25
DA:123,8
DA:124,0
DA:125,0
DA:126,25
DA:128,25
DA:129,0
DA:130,0
DA:131,0
DA:132,0
DA:133,0
DA:134,0
DA:135,0
DA:136,0
DA:137,0
DA:138,0
DA:139,0
DA:140,0
DA:142,0
DA:144,25
DA:145,25
DA:146,25
DA:147,25
DA:148,25
DA:149,25
DA:150,25
DA:151,25
DA:152,25
DA:153,25
DA:154,25
DA:155,25
DA:156,1
DA:157,1
DA:158,0
DA:159,0
DA:160,1
DA:161,25
DA:162,25
DA:163,25
DA:164,25
DA:165,25
DA:166,25
DA:167,25
DA:168,25
DA:169,25
DA:170,25
DA:171,25
DA:173,25
DA:174,25
DA:175,25
DA:176,25
DA:178,25
DA:179,25
DA:180,25
DA:181,25
DA:182,25
DA:183,25
DA:184,1
DA:185,1
DA:186,1
DA:187,0
DA:188,0
DA:189,1
DA:190,25
DA:191,25
DA:192,25
DA:194,25
DA:195,25
DA:196,25
DA:197,25
DA:198,25
DA:199,25
DA:200,25
DA:201,25
DA:203,25
DA:204,25
DA:205,25
DA:206,25
DA:207,25
DA:208,25
DA:209,1
DA:210,1
DA:211,25
DA:212,25
DA:213,25
DA:214,25
DA:215,25
DA:216,25
DA:217,0
DA:218,0
DA:219,0
DA:220,0
DA:221,0
DA:222,25
DA:223,25
DA:224,25
DA:226,25
DA:227,25
DA:228,25
DA:229,25
DA:230,0
DA:231,0
DA:233,0
DA:234,0
DA:235,0
DA:236,0
DA:237,0
DA:238,0
DA:239,0
DA:240,0
DA:241,0
DA:242,0
DA:243,0
DA:244,0
DA:245,0
DA:247,0
DA:248,0
DA:249,0
DA:250,0
DA:251,0
DA:252,0
DA:254,0
DA:255,0
DA:256,0
DA:257,0
DA:258,0
DA:259,0
DA:260,0
DA:261,0
DA:263,25
DA:264,0
DA:265,0
DA:266,0
DA:267,0
DA:268,0
DA:269,0
DA:270,0
DA:271,0
DA:273,0
DA:274,0
DA:276,0
DA:277,0
DA:278,0
DA:279,0
DA:280,0
DA:281,0
DA:282,0
DA:283,0
DA:284,0
DA:285,0
DA:286,0
DA:287,0
DA:289,25
DA:290,0
DA:291,0
DA:293,0
DA:294,0
DA:295,0
DA:296,0
DA:297,0
DA:298,0
DA:299,0
DA:300,0
DA:301,0
DA:302,0
DA:304,0
DA:305,0
DA:307,0
DA:308,0
DA:309,0
DA:310,0
DA:311,0
DA:312,0
DA:313,0
DA:314,0
DA:315,0
DA:316,0
DA:317,0
DA:318,0
DA:319,0
DA:321,25
DA:322,25
DA:323,25
DA:324,25
DA:325,25
DA:326,25
DA:327,25
DA:328,25
DA:329,25
DA:330,25
DA:331,25
DA:332,25
DA:333,25
DA:334,25
DA:335,25
DA:336,25
DA:337,0
DA:338,0
DA:339,0
DA:340,0
DA:341,0
DA:343,25
DA:345,25
LF:297
LH:166
BRDA:11,0,0,25
BRDA:128,1,0,0
BRDA:162,2,0,1
BRDA:162,3,0,24
BRDA:165,4,0,1
BRDA:170,5,0,0
BRDA:173,6,0,0
BRDA:175,7,0,0
BRDA:191,8,0,0
BRDA:200,9,0,0
BRDA:223,10,0,0
BRDA:226,11,0,0
BRDA:229,12,0,0
BRDA:263,13,0,0
BRDA:289,14,0,0
BRDA:336,15,0,0
BRDA:47,16,0,1
BRDA:63,17,0,2
BRDA:68,18,0,1
BRDA:72,19,0,0
BRDA:76,20,0,0
BRDA:80,21,0,0
BRDA:84,22,0,1
BRDA:105,23,0,0
BRDA:107,24,0,1
BRDA:113,25,0,0
BRDA:122,26,0,8
BRDA:123,27,0,0
BRDA:155,28,0,1
BRDA:157,29,0,0
BRDA:157,30,0,0
BRDA:183,31,0,1
BRDA:186,32,0,0
BRDA:186,33,0,0
BRDA:186,34,0,0
BRDA:208,35,0,1
BRF:36
BRH:13
end_of_record
TN:
SF:src\components\chores\choreDoneCard.tsx
FN:42,ConfirmationBox
FN:82,DetailsBox
FN:116,ChoreDoneCard
FN:125,handleUndone
FN:135,onConfirm
FN:159,onCancel
FN:167,showDetails
FNF:7
FNH:5
FNDA:2,ConfirmationBox
FNDA:0,DetailsBox
FNDA:6,ChoreDoneCard
FNDA:2,handleUndone
FNDA:1,onConfirm
FNDA:1,onCancel
FNDA:0,showDetails
DA:3,1
DA:42,2
DA:43,2
DA:44,2
DA:45,2
DA:46,2
DA:47,2
DA:48,2
DA:49,2
DA:51,2
DA:52,2
DA:53,2
DA:54,2
DA:55,2
DA:57,2
DA:58,2
DA:59,2
DA:60,2
DA:61,2
DA:63,2
DA:64,2
DA:66,2
DA:67,2
DA:68,2
DA:69,2
DA:70,2
DA:71,2
DA:72,2
DA:74,2
DA:75,2
DA:76,2
DA:77,2
DA:78,2
DA:80,2
DA:82,0
DA:83,0
DA:85,0
DA:86,0
DA:87,0
DA:88,0
DA:89,0
DA:91,0
DA:92,0
DA:93,0
DA:94,0
DA:95,0
DA:96,0
DA:97,0
DA:98,0
DA:100,0
DA:101,0
DA:102,0
DA:103,0
DA:104,0
DA:105,0
DA:106,0
DA:108,0
DA:109,0
DA:110,0
DA:111,0
DA:112,0
DA:114,0
DA:116,6
DA:117,6
DA:119,6
DA:120,6
DA:121,6
DA:122,6
DA:123,6
DA:125,6
DA:126,2
DA:128,2
DA:129,2
DA:131,2
DA:132,2
DA:133,2
DA:134,2
DA:135,2
DA:136,1
DA:137,1
DA:139,1
DA:140,1
DA:141,1
DA:142,1
DA:143,1
DA:144,1
DA:145,1
DA:146,1
DA:148,1
DA:149,0
DA:150,0
DA:152,1
DA:153,1
DA:154,1
DA:155,1
DA:156,0
DA:157,0
DA:158,1
DA:159,2
DA:160,1
DA:161,1
DA:162,1
DA:163,2
DA:164,2
DA:165,2
DA:167,6
DA:168,0
DA:169,0
DA:171,0
DA:172,0
DA:173,0
DA:174,0
DA:175,0
DA:176,0
DA:177,0
DA:178,0
DA:179,0
DA:180,0
DA:181,0
DA:182,0
DA:183,0
DA:184,0
DA:185,0
DA:187,6
DA:188,6
DA:189,6
DA:190,6
DA:191,6
DA:193,6
DA:194,6
DA:195,6
DA:196,6
DA:197,6
DA:198,6
DA:199,6
DA:200,6
DA:201,6
DA:202,6
DA:203,6
DA:204,6
DA:205,6
DA:207,6
LF:142
LH:93
BRDA:42,0,0,2
BRDA:116,1,0,6
BRDA:125,2,0,2
BRDA:135,3,0,1
BRDA:148,4,0,0
BRDA:155,5,0,0
BRDA:159,6,0,1
BRF:7
BRH:5
end_of_record
TN:
SF:src\components\chores\choreDoneList.tsx
FN:34,ChoreToDoList
FNF:1
FNH:1
FNDA:4,ChoreToDoList
DA:2,1
DA:3,1
DA:4,1
DA:5,1
DA:34,4
DA:35,4
DA:36,4
DA:37,4
DA:38,4
DA:39,4
DA:40,4
DA:41,4
DA:42,4
DA:43,4
DA:44,4
DA:46,4
DA:47,4
DA:48,3
DA:49,3
DA:50,4
DA:52,4
DA:53,4
DA:54,4
DA:55,4
DA:57,4
DA:58,4
DA:59,4
DA:60,4
DA:61,4
DA:62,4
DA:64,4
DA:65,4
DA:66,4
DA:67,4
DA:68,1
DA:69,3
DA:70,0
DA:71,3
DA:72,3
DA:74,0
DA:76,4
DA:77,4
DA:78,0
DA:79,0
DA:80,0
DA:82,4
DA:84,4
LF:47
LH:42
BRDA:34,0,0,4
BRDA:44,1,0,0
BRDA:67,2,0,1
BRDA:68,3,0,3
BRDA:69,4,0,0
BRDA:72,5,0,0
BRDA:77,6,0,0
BRDA:46,7,0,4
BRDA:47,8,0,3
BRDA:72,9,0,4
BRF:10
BRH:6
end_of_record
TN:
SF:src\components\chores\choreLeaderboard.tsx
FN:39,ChoreLeaderboard
FN:46,fetchData
FNF:2
FNH:2
FNDA:21,ChoreLeaderboard
FNDA:12,fetchData
DA:2,1
DA:3,1
DA:4,1
DA:32,1
DA:33,1
DA:34,1
DA:35,1
DA:36,1
DA:37,1
DA:39,21
DA:40,21
DA:41,21
DA:42,21
DA:43,21
DA:45,21
DA:46,12
DA:47,12
DA:48,12
DA:49,12
DA:50,12
DA:51,0
DA:52,0
DA:53,12
DA:55,12
DA:56,12
DA:57,12
DA:58,12
DA:59,12
DA:60,12
DA:62,12
DA:63,24
DA:64,24
DA:65,24
DA:66,24
DA:67,24
DA:68,24
DA:69,24
DA:70,12
DA:72,12
DA:73,12
DA:74,0
DA:75,0
DA:76,12
DA:77,0
DA:78,0
DA:79,12
DA:80,0
DA:81,12
DA:82,12
DA:83,12
DA:84,12
DA:86,12
DA:87,21
DA:89,21
DA:90,21
DA:91,21
DA:92,21
DA:94,21
DA:95,21
DA:96,21
DA:97,21
DA:98,9
DA:99,9
DA:100,9
DA:101,9
DA:102,18
DA:103,18
DA:104,18
DA:105,18
DA:106,18
DA:107,18
DA:108,18
DA:109,18
DA:110,18
DA:111,18
DA:112,18
DA:113,18
DA:114,18
DA:115,18
DA:116,18
DA:117,18
DA:118,18
DA:119,18
DA:120,18
DA:122,0
DA:124,0
DA:126,18
DA:127,9
DA:128,9
DA:130,21
DA:132,21
LF:91
LH:82
BRDA:39,0,0,21
BRDA:95,1,0,12
BRDA:96,2,0,0
BRDA:97,3,0,9
BRDA:97,4,0,9
BRDA:45,5,0,12
BRDA:46,6,0,12
BRDA:50,7,0,0
BRDA:73,8,0,0
BRDA:76,9,0,0
BRDA:79,10,0,0
BRDA:62,11,0,24
BRDA:68,12,0,0
BRDA:64,13,0,36
BRDA:100,14,0,9
BRDA:101,15,0,18
BRDA:106,16,0,0
BRDA:107,17,0,0
BRDA:120,18,0,0
BRF:19
BRH:10
end_of_record
TN:
SF:src\components\chores\choreToDoCard.tsx
FN:43,ConfirmationBox
FN:81,DetailsBox
FN:131,ChoreToDoCard
FN:140,handleDone
FN:149,onConfirm
FN:171,onCancel
FN:179,showDetails
FN:185,handleDelete
FN:195,onConfirm
FN:219,onCancel
FN:234,onClose
FNF:11
FNH:8
FNDA:2,ConfirmationBox
FNDA:2,DetailsBox
FNDA:9,ChoreToDoCard
FNDA:1,handleDone
FNDA:1,onConfirm
FNDA:0,onCancel
FNDA:2,showDetails
FNDA:1,handleDelete
FNDA:1,onConfirm
FNDA:0,onCancel
FNDA:0,onClose
DA:3,1
DA:43,2
DA:44,2
DA:45,2
DA:46,2
DA:47,2
DA:48,2
DA:50,2
DA:51,2
DA:52,2
DA:53,2
DA:54,2
DA:56,2
DA:57,2
DA:58,2
DA:59,2
DA:60,2
DA:62,2
DA:63,2
DA:65,2
DA:66,2
DA:67,2
DA:68,2
DA:69,2
DA:70,2
DA:71,2
DA:73,2
DA:74,2
DA:75,2
DA:76,2
DA:77,2
DA:79,2
DA:81,2
DA:82,2
DA:84,2
DA:85,2
DA:86,2
DA:87,2
DA:88,2
DA:90,2
DA:91,2
DA:92,2
DA:93,2
DA:94,2
DA:95,2
DA:96,2
DA:97,2
DA:99,2
DA:100,2
DA:101,2
DA:102,2
DA:103,2
DA:105,2
DA:107,2
DA:108,2
DA:109,2
DA:110,2
DA:112,2
DA:113,2
DA:115,2
DA:116,2
DA:117,2
DA:118,2
DA:119,2
DA:120,2
DA:121,2
DA:123,2
DA:124,2
DA:125,2
DA:126,2
DA:127,2
DA:129,2
DA:131,9
DA:132,9
DA:134,9
DA:135,9
DA:136,9
DA:137,9
DA:138,9
DA:140,9
DA:141,1
DA:143,1
DA:144,1
DA:146,1
DA:147,1
DA:148,1
DA:149,1
DA:150,1
DA:151,1
DA:153,1
DA:154,1
DA:155,1
DA:156,1
DA:157,1
DA:158,1
DA:159,1
DA:160,1
DA:161,1
DA:162,0
DA:163,0
DA:164,1
DA:165,1
DA:166,1
DA:167,1
DA:168,0
DA:169,0
DA:170,1
DA:171,1
DA:172,0
DA:173,0
DA:174,0
DA:175,1
DA:176,1
DA:177,1
DA:179,9
DA:180,2
DA:181,2
DA:183,2
DA:185,2
DA:186,1
DA:187,1
DA:189,1
DA:190,1
DA:192,1
DA:193,1
DA:194,1
DA:195,1
DA:196,1
DA:197,1
DA:199,1
DA:200,1
DA:201,1
DA:202,1
DA:203,1
DA:204,1
DA:205,1
DA:206,1
DA:208,1
DA:209,0
DA:210,0
DA:212,1
DA:213,1
DA:214,1
DA:215,1
DA:216,0
DA:217,0
DA:218,1
DA:219,1
DA:220,0
DA:221,0
DA:222,0
DA:223,1
DA:224,1
DA:225,1
DA:227,2
DA:228,2
DA:229,2
DA:230,2
DA:231,2
DA:232,2
DA:233,2
DA:234,2
DA:235,0
DA:236,0
DA:237,0
DA:238,2
DA:239,2
DA:240,2
DA:241,2
DA:243,9
DA:244,9
DA:245,9
DA:246,9
DA:247,9
DA:249,9
DA:250,9
DA:251,9
DA:252,9
DA:253,9
DA:254,9
DA:255,9
DA:256,9
DA:257,9
DA:258,9
DA:259,9
DA:260,9
DA:261,9
DA:263,9
LF:188
LH:171
BRDA:43,0,0,2
BRDA:81,1,0,2
BRDA:131,2,0,9
BRDA:140,3,0,1
BRDA:149,4,0,1
BRDA:161,5,0,0
BRDA:167,6,0,0
BRDA:179,7,0,2
BRDA:233,8,0,0
BRDA:185,9,0,1
BRDA:195,10,0,1
BRDA:208,11,0,0
BRDA:215,12,0,0
BRF:13
BRH:8
end_of_record
TN:
SF:src\components\chores\choreToDoList.tsx
FN:35,ChoreToDoList
FNF:1
FNH:1
FNDA:15,ChoreToDoList
DA:2,1
DA:3,1
DA:4,1
DA:5,1
DA:35,15
DA:36,15
DA:37,15
DA:38,15
[...]
FN:44,handleSelectDate
FN:50,fetchHouseholders
FN:67,handleRefresh
FN:74,handleSubmit
FN:132,handleCancel
FN:182,onChange
FN:208,onChange
FN:234,onChange
FN:248,onClick
FN:267,onChange
FN:300,onChange
FN:331,onChange
FN:357,onChange
FNF:15
FNH:8
FNDA:20,EventAddForm
FNDA:0,handleShowCalendar
FNDA:0,handleSelectDate
FNDA:6,fetchHouseholders
FNDA:0,handleRefresh
FNDA:1,handleSubmit
FNDA:1,handleCancel
FNDA:1,onChange
FNDA:1,onChange
FNDA:1,onChange
FNDA:0,onClick
FNDA:0,onChange
FNDA:0,onChange
FNDA:0,onChange
FNDA:1,onChange
DA:2,1
DA:3,1
DA:4,1
DA:16,20
DA:17,20
DA:18,20
DA:20,20
DA:21,20
DA:23,20
DA:25,20
DA:27,20
DA:29,20
DA:31,20
DA:32,20
DA:33,20
DA:34,20
DA:35,20
DA:36,20
DA:38,20
DA:40,20
DA:41,0
DA:42,0
DA:44,20
DA:45,0
DA:46,0
DA:47,0
DA:49,20
DA:50,6
DA:51,6
DA:52,6
DA:53,6
DA:54,0
DA:55,0
DA:56,6
DA:57,6
DA:58,6
DA:59,0
DA:60,0
DA:61,0
DA:62,6
DA:64,6
DA:65,20
DA:67,20
DA:68,0
DA:69,0
DA:70,0
DA:71,0
DA:72,0
DA:74,20
DA:75,1
DA:77,1
DA:79,1
DA:80,0
DA:81,0
DA:83,1
DA:84,0
DA:85,0
DA:87,1
DA:88,0
DA:89,0
DA:91,1
DA:92,0
DA:93,0
DA:95,1
DA:96,0
DA:97,0
DA:98,0
DA:100,1
DA:102,1
DA:103,1
DA:104,1
DA:105,1
DA:106,1
DA:107,1
DA:108,1
DA:109,1
DA:110,1
DA:111,1
DA:112,1
DA:113,1
DA:114,1
DA:115,1
DA:116,1
DA:117,1
DA:119,1
DA:120,0
DA:121,0
DA:123,1
DA:124,1
DA:125,1
DA:126,1
DA:127,1
DA:128,0
DA:129,0
DA:130,1
DA:132,20
DA:133,1
DA:134,1
DA:135,1
DA:136,1
DA:137,1
DA:138,1
DA:139,1
DA:140,1
DA:141,1
DA:142,1
DA:143,1
DA:144,1
DA:145,1
DA:146,1
DA:147,1
DA:149,20
DA:150,6
DA:151,0
DA:152,0
DA:153,20
DA:155,20
DA:156,0
DA:157,0
DA:158,0
DA:159,0
DA:160,0
DA:161,0
DA:162,0
DA:163,0
DA:164,0
DA:165,0
DA:166,0
DA:167,0
DA:169,0
DA:171,20
DA:172,20
DA:173,20
DA:174,20
DA:175,20
DA:176,20
DA:177,20
DA:178,20
DA:179,20
DA:180,20
DA:181,20
DA:182,20
DA:183,1
DA:184,1
DA:185,0
DA:186,0
DA:187,1
DA:188,20
DA:189,20
DA:190,20
DA:191,20
DA:192,20
DA:193,20
DA:194,20
DA:195,20
DA:196,20
DA:198,20
DA:199,20
DA:200,20
DA:202,20
DA:203,20
DA:204,20
DA:205,20
DA:206,20
DA:207,20
DA:208,20
DA:209,1
DA:210,1
DA:211,1
DA:212,0
DA:213,0
DA:214,1
DA:215,20
DA:216,20
DA:217,20
DA:219,20
DA:220,20
DA:221,20
DA:222,20
DA:223,20
DA:224,20
DA:225,20
DA:226,0
DA:228,20
DA:229,20
DA:230,20
DA:231,20
DA:232,20
DA:233,20
DA:234,20
DA:235,1
DA:236,1
DA:237,0
DA:238,0
DA:239,1
DA:240,20
DA:241,20
DA:242,20
DA:243,20
DA:244,20
DA:245,20
DA:246,20
DA:247,20
DA:248,20
DA:249,0
DA:250,0
DA:251,0
DA:252,0
DA:253,0
DA:254,20
DA:255,20
DA:256,20
DA:258,20
DA:259,20
DA:260,20
DA:261,20
DA:262,0
DA:263,0
DA:264,0
DA:265,0
DA:266,0
DA:267,0
DA:268,0
DA:269,0
DA:270,0
DA:271,0
DA:272,0
DA:273,0
DA:274,0
DA:275,0
DA:277,0
DA:278,0
DA:279,0
DA:280,0
DA:281,0
DA:282,0
DA:284,0
DA:285,0
DA:286,0
DA:287,0
DA:288,0
DA:289,0
DA:290,0
DA:291,0
DA:293,20
DA:294,0
DA:295,0
DA:296,0
DA:297,0
DA:298,0
DA:299,0
DA:300,0
DA:301,0
DA:303,0
DA:304,0
DA:306,0
DA:307,0
DA:308,0
DA:309,0
DA:310,0
DA:311,0
DA:312,0
DA:313,0
DA:314,0
DA:315,0
DA:316,0
DA:317,0
DA:319,20
DA:320,0
DA:321,0
DA:323,0
DA:324,0
DA:325,0
DA:326,0
DA:327,0
DA:328,0
DA:329,0
DA:330,0
DA:331,0
DA:332,0
DA:334,0
DA:335,0
DA:337,0
DA:338,0
DA:339,0
DA:340,0
DA:341,0
DA:342,0
DA:343,0
DA:344,0
DA:345,0
DA:346,0
DA:347,0
DA:348,0
DA:349,0
DA:351,20
DA:352,20
DA:353,20
DA:354,20
DA:355,20
DA:356,20
DA:357,20
DA:358,1
DA:359,1
DA:360,0
DA:361,0
DA:362,1
DA:363,20
DA:364,20
DA:365,20
DA:366,20
DA:367,20
DA:368,20
DA:369,20
DA:370,20
DA:371,20
DA:372,20
DA:373,20
DA:374,20
DA:375,20
DA:376,20
DA:377,20
DA:378,20
DA:379,20
DA:380,20
DA:381,20
DA:382,20
DA:383,20
DA:384,0
DA:385,0
DA:386,0
DA:387,0
DA:388,0
DA:390,20
DA:392,20
LF:335
LH:194
BRDA:16,0,0,20
BRDA:155,1,0,0
BRDA:189,2,0,0
BRDA:192,3,0,0
BRDA:198,4,0,0
BRDA:216,5,0,0
BRDA:225,6,0,0
BRDA:241,7,0,0
BRDA:244,8,0,0
BRDA:255,9,0,0
BRDA:258,10,0,0
BRDA:261,11,0,0
BRDA:293,12,0,0
BRDA:319,13,0,0
BRDA:364,14,0,0
BRDA:367,15,0,0
BRDA:383,16,0,0
BRDA:49,17,0,6
BRDA:50,18,0,6
BRDA:53,19,0,0
BRDA:58,20,0,0
BRDA:74,21,0,1
BRDA:79,22,0,0
BRDA:83,23,0,0
BRDA:87,24,0,0
BRDA:91,25,0,0
BRDA:95,26,0,0
BRDA:119,27,0,0
BRDA:127,28,0,0
BRDA:132,29,0,1
BRDA:149,30,0,6
BRDA:150,31,0,0
BRDA:182,32,0,1
BRDA:184,33,0,0
BRDA:184,34,0,0
BRDA:208,35,0,1
BRDA:211,36,0,0
BRDA:211,37,0,0
BRDA:209,38,0,1
BRDA:219,39,0,20
BRDA:234,40,0,1
BRDA:236,41,0,0
BRDA:236,42,0,0
BRDA:357,43,0,1
BRDA:359,44,0,0
BRDA:359,45,0,0
BRF:46
BRH:12
end_of_record
TN:
SF:src\components\events\eventCard.tsx
FN:47,ConfirmationBox
FN:87,DetailsBox
FN:130,EventCard
FN:139,handleDone
FN:149,onConfirm
FN:171,onCancel
FN:179,showDetails
FN:191,onClose
FNF:8
FNH:7
FNDA:2,ConfirmationBox
FNDA:1,DetailsBox
FNDA:8,EventCard
FNDA:2,handleDone
FNDA:1,onConfirm
FNDA:1,onCancel
FNDA:1,showDetails
FNDA:0,onClose
DA:3,1
DA:47,2
DA:48,2
DA:49,2
DA:50,2
DA:51,2
DA:52,2
DA:53,2
DA:54,2
DA:56,2
DA:57,2
DA:58,2
DA:59,2
DA:60,2
DA:62,2
DA:63,2
DA:64,2
DA:65,2
DA:66,2
DA:68,2
DA:69,2
DA:71,2
DA:72,2
DA:73,2
DA:74,2
DA:75,2
DA:76,2
DA:77,2
DA:79,2
DA:80,2
DA:81,2
DA:82,2
DA:83,2
DA:85,2
DA:87,1
DA:88,1
DA:90,1
DA:91,1
DA:92,1
DA:93,1
DA:94,1
DA:96,1
DA:97,1
DA:98,1
DA:99,1
DA:100,1
DA:101,1
DA:102,1
DA:103,1
DA:104,1
DA:105,1
DA:106,1
DA:107,1
DA:108,1
DA:109,1
DA:110,1
DA:111,1
DA:112,1
DA:114,1
DA:115,1
DA:116,1
DA:117,1
DA:118,1
DA:119,1
DA:120,1
DA:122,1
DA:123,1
DA:124,1
DA:125,1
DA:126,1
DA:128,1
DA:130,8
DA:131,8
DA:133,8
DA:134,8
DA:135,8
DA:136,8
DA:137,8
DA:139,8
DA:140,2
DA:142,2
DA:143,2
DA:145,2
DA:146,2
DA:147,2
DA:148,2
DA:149,2
DA:150,1
DA:151,1
DA:153,1
DA:154,1
DA:155,1
DA:156,1
DA:157,1
DA:158,1
DA:159,1
DA:160,1
DA:161,1
DA:162,0
DA:163,0
DA:164,1
DA:165,1
DA:166,1
DA:167,1
DA:168,0
DA:169,0
DA:170,1
DA:171,2
DA:172,1
DA:173,1
DA:174,1
DA:175,2
DA:176,2
DA:177,2
DA:179,8
DA:180,1
DA:181,1
DA:183,1
DA:184,1
DA:185,1
DA:186,1
DA:187,1
DA:188,1
DA:189,1
DA:190,1
DA:191,1
DA:192,0
DA:193,0
DA:194,0
DA:195,1
DA:196,1
DA:197,1
DA:199,8
DA:200,8
DA:201,8
DA:202,8
DA:203,8
DA:205,8
DA:206,8
DA:207,8
DA:208,8
DA:209,8
DA:210,8
DA:211,8
DA:212,8
DA:213,8
DA:214,8
DA:215,8
DA:216,8
DA:217,8
DA:219,8
LF:151
LH:144
BRDA:47,0,0,2
BRDA:87,1,0,1
BRDA:106,2,0,1
BRDA:130,3,0,8
BRDA:139,4,0,2
BRDA:149,5,0,1
BRDA:161,6,0,0
BRDA:167,7,0,0
BRDA:171,8,0,1
BRDA:179,9,0,1
BRF:10
BRH:8
end_of_record
TN:
SF:src\components\events\eventDatePicker.tsx
FN:11,EventDatePicker
FNF:1
FNH:1
FNDA:14,EventDatePicker
DA:2,1
DA:3,1
DA:4,1
DA:11,14
DA:12,14
DA:14,14
DA:15,7
DA:16,7
DA:17,7
DA:18,14
DA:20,14
DA:21,14
DA:22,14
DA:23,14
DA:24,14
DA:25,14
DA:26,14
DA:27,14
DA:29,14
LF:19
LH:19
BRDA:11,0,0,14
BRDA:14,1,0,7
BRF:2
BRH:2
end_of_record
TN:
SF:src\components\events\eventList.tsx
FN:38,EventList
FNF:1
FNH:1
FNDA:12,EventList
DA:2,1
DA:3,1
DA:4,1
DA:5,1
DA:38,12
DA:39,12
DA:40,12
DA:42,12
DA:43,12
DA:44,11
DA:45,11
DA:46,12
DA:48,12
DA:49,12
DA:50,12
DA:51,12
DA:52,12
DA:53,12
DA:54,4
DA:55,8
DA:56,1
DA:57,7
DA:58,2
DA:60,5
DA:62,12
DA:63,12
DA:64,0
DA:65,0
DA:66,0
DA:68,12
DA:70,12
LF:31
LH:28
BRDA:38,0,0,12
BRDA:40,1,0,0
BRDA:53,2,0,4
BRDA:54,3,0,8
BRDA:55,4,0,1
BRDA:56,5,0,7
BRDA:57,6,0,2
BRDA:58,7,0,5
BRDA:63,8,0,0
BRDA:42,9,0,12
BRDA:43,10,0,11
BRDA:58,11,0,4
BRF:12
BRH:10
end_of_record
TN:
SF:src\components\generalUI\calendar.tsx
FN:23,Calendar
FN:36,handleDateClick
FN:49,onClick
FN:56,onClick
FN:73,onClick
FNF:5
FNH:3
FNDA:14,Calendar
FNDA:1,handleDateClick
FNDA:0,onClick
FNDA:0,onClick
FNDA:1,onClick
DA:2,1
DA:3,1
DA:23,14
DA:24,14
DA:25,14
DA:26,14
DA:28,14
DA:29,14
DA:30,14
DA:31,14
DA:32,14
DA:34,14
DA:36,14
DA:37,1
DA:38,1
DA:39,1
DA:40,1
DA:41,1
DA:42,1
DA:43,1
DA:45,14
DA:46,14
DA:47,14
DA:48,14
DA:49,14
DA:50,14
DA:52,14
DA:53,14
DA:54,14
DA:55,14
DA:56,14
DA:57,14
DA:59,14
DA:60,14
DA:61,14
DA:62,14
DA:63,14
DA:64,98
DA:65,98
DA:66,98
DA:67,14
DA:68,14
DA:69,14
DA:70,14
DA:71,490
DA:72,490
DA:73,490
DA:74,490
DA:75,490
DA:76,490
DA:77,490
DA:78,490
DA:80,490
DA:81,490
DA:82,14
DA:83,14
DA:84,14
DA:86,14
LF:58
LH:58
BRDA:23,0,0,14
BRDA:36,1,0,1
BRDA:37,2,0,0
BRDA:63,3,0,98
BRDA:70,4,0,490
BRDA:75,5,0,14
BRDA:75,6,0,476
BRDA:76,7,0,476
BRDA:76,8,0,14
BRDA:77,9,0,56
BRDA:77,10,0,434
BRDA:77,11,0,420
BRDA:77,12,0,14
BRDA:78,13,0,14
BRDA:78,14,0,476
BRDA:73,15,0,1
BRF:16
BRH:15
end_of_record
TN:
SF:src\components\generalUI\card.tsx
FN:52,Card
FN:70,fetchData
FN:116,getItemLink
FN:131,last3DataRecords
FNF:4
FNH:4
FNDA:27,Card
FNDA:13,fetchData
FNDA:12,getItemLink
FNDA:27,last3DataRecords
DA:2,1
DA:3,1
DA:4,1
DA:5,1
DA:7,1
DA:8,1
DA:9,1
DA:10,1
DA:11,1
DA:52,1
DA:53,27
DA:54,27
DA:55,27
DA:56,27
DA:57,27
DA:58,27
DA:64,27
DA:65,27
DA:66,27
DA:67,27
DA:69,27
DA:70,13
DA:71,13
DA:72,13
DA:73,13
DA:74,13
DA:75,13
DA:76,13
DA:77,13
DA:78,9
DA:79,9
DA:80,13
DA:81,2
DA:82,2
DA:83,13
DA:84,1
DA:85,1
DA:86,13
DA:87,1
DA:88,1
DA:89,13
DA:90,13
DA:91,13
DA:92,0
DA:93,0
DA:94,7
DA:95,7
DA:96,13
DA:97,4
DA:98,13
DA:99,1
DA:100,3
DA:101,1
DA:102,1
DA:103,1
DA:104,1
DA:105,7
DA:106,13
DA:107,6
DA:108,6
DA:109,13
DA:110,13
DA:111,13
DA:112,13
DA:113,13
DA:114,27
DA:116,27
DA:117,12
DA:118,12
DA:119,6
DA:120,12
DA:121,2
DA:122,12
DA:123,2
DA:124,12
DA:125,2
DA:126,12
DA:127,0
DA:128,12
DA:129,12
DA:131,27
DA:132,27
DA:133,27
DA:134,13
DA:135,13
DA:137,13
DA:138,27
DA:139,7
DA:140,7
DA:142,7
DA:144,7
DA:145,27
DA:146,1
DA:147,1
DA:149,1
DA:151,1
DA:152,6
DA:153,27
DA:154,4
DA:155,8
DA:156,8
DA:157,8
DA:158,8
DA:160,8
DA:161,8
DA:162,8
DA:163,8
DA:164,8
DA:165,8
DA:166,8
DA:167,8
DA:168,8
DA:169,4
DA:170,27
DA:171,1
DA:172,2
DA:173,2
DA:174,2
DA:175,2
DA:176,2
DA:177,2
DA:179,2
DA:180,2
DA:181,2
DA:182,2
DA:183,2
DA:184,2
DA:185,2
DA:186,2
DA:187,2
DA:189,1
DA:190,1
DA:191,1
DA:192,2
DA:193,2
DA:194,2
DA:195,2
DA:196,2
DA:197,2
DA:199,2
DA:200,2
DA:201,2
DA:202,2
DA:203,2
DA:204,2
DA:205,2
DA:206,1
DA:207,1
DA:208,1
DA:209,1
DA:210,1
DA:211,1
DA:212,1
DA:213,1
DA:214,1
DA:215,2
DA:216,2
DA:217,2
DA:218,2
DA:220,1
DA:221,1
DA:222,27
DA:224,27
DA:225,27
DA:226,27
DA:227,27
DA:228,27
DA:229,27
DA:230,27
DA:231,27
DA:232,27
DA:233,27
DA:235,27
LF:173
LH:170
BRDA:7,0,0,1
BRDA:52,1,0,27
BRDA:69,2,0,13
BRDA:70,3,0,13
BRDA:77,4,0,9
BRDA:80,5,0,2
BRDA:83,6,0,1
BRDA:86,7,0,1
BRDA:90,8,0,12
BRDA:91,9,0,0
BRDA:93,10,0,7
BRDA:96,11,0,4
BRDA:96,12,0,4
BRDA:98,13,0,3
BRDA:98,14,0,1
BRDA:98,15,0,1
BRDA:100,16,0,2
BRDA:100,17,0,1
BRDA:100,18,0,1
BRDA:104,19,0,7
BRDA:106,20,0,6
BRDA:116,21,0,12
BRDA:118,22,0,6
BRDA:120,23,0,2
BRDA:122,24,0,2
BRDA:124,25,0,2
BRDA:126,26,0,0
BRDA:131,27,0,27
BRDA:133,28,0,13
BRDA:137,29,0,14
BRDA:138,30,0,7
BRDA:145,31,0,1
BRDA:151,32,0,6
BRDA:153,33,0,3
BRDA:153,34,0,4
BRDA:170,35,0,2
BRDA:170,36,0,1
BRDA:154,37,0,8
BRDA:171,38,0,2
BRDA:183,39,0,0
BRDA:191,40,0,2
BRDA:205,41,0,1
BRDA:213,42,0,1
BRF:43
BRH:40
end_of_record
TN:
SF:src\components\generalUI\confirmation.tsx
FN:1,ConfirmationBox
FNF:1
FNH:1
FNDA:4,ConfirmationBox
DA:1,4
DA:2,4
DA:3,4
DA:4,4
DA:5,4
DA:9,4
DA:10,4
DA:11,4
DA:12,4
DA:13,4
DA:14,4
DA:15,4
DA:16,4
DA:17,4
DA:18,4
DA:20,4
DA:21,4
DA:23,4
DA:24,4
DA:25,4
DA:26,4
DA:28,4
LF:22
LH:22
BRDA:1,0,0,4
BRF:1
BRH:1
end_of_record
TN:
SF:src\components\generalUI\datePicker.tsx
FN:11,DatePicker
FN:19,onChange
FN:32,onClick
FN:48,onClick
FNF:4
FNH:4
FNDA:10,DatePicker
FNDA:2,onChange
FNDA:3,onClick
FNDA:1,onClick
DA:2,1
DA:3,1
DA:11,10
DA:12,10
DA:13,10
DA:15,10
DA:16,10
DA:17,10
DA:18,10
DA:19,10
DA:20,2
DA:21,2
DA:22,10
DA:23,10
DA:24,10
DA:25,2
DA:26,8
DA:27,4
DA:28,4
DA:29,10
DA:30,10
DA:31,10
DA:32,10
DA:33,3
DA:34,1
DA:35,1
DA:36,3
DA:37,1
DA:38,1
DA:39,1
DA:40,1
DA:41,1
DA:42,3
DA:43,10
DA:44,10
DA:46,10
DA:47,10
DA:48,10
DA:49,1
DA:50,1
DA:51,10
DA:52,10
DA:54,10
DA:55,10
DA:56,10
DA:57,10
DA:58,10
DA:60,10
LF:48
LH:48
BRDA:11,0,0,10
BRDA:24,1,0,2
BRDA:25,2,0,8
BRDA:26,3,0,4
BRDA:27,4,0,4
BRDA:56,5,0,1
BRDA:19,6,0,2
BRDA:32,7,0,3
BRDA:33,8,0,1
BRDA:36,9,0,2
BRDA:36,10,0,1
BRDA:48,11,0,1
BRF:12
BRH:12
end_of_record
TN:
SF:src\components\generalUI\footer.tsx
FN:4,Footer
FNF:1
FNH:1
FNDA:1,Footer
DA:1,1
DA:2,1
DA:4,1
DA:5,1
DA:6,1
DA:7,1
DA:8,1
DA:9,1
DA:10,1
DA:11,1
DA:12,1
DA:13,1
DA:14,1
DA:16,1
LF:14
LH:14
BRDA:4,0,0,1
BRF:1
BRH:1
end_of_record
TN:
SF:src\components\generalUI\header.tsx
FN:1,(empty-report)
FNF:1
FNH:1
FNDA:1,(empty-report)
DA:3,0
DA:5,0
DA:6,0
DA:7,0
DA:9,0
DA:10,0
DA:12,0
DA:13,0
DA:14,0
DA:15,0
DA:16,0
DA:17,0
DA:18,0
DA:19,0
DA:21,0
DA:22,0
DA:23,0
DA:24,0
DA:25,0
DA:26,0
DA:27,0
DA:28,0
DA:30,0
DA:31,0
DA:32,0
DA:33,0
DA:34,0
DA:35,0
DA:37,0
DA:38,0
DA:39,0
DA:40,0
DA:41,0
DA:42,0
DA:43,0
DA:44,0
DA:45,0
DA:46,0
DA:47,0
DA:48,0
DA:49,0
DA:50,0
DA:51,0
DA:52,0
DA:54,0
DA:55,0
DA:57,0
DA:59,0
DA:60,0
DA:62,0
DA:63,0
DA:64,0
DA:65,0
DA:66,0
DA:67,0
DA:68,0
DA:69,0
DA:71,0
DA:73,0
DA:74,0
DA:75,0
DA:76,0
DA:77,0
DA:78,0
DA:81,0
DA:82,0
DA:83,0
DA:84,0
DA:85,0
DA:86,0
DA:87,0
DA:89,0
DA:91,0
DA:92,0
DA:93,0
DA:94,0
DA:95,0
DA:96,0
DA:97,0
DA:98,0
DA:99,0
DA:100,0
DA:101,0
DA:103,0
LF:84
LH:0
BRDA:1,0,0,1
BRF:1
BRH:1
end_of_record
TN:
SF:src\components\generalUI\logoutButton.tsx
FN:4,LogoutButton
FN:9,onClick
FNF:2
FNH:2
FNDA:3,LogoutButton
FNDA:1,onClick
DA:2,1
DA:4,3
DA:5,3
DA:7,3
DA:8,3
DA:9,3
DA:10,3
DA:11,3
DA:12,3
DA:14,3
DA:15,3
DA:16,3
DA:17,3
DA:18,3
DA:19,3
DA:20,3
DA:21,3
DA:22,3
DA:23,3
DA:24,3
DA:26,3
DA:27,3
DA:28,3
DA:29,3
DA:30,3
DA:31,3
DA:32,3
DA:33,3
DA:34,3
DA:35,3
DA:36,3
DA:38,3
LF:32
LH:32
BRDA:4,0,0,3
BRDA:9,1,0,1
BRF:2
BRH:2
end_of_record
TN:
SF:src\components\generalUI\messageLink.tsx
FN:1,(empty-report)
FNF:1
FNH:1
FNDA:1,(empty-report)
DA:2,0
DA:3,0
DA:4,0
DA:6,0
DA:7,0
DA:8,0
DA:9,0
DA:10,0
DA:11,0
DA:12,0
DA:13,0
DA:15,0
DA:16,0
DA:17,0
DA:19,0
DA:21,0
LF:16
LH:0
BRDA:1,0,0,1
BRF:1
BRH:1
end_of_record
TN:
SF:src\components\generalUI\pagination.tsx
FN:12,Pagination
FN:16,url
FN:31,addEllipsis
FN:54,onClick
FNF:4
FNH:2
FNDA:2,Pagination
FNDA:4,url
FNDA:0,addEllipsis
FNDA:0,onClick
DA:2,1
DA:3,1
DA:4,1
DA:5,1
DA:12,2
DA:13,2
DA:14,2
DA:16,2
DA:17,4
DA:18,4
DA:19,4
DA:20,4
DA:21,2
DA:22,2
DA:23,2
DA:24,2
DA:25,2
DA:26,2
DA:27,2
DA:28,2
DA:29,2
DA:30,2
DA:31,2
DA:32,0
DA:33,0
DA:35,0
DA:36,0
DA:38,2
DA:39,4
DA:40,4
DA:41,2
DA:42,0
DA:43,0
DA:44,0
DA:45,4
DA:46,4
DA:47,4
DA:48,4
DA:49,4
DA:50,4
DA:51,4
DA:52,4
DA:53,4
DA:54,4
DA:56,4
DA:57,4
DA:58,4
DA:59,4
DA:60,0
DA:61,0
DA:62,0
DA:63,0
DA:64,0
DA:65,4
DA:67,4
DA:68,2
DA:69,2
DA:70,2
DA:71,2
DA:72,2
DA:73,2
DA:75,2
LF:62
LH:50
BRDA:12,0,0,2
BRDA:16,1,0,4
BRDA:22,2,0,2
BRDA:23,3,0,0
BRDA:24,4,0,0
BRDA:29,5,0,2
BRDA:38,6,0,4
BRDA:40,7,0,2
BRDA:41,8,0,0
BRDA:42,9,0,0
BRDA:43,10,0,0
BRDA:52,11,0,2
BRDA:52,12,0,2
BRDA:59,13,0,0
BRF:14
BRH:8
end_of_record
TN:
SF:src\components\generalUI\profilePicture.tsx
FN:1,(empty-report)
FNF:1
FNH:1
FNDA:1,(empty-report)
DA:3,0
DA:4,0
DA:13,0
DA:14,0
DA:15,0
DA:16,0
DA:17,0
DA:18,0
DA:20,0
DA:21,0
DA:22,0
DA:23,0
DA:25,0
DA:26,0
DA:27,0
DA:28,0
DA:29,0
DA:31,0
DA:32,0
DA:33,0
DA:34,0
DA:35,0
DA:36,0
DA:37,0
DA:38,0
DA:39,0
DA:40,0
DA:41,0
DA:42,0
DA:43,0
DA:44,0
DA:45,0
DA:46,0
DA:47,0
DA:48,0
DA:49,0
DA:51,0
DA:52,0
DA:54,0
DA:55,0
DA:56,0
DA:57,0
DA:58,0
DA:59,0
DA:61,0
DA:62,0
DA:63,0
DA:64,0
DA:65,0
DA:66,0
DA:67,0
DA:69,0
DA:71,0
LF:53
LH:0
BRDA:1,0,0,1
BRF:1
BRH:1
end_of_record
TN:
SF:src\components\shoppingList\shoppingListHandler.tsx
FN:29,ShoppingListHandler
FN:45,fetchTotalItems
FN:63,fetchData
FN:85,handleDelete
FN:100,renderContent
FN:119,handleDelete
FNF:6
FNH:4
FNDA:40,ShoppingListHandler
FNDA:16,fetchTotalItems
FNDA:16,fetchData
FNDA:0,handleDelete
FNDA:40,renderContent
FNDA:0,handleDelete
DA:2,1
DA:3,1
DA:4,1
DA:5,1
DA:29,40
DA:30,40
DA:31,40
DA:32,40
DA:34,40
DA:35,40
DA:36,40
DA:38,40
DA:39,38
DA:40,29
DA:41,29
DA:42,40
DA:44,40
DA:45,16
DA:46,16
DA:47,16
DA:48,16
DA:49,16
DA:50,16
DA:51,16
DA:52,0
DA:53,0
DA:54,16
DA:55,0
DA:56,0
DA:57,16
DA:59,16
DA:60,40
DA:62,40
DA:63,16
DA:64,16
DA:65,16
DA:66,16
DA:67,16
DA:68,16
DA:69,16
DA:70,16
DA:71,16
DA:72,16
DA:73,0
DA:74,0
DA:75,16
DA:76,0
DA:77,16
DA:78,16
DA:79,16
DA:80,16
DA:82,16
DA:83,40
DA:85,40
DA:86,0
DA:87,0
DA:88,0
DA:89,0
DA:90,0
DA:91,0
DA:92,0
DA:93,0
DA:94,0
DA:95,0
DA:96,0
DA:97,0
DA:98,0
DA:100,40
DA:101,40
DA:102,24
DA:103,24
DA:104,24
DA:105,24
DA:107,24
DA:109,40
DA:110,1
DA:111,1
DA:112,1
DA:113,1
DA:115,1
DA:117,15
DA:118,48
DA:119,48
DA:120,48
DA:121,48
DA:122,15
DA:123,40
DA:125,40
DA:126,40
DA:127,40
DA:128,40
DA:130,40
DA:131,40
DA:132,40
DA:133,40
DA:134,40
DA:135,1
DA:136,1
DA:137,1
DA:139,40
DA:141,40
LF:101
LH:81
BRDA:29,0,0,40
BRDA:36,1,0,0
BRDA:134,2,0,1
BRDA:38,3,0,38
BRDA:39,4,0,29
BRDA:44,5,0,16
BRDA:45,6,0,16
BRDA:51,7,0,0
BRDA:54,8,0,0
BRDA:62,9,0,16
BRDA:63,10,0,16
BRDA:72,11,0,0
BRDA:75,12,0,0
BRDA:100,13,0,40
BRDA:101,14,0,24
BRDA:107,15,0,16
BRDA:109,16,0,1
BRDA:115,17,0,15
BRDA:117,18,0,48
BRF:19
BRH:14
end_of_record
TN:
SF:src\components\shoppingList\shoppingListItem.tsx
FN:23,DetailsBox
FN:48,ShoppingListItem
FN:61,fetchData
FN:91,toggleBoughtStatus
FN:127,onClick
FN:132,onClick
FN:139,onClick
FN:162,onClick
FN:167,onClick
FN:174,onClick
FN:192,onCancel
FN:193,onConfirm
FN:207,onClose
FN:208,onUnBought
FNF:14
FNH:10
FNDA:2,DetailsBox
FNDA:73,ShoppingListItem
FNDA:35,fetchData
FNDA:2,toggleBoughtStatus
FNDA:1,onClick
FNDA:2,onClick
FNDA:1,onClick
FNDA:0,onClick
FNDA:0,onClick
FNDA:0,onClick
FNDA:0,onCancel
FNDA:1,onConfirm
FNDA:1,onClose
FNDA:1,onUnBought
DA:3,1
DA:4,1
DA:5,1
DA:23,2
DA:24,2
DA:25,2
DA:26,2
DA:27,2
DA:28,2
DA:29,2
DA:30,2
DA:31,2
DA:32,2
DA:33,2
DA:34,2
DA:35,2
DA:36,2
DA:38,2
DA:39,2
DA:41,2
DA:42,2
DA:43,2
DA:44,2
DA:46,2
DA:48,73
DA:49,73
DA:50,73
DA:51,73
DA:58,73
DA:59,73
DA:61,73
DA:62,35
DA:63,35
DA:64,35
DA:65,35
DA:66,35
DA:67,35
DA:68,34
DA:75,34
DA:76,34
DA:77,35
DA:78,1
DA:79,1
DA:80,35
DA:81,0
DA:82,35
DA:83,35
DA:84,35
DA:85,35
DA:87,73
DA:88,33
DA:89,73
DA:91,73
DA:92,2
DA:93,2
DA:94,2
DA:95,2
DA:96,2
DA:97,2
DA:98,2
DA:99,2
DA:100,2
DA:101,2
DA:102,2
DA:103,2
DA:104,2
DA:105,0
DA:106,0
DA:107,2
DA:109,73
DA:110,73
DA:112,24
DA:114,24
DA:115,24
DA:116,24
DA:117,24
DA:118,24
DA:119,24
DA:120,73
DA:121,73
DA:122,73
DA:123,73
DA:124,73
DA:125,73
DA:126,14
DA:127,14
DA:128,14
DA:129,14
DA:131,10
DA:132,10
DA:133,10
DA:134,10
DA:136,10
DA:138,73
DA:139,73
DA:140,73
DA:141,73
DA:142,73
DA:143,73
DA:144,73
DA:145,73
DA:146,73
DA:147,73
DA:148,73
DA:149,73
DA:150,73
DA:151,73
DA:152,73
DA:153,73
DA:154,73
DA:155,73
DA:156,73
DA:157,73
DA:158,73
DA:159,73
DA:160,73
DA:161,14
DA:162,14
DA:163,14
DA:164,14
DA:166,10
DA:167,10
DA:168,10
DA:169,10
DA:171,10
DA:173,73
DA:174,73
DA:175,73
DA:176,73
DA:177,73
DA:178,73
DA:179,73
DA:180,73
DA:181,73
DA:182,73
DA:183,73
DA:184,73
DA:185,73
DA:186,73
DA:187,73
DA:189,73
DA:190,1
DA:191,1
DA:192,1
DA:193,1
DA:194,1
DA:195,1
DA:196,1
DA:197,1
DA:200,73
DA:201,2
DA:202,2
DA:203,2
DA:204,2
DA:205,2
DA:206,2
DA:207,2
DA:208,2
DA:209,2
DA:211,73
DA:213,73
LF:161
LH:158
BRDA:23,0,0,2
BRDA:31,1,0,0
BRDA:33,2,0,0
BRDA:48,3,0,73
BRDA:109,4,0,48
BRDA:109,5,0,25
BRDA:110,6,0,1
BRDA:110,7,0,24
BRDA:120,8,0,0
BRDA:125,9,0,14
BRDA:129,10,0,10
BRDA:153,11,0,24
BRDA:153,12,0,0
BRDA:160,13,0,14
BRDA:164,14,0,10
BRDA:189,15,0,1
BRDA:200,16,0,2
BRDA:206,17,0,0
BRDA:61,18,0,35
BRDA:67,19,0,34
BRDA:77,20,0,1
BRDA:80,21,0,0
BRDA:87,22,0,33
BRDA:91,23,0,2
BRDA:98,24,0,0
BRDA:104,25,0,0
BRDA:127,26,0,1
BRDA:132,27,0,2
BRDA:139,28,0,1
BRDA:193,29,0,1
BRDA:207,30,0,1
BRDA:208,31,0,1
BRF:32
BRH:24
end_of_record
TN:
SF:src\lib\socket.ts
FN:1,(empty-report)
FNF:1
FNH:0
FNDA:0,(empty-report)
DA:1,0
DA:2,0
DA:4,0
DA:5,0
DA:6,0
DA:7,0
DA:8,0
DA:9,0
DA:10,0
DA:12,0
DA:13,0
DA:15,0
DA:16,0
DA:17,0
DA:19,0
DA:20,0
DA:21,0
DA:23,0
DA:24,0
DA:25,0
DA:27,0
DA:28,0
DA:29,0
DA:31,0
DA:32,0
DA:33,0
DA:35,0
DA:36,0
DA:37,0
DA:39,0
DA:41,0
DA:42,0
DA:43,0
DA:44,0
DA:46,0
DA:47,0
DA:48,0
DA:49,0
DA:50,0
DA:51,0
DA:52,0
DA:53,0
DA:54,0
DA:55,0
DA:56,0
DA:57,0
DA:58,0
DA:59,0
DA:60,0
DA:61,0
DA:62,0
DA:63,0
DA:64,0
DA:65,0
DA:66,0
DA:67,0
DA:69,0
DA:70,0
DA:71,0
DA:72,0
DA:73,0
DA:74,0
DA:75,0
DA:77,0
DA:78,0
DA:79,0
DA:80,0
DA:81,0
DA:82,0
DA:83,0
DA:85,0
DA:86,0
LF:72
LH:0
BRDA:1,0,0,0
BRF:1
BRH:0
end_of_record
TN:
SF:src\lib\utils.ts
FN:1,(empty-report)
FNF:1
FNH:0
FNDA:0,(empty-report)
DA:1,0
DA:2,0
DA:4,0
DA:5,0
DA:6,0
LF:5
LH:0
BRDA:1,0,0,0
BRF:1
BRH:0
end_of_record
